Removed Parameter ComponentLink2Description:http://www.fpcap.jp/en/products/pdf/me-hs_hae.pdf?src-supplier=Element14 from Part C3
Removed Parameter ComponentLink2Description:http://www.fpcap.jp/en/products/pdf/me-hs_hae.pdf?src-supplier=Element14 from Part C4
Removed Parameter ComponentLink2URL:http://www.fpcap.jp/en/products/pdf/me-hs_hae.pdf?src-supplier=Element14 from Part C3
Removed Parameter ComponentLink2URL:http://www.fpcap.jp/en/products/pdf/me-hs_hae.pdf?src-supplier=Element14 from Part C4
Removed Parameter ComponentLink3Description:http://www.mouser.com/ds/2/293/2012fpcap_catalog_hsha-5758.pdf?src-supplier=Mouser from Part C3
Removed Parameter ComponentLink3Description:http://www.mouser.com/ds/2/293/2012fpcap_catalog_hsha-5758.pdf?src-supplier=Mouser from Part C4
Removed Parameter ComponentLink3URL:http://www.mouser.com/ds/2/293/2012fpcap_catalog_hsha-5758.pdf?src-supplier=Mouser from Part C3
Removed Parameter ComponentLink3URL:http://www.mouser.com/ds/2/293/2012fpcap_catalog_hsha-5758.pdf?src-supplier=Mouser from Part C4
Change Value of Parameter ComponentLink1Description in Part C3 Old=http://nichicon-us.com/english/products/pdfs/e-p_ref.pdf?src-supplier=Digi-Key New=Datasheet
Change Value of Parameter ComponentLink1URL in Part C3 Old=http://nichicon-us.com/english/products/pdfs/e-p_ref.pdf?src-supplier=Digi-Key New=https://eu.mouser.com/datasheet/2/293/e-rhs_rha-1513422.pdf
Change Value of Parameter ComponentLink1Description in Part C4 Old=http://nichicon-us.com/english/products/pdfs/e-p_ref.pdf?src-supplier=Digi-Key New=Datasheet
Change Value of Parameter ComponentLink1URL in Part C4 Old=http://nichicon-us.com/english/products/pdfs/e-p_ref.pdf?src-supplier=Digi-Key New=https://eu.mouser.com/datasheet/2/293/e-rhs_rha-1513422.pdf
Added Parameter ComponentLink1Description=Datasheet to Part C6
Added Parameter ComponentLink1Description=Datasheet to Part C7
Added Parameter ComponentLink1Description=Datasheet to Part C17
Added Parameter ComponentLink1Description=Datasheet to Part C18
Added Parameter ComponentLink1URL=https://eu.mouser.com/datasheet/2/293/e-pcv-884151.pdf to Part C6
Added Parameter ComponentLink1URL=https://eu.mouser.com/datasheet/2/293/e-pcv-884151.pdf to Part C7
Added Parameter ComponentLink1URL=https://eu.mouser.com/datasheet/2/293/e-pcv-884151.pdf to Part C17
Added Parameter ComponentLink1URL=https://eu.mouser.com/datasheet/2/293/e-pcv-884151.pdf to Part C18
Replace Symbol from C1 D222K25Y5PH63J5R in C:\Users\SasaI\Desktop\RMO V biljeske\RMO-V chopper board ver1-0\00-Chopper.SchDoc with D222K25Y5PH63J5R from RMOV_chopper.IntLib
Replace Symbol from C2 D222K25Y5PH63J5R in C:\Users\SasaI\Desktop\RMO V biljeske\RMO-V chopper board ver1-0\00-Chopper.SchDoc with D222K25Y5PH63J5R from RMOV_chopper.IntLib
Replace Symbol from C3 RHS1V101MCN1GS in C:\Users\SasaI\Desktop\RMO V biljeske\RMO-V chopper board ver1-0\00-Chopper.SchDoc with RHS1V101MCN1GS from RMOV_chopper.IntLib
Replace Symbol from C4 RHS1V101MCN1GS in C:\Users\SasaI\Desktop\RMO V biljeske\RMO-V chopper board ver1-0\00-Chopper.SchDoc with RHS1V101MCN1GS from RMOV_chopper.IntLib
Replace Symbol from C5 CL21B105KAFNNNG in C:\Users\SasaI\Desktop\RMO V biljeske\RMO-V chopper board ver1-0\00-Chopper.SchDoc with CL21B105KAFNNNG from RMOV_chopper.IntLib
Replace Symbol from C6 PCV1V560MCL1GS in C:\Users\SasaI\Desktop\RMO V biljeske\RMO-V chopper board ver1-0\00-Chopper.SchDoc with PCV1V560MCL1GS from RMOV_chopper.IntLib
Replace Symbol from C7 PCV1V560MCL1GS in C:\Users\SasaI\Desktop\RMO V biljeske\RMO-V chopper board ver1-0\00-Chopper.SchDoc with PCV1V560MCL1GS from RMOV_chopper.IntLib
Replace Symbol from C8 CL21B105KAFNNNG in C:\Users\SasaI\Desktop\RMO V biljeske\RMO-V chopper board ver1-0\00-Chopper.SchDoc with CL21B105KAFNNNG from RMOV_chopper.IntLib
Replace Symbol from C11 D222K25Y5PH63J5R in C:\Users\SasaI\Desktop\RMO V biljeske\RMO-V chopper board ver1-0\00-Chopper.SchDoc with D222K25Y5PH63J5R from RMOV_chopper.IntLib
Replace Symbol from C12 D222K25Y5PH63J5R in C:\Users\SasaI\Desktop\RMO V biljeske\RMO-V chopper board ver1-0\00-Chopper.SchDoc with D222K25Y5PH63J5R from RMOV_chopper.IntLib
Replace Symbol from C13 D222K25Y5PH63J5R in C:\Users\SasaI\Desktop\RMO V biljeske\RMO-V chopper board ver1-0\00-Chopper.SchDoc with D222K25Y5PH63J5R from RMOV_chopper.IntLib
Replace Symbol from C14 D222K25Y5PH63J5R in C:\Users\SasaI\Desktop\RMO V biljeske\RMO-V chopper board ver1-0\00-Chopper.SchDoc with D222K25Y5PH63J5R from RMOV_chopper.IntLib
Replace Symbol from C15 CL21B105KAFNNNG in C:\Users\SasaI\Desktop\RMO V biljeske\RMO-V chopper board ver1-0\00-Chopper.SchDoc with CL21B105KAFNNNG from RMOV_chopper.IntLib
Replace Symbol from C16 CL21B105KAFNNNG in C:\Users\SasaI\Desktop\RMO V biljeske\RMO-V chopper board ver1-0\00-Chopper.SchDoc with CL21B105KAFNNNG from RMOV_chopper.IntLib
Replace Symbol from C17 PCV1V560MCL1GS in C:\Users\SasaI\Desktop\RMO V biljeske\RMO-V chopper board ver1-0\00-Chopper.SchDoc with PCV1V560MCL1GS from RMOV_chopper.IntLib
Replace Symbol from C18 PCV1V560MCL1GS in C:\Users\SasaI\Desktop\RMO V biljeske\RMO-V chopper board ver1-0\00-Chopper.SchDoc with PCV1V560MCL1GS from RMOV_chopper.IntLib
Replace Symbol from C21 D222K25Y5PH63J5R in C:\Users\SasaI\Desktop\RMO V biljeske\RMO-V chopper board ver1-0\00-Chopper.SchDoc with D222K25Y5PH63J5R from RMOV_chopper.IntLib
Replace Symbol from C22 D222K25Y5PH63J5R in C:\Users\SasaI\Desktop\RMO V biljeske\RMO-V chopper board ver1-0\00-Chopper.SchDoc with D222K25Y5PH63J5R from RMOV_chopper.IntLib
Replace Symbol from D1 DB2441600L in C:\Users\SasaI\Desktop\RMO V biljeske\RMO-V chopper board ver1-0\00-Chopper.SchDoc with DB2441600L from RMOV_chopper.IntLib
Replace Symbol from D2 DB2441600L in C:\Users\SasaI\Desktop\RMO V biljeske\RMO-V chopper board ver1-0\00-Chopper.SchDoc with DB2441600L from RMOV_chopper.IntLib
Replace Symbol from D3 MMSZ5248B-7-F in C:\Users\SasaI\Desktop\RMO V biljeske\RMO-V chopper board ver1-0\00-Chopper.SchDoc with MMSZ5248B-7-F from RMOV_chopper.IntLib
Replace Symbol from D4 MMSZ5248B-7-F in C:\Users\SasaI\Desktop\RMO V biljeske\RMO-V chopper board ver1-0\00-Chopper.SchDoc with MMSZ5248B-7-F from RMOV_chopper.IntLib
Replace Symbol from D5 MMSZ5248B-7-F in C:\Users\SasaI\Desktop\RMO V biljeske\RMO-V chopper board ver1-0\00-Chopper.SchDoc with MMSZ5248B-7-F from RMOV_chopper.IntLib
Replace Symbol from D6 MMSZ5248B-7-F in C:\Users\SasaI\Desktop\RMO V biljeske\RMO-V chopper board ver1-0\00-Chopper.SchDoc with MMSZ5248B-7-F from RMOV_chopper.IntLib
Replace Symbol from D7 DB2441600L in C:\Users\SasaI\Desktop\RMO V biljeske\RMO-V chopper board ver1-0\00-Chopper.SchDoc with DB2441600L from RMOV_chopper.IntLib
Replace Symbol from D8 DB2441600L in C:\Users\SasaI\Desktop\RMO V biljeske\RMO-V chopper board ver1-0\00-Chopper.SchDoc with DB2441600L from RMOV_chopper.IntLib
Replace Symbol from D9 MMSZ5248B-7-F in C:\Users\SasaI\Desktop\RMO V biljeske\RMO-V chopper board ver1-0\00-Chopper.SchDoc with MMSZ5248B-7-F from RMOV_chopper.IntLib
Replace Symbol from D10 MMSZ5248B-7-F in C:\Users\SasaI\Desktop\RMO V biljeske\RMO-V chopper board ver1-0\00-Chopper.SchDoc with MMSZ5248B-7-F from RMOV_chopper.IntLib
Replace Symbol from D11 MMSZ5248B-7-F in C:\Users\SasaI\Desktop\RMO V biljeske\RMO-V chopper board ver1-0\00-Chopper.SchDoc with MMSZ5248B-7-F from RMOV_chopper.IntLib
Replace Symbol from D12 MMSZ5248B-7-F in C:\Users\SasaI\Desktop\RMO V biljeske\RMO-V chopper board ver1-0\00-Chopper.SchDoc with MMSZ5248B-7-F from RMOV_chopper.IntLib
Replace Symbol from D13 DB2441600L in C:\Users\SasaI\Desktop\RMO V biljeske\RMO-V chopper board ver1-0\00-Chopper.SchDoc with DB2441600L from RMOV_chopper.IntLib
Replace Symbol from D14 DB2441600L in C:\Users\SasaI\Desktop\RMO V biljeske\RMO-V chopper board ver1-0\00-Chopper.SchDoc with DB2441600L from RMOV_chopper.IntLib
Replace Symbol from D15 MMSZ5248B-7-F in C:\Users\SasaI\Desktop\RMO V biljeske\RMO-V chopper board ver1-0\00-Chopper.SchDoc with MMSZ5248B-7-F from RMOV_chopper.IntLib
Replace Symbol from D16 MMSZ5248B-7-F in C:\Users\SasaI\Desktop\RMO V biljeske\RMO-V chopper board ver1-0\00-Chopper.SchDoc with MMSZ5248B-7-F from RMOV_chopper.IntLib
Replace Symbol from D17 MMSZ5248B-7-F in C:\Users\SasaI\Desktop\RMO V biljeske\RMO-V chopper board ver1-0\00-Chopper.SchDoc with MMSZ5248B-7-F from RMOV_chopper.IntLib
Replace Symbol from D18 MMSZ5248B-7-F in C:\Users\SasaI\Desktop\RMO V biljeske\RMO-V chopper board ver1-0\00-Chopper.SchDoc with MMSZ5248B-7-F from RMOV_chopper.IntLib
Replace Symbol from D19 DB2441600L in C:\Users\SasaI\Desktop\RMO V biljeske\RMO-V chopper board ver1-0\00-Chopper.SchDoc with DB2441600L from RMOV_chopper.IntLib
Replace Symbol from D20 DB2441600L in C:\Users\SasaI\Desktop\RMO V biljeske\RMO-V chopper board ver1-0\00-Chopper.SchDoc with DB2441600L from RMOV_chopper.IntLib
Replace Symbol from D21 MMSZ5248B-7-F in C:\Users\SasaI\Desktop\RMO V biljeske\RMO-V chopper board ver1-0\00-Chopper.SchDoc with MMSZ5248B-7-F from RMOV_chopper.IntLib
Replace Symbol from D22 MMSZ5248B-7-F in C:\Users\SasaI\Desktop\RMO V biljeske\RMO-V chopper board ver1-0\00-Chopper.SchDoc with MMSZ5248B-7-F from RMOV_chopper.IntLib
Replace Symbol from D23 MMSZ5248B-7-F in C:\Users\SasaI\Desktop\RMO V biljeske\RMO-V chopper board ver1-0\00-Chopper.SchDoc with MMSZ5248B-7-F from RMOV_chopper.IntLib
Replace Symbol from D24 MMSZ5248B-7-F in C:\Users\SasaI\Desktop\RMO V biljeske\RMO-V chopper board ver1-0\00-Chopper.SchDoc with MMSZ5248B-7-F from RMOV_chopper.IntLib
Replace Symbol from L1 PQ2617BHA-4R7K in C:\Users\SasaI\Desktop\RMO V biljeske\RMO-V chopper board ver1-0\00-Chopper.SchDoc with PQ2617BHA-4R7K from RMOV_chopper.IntLib
Replace Symbol from L2 PQ2617BHA-4R7K in C:\Users\SasaI\Desktop\RMO V biljeske\RMO-V chopper board ver1-0\00-Chopper.SchDoc with PQ2617BHA-4R7K from RMOV_chopper.IntLib
Replace Symbol from Q1 AUIRLS3036-7TRL in C:\Users\SasaI\Desktop\RMO V biljeske\RMO-V chopper board ver1-0\00-Chopper.SchDoc with AUIRLS3036-7TRL from RMOV_chopper.IntLib
Replace Symbol from Q2 AUIRLS3036-7TRL in C:\Users\SasaI\Desktop\RMO V biljeske\RMO-V chopper board ver1-0\00-Chopper.SchDoc with AUIRLS3036-7TRL from RMOV_chopper.IntLib
Replace Symbol from Q3 AUIRLS3036-7TRL in C:\Users\SasaI\Desktop\RMO V biljeske\RMO-V chopper board ver1-0\00-Chopper.SchDoc with AUIRLS3036-7TRL from RMOV_chopper.IntLib
Replace Symbol from Q4 AUIRLS3036-7TRL in C:\Users\SasaI\Desktop\RMO V biljeske\RMO-V chopper board ver1-0\00-Chopper.SchDoc with AUIRLS3036-7TRL from RMOV_chopper.IntLib
Replace Symbol from Q5 AUIRLS3036-7TRL in C:\Users\SasaI\Desktop\RMO V biljeske\RMO-V chopper board ver1-0\00-Chopper.SchDoc with AUIRLS3036-7TRL from RMOV_chopper.IntLib
Replace Symbol from Q6 AUIRLS3036-7TRL in C:\Users\SasaI\Desktop\RMO V biljeske\RMO-V chopper board ver1-0\00-Chopper.SchDoc with AUIRLS3036-7TRL from RMOV_chopper.IntLib
Replace Symbol from Q7 AUIRLS3036-7TRL in C:\Users\SasaI\Desktop\RMO V biljeske\RMO-V chopper board ver1-0\00-Chopper.SchDoc with AUIRLS3036-7TRL from RMOV_chopper.IntLib
Replace Symbol from Q8 AUIRLS3036-7TRL in C:\Users\SasaI\Desktop\RMO V biljeske\RMO-V chopper board ver1-0\00-Chopper.SchDoc with AUIRLS3036-7TRL from RMOV_chopper.IntLib
Replace Symbol from R1 CRCW08051R00FKEA in C:\Users\SasaI\Desktop\RMO V biljeske\RMO-V chopper board ver1-0\00-Chopper.SchDoc with CRCW08051R00FKEA from RMOV_chopper.IntLib
Replace Symbol from R2 CRCW08051R00FKEA in C:\Users\SasaI\Desktop\RMO V biljeske\RMO-V chopper board ver1-0\00-Chopper.SchDoc with CRCW08051R00FKEA from RMOV_chopper.IntLib
Replace Symbol from R3 RC0805FR-0747RL in C:\Users\SasaI\Desktop\RMO V biljeske\RMO-V chopper board ver1-0\00-Chopper.SchDoc with RC0805FR-0747RL from RMOV_chopper.IntLib
Replace Symbol from R4 RC0805FR-0747RL in C:\Users\SasaI\Desktop\RMO V biljeske\RMO-V chopper board ver1-0\00-Chopper.SchDoc with RC0805FR-0747RL from RMOV_chopper.IntLib
Replace Symbol from R5 RC0805FR-072K2L in C:\Users\SasaI\Desktop\RMO V biljeske\RMO-V chopper board ver1-0\00-Chopper.SchDoc with RC0805FR-072K2L from RMOV_chopper.IntLib
Replace Symbol from R6 RC0805FR-072K2L in C:\Users\SasaI\Desktop\RMO V biljeske\RMO-V chopper board ver1-0\00-Chopper.SchDoc with RC0805FR-072K2L from RMOV_chopper.IntLib
Replace Symbol from R7 CR2512-J/-1R0ELF in C:\Users\SasaI\Desktop\RMO V biljeske\RMO-V chopper board ver1-0\00-Chopper.SchDoc with CR2512-J/-1R0ELF from RMOV_chopper.IntLib
Replace Symbol from R8 CR2512-J/-1R0ELF in C:\Users\SasaI\Desktop\RMO V biljeske\RMO-V chopper board ver1-0\00-Chopper.SchDoc with CR2512-J/-1R0ELF from RMOV_chopper.IntLib
Replace Symbol from R9 CRCW08051R00FKEA in C:\Users\SasaI\Desktop\RMO V biljeske\RMO-V chopper board ver1-0\00-Chopper.SchDoc with CRCW08051R00FKEA from RMOV_chopper.IntLib
Replace Symbol from R10 CRCW08051R00FKEA in C:\Users\SasaI\Desktop\RMO V biljeske\RMO-V chopper board ver1-0\00-Chopper.SchDoc with CRCW08051R00FKEA from RMOV_chopper.IntLib
Replace Symbol from R11 CRCW08051K50FKEA in C:\Users\SasaI\Desktop\RMO V biljeske\RMO-V chopper board ver1-0\00-Chopper.SchDoc with CRCW08051K50FKEA from RMOV_chopper.IntLib
Replace Symbol from R12 CRCW080524R0FKEA in C:\Users\SasaI\Desktop\RMO V biljeske\RMO-V chopper board ver1-0\00-Chopper.SchDoc with CRCW080524R0FKEA from RMOV_chopper.IntLib
Replace Symbol from R13 CRCW080524R0FKEA in C:\Users\SasaI\Desktop\RMO V biljeske\RMO-V chopper board ver1-0\00-Chopper.SchDoc with CRCW080524R0FKEA from RMOV_chopper.IntLib
Replace Symbol from R14 RC0805FR-072K2L in C:\Users\SasaI\Desktop\RMO V biljeske\RMO-V chopper board ver1-0\00-Chopper.SchDoc with RC0805FR-072K2L from RMOV_chopper.IntLib
Replace Symbol from R15 CR2512-J/-1R0ELF in C:\Users\SasaI\Desktop\RMO V biljeske\RMO-V chopper board ver1-0\00-Chopper.SchDoc with CR2512-J/-1R0ELF from RMOV_chopper.IntLib
Replace Symbol from R16 RC0805FR-072K2L in C:\Users\SasaI\Desktop\RMO V biljeske\RMO-V chopper board ver1-0\00-Chopper.SchDoc with RC0805FR-072K2L from RMOV_chopper.IntLib
Replace Symbol from R17 CR2512-J/-1R0ELF in C:\Users\SasaI\Desktop\RMO V biljeske\RMO-V chopper board ver1-0\00-Chopper.SchDoc with CR2512-J/-1R0ELF from RMOV_chopper.IntLib
Replace Symbol from R18 RC0805FR-072K2L in C:\Users\SasaI\Desktop\RMO V biljeske\RMO-V chopper board ver1-0\00-Chopper.SchDoc with RC0805FR-072K2L from RMOV_chopper.IntLib
Replace Symbol from R19 RC0805FR-070RL in C:\Users\SasaI\Desktop\RMO V biljeske\RMO-V chopper board ver1-0\00-Chopper.SchDoc with RC0805FR-070RL from RMOV_chopper.IntLib
Replace Symbol from R20 CRCW08051R00FKEA in C:\Users\SasaI\Desktop\RMO V biljeske\RMO-V chopper board ver1-0\00-Chopper.SchDoc with CRCW08051R00FKEA from RMOV_chopper.IntLib
Replace Symbol from R21 CRCW08051R00FKEA in C:\Users\SasaI\Desktop\RMO V biljeske\RMO-V chopper board ver1-0\00-Chopper.SchDoc with CRCW08051R00FKEA from RMOV_chopper.IntLib
Replace Symbol from R22 RC0805FR-0747RL in C:\Users\SasaI\Desktop\RMO V biljeske\RMO-V chopper board ver1-0\00-Chopper.SchDoc with RC0805FR-0747RL from RMOV_chopper.IntLib
Replace Symbol from R23 RC0805FR-0747RL in C:\Users\SasaI\Desktop\RMO V biljeske\RMO-V chopper board ver1-0\00-Chopper.SchDoc with RC0805FR-0747RL from RMOV_chopper.IntLib
Replace Symbol from R24 RC0805FR-072K2L in C:\Users\SasaI\Desktop\RMO V biljeske\RMO-V chopper board ver1-0\00-Chopper.SchDoc with RC0805FR-072K2L from RMOV_chopper.IntLib
Replace Symbol from R25 RC0805FR-072K2L in C:\Users\SasaI\Desktop\RMO V biljeske\RMO-V chopper board ver1-0\00-Chopper.SchDoc with RC0805FR-072K2L from RMOV_chopper.IntLib
Replace Symbol from R26 CRCW08051K50FKEA in C:\Users\SasaI\Desktop\RMO V biljeske\RMO-V chopper board ver1-0\00-Chopper.SchDoc with CRCW08051K50FKEA from RMOV_chopper.IntLib
Replace Symbol from R27 CR2512-J/-1R0ELF in C:\Users\SasaI\Desktop\RMO V biljeske\RMO-V chopper board ver1-0\00-Chopper.SchDoc with CR2512-J/-1R0ELF from RMOV_chopper.IntLib
Replace Symbol from R28 CR2512-J/-1R0ELF in C:\Users\SasaI\Desktop\RMO V biljeske\RMO-V chopper board ver1-0\00-Chopper.SchDoc with CR2512-J/-1R0ELF from RMOV_chopper.IntLib
Replace Symbol from R29 RC0805FR-072K2L in C:\Users\SasaI\Desktop\RMO V biljeske\RMO-V chopper board ver1-0\00-Chopper.SchDoc with RC0805FR-072K2L from RMOV_chopper.IntLib
Replace Symbol from R30 RC0805FR-070RL in C:\Users\SasaI\Desktop\RMO V biljeske\RMO-V chopper board ver1-0\00-Chopper.SchDoc with RC0805FR-070RL from RMOV_chopper.IntLib
Replace Symbol from R31 CRCW08051R00FKEA in C:\Users\SasaI\Desktop\RMO V biljeske\RMO-V chopper board ver1-0\00-Chopper.SchDoc with CRCW08051R00FKEA from RMOV_chopper.IntLib
Replace Symbol from R32 CRCW08051R00FKEA in C:\Users\SasaI\Desktop\RMO V biljeske\RMO-V chopper board ver1-0\00-Chopper.SchDoc with CRCW08051R00FKEA from RMOV_chopper.IntLib
Replace Symbol from R33 CRCW080524R0FKEA in C:\Users\SasaI\Desktop\RMO V biljeske\RMO-V chopper board ver1-0\00-Chopper.SchDoc with CRCW080524R0FKEA from RMOV_chopper.IntLib
Replace Symbol from R34 CRCW080524R0FKEA in C:\Users\SasaI\Desktop\RMO V biljeske\RMO-V chopper board ver1-0\00-Chopper.SchDoc with CRCW080524R0FKEA from RMOV_chopper.IntLib
Replace Symbol from R35 RC0805FR-072K2L in C:\Users\SasaI\Desktop\RMO V biljeske\RMO-V chopper board ver1-0\00-Chopper.SchDoc with RC0805FR-072K2L from RMOV_chopper.IntLib
Replace Symbol from R36 RC0805FR-072K2L in C:\Users\SasaI\Desktop\RMO V biljeske\RMO-V chopper board ver1-0\00-Chopper.SchDoc with RC0805FR-072K2L from RMOV_chopper.IntLib
Replace Symbol from R37 CR2512-J/-1R0ELF in C:\Users\SasaI\Desktop\RMO V biljeske\RMO-V chopper board ver1-0\00-Chopper.SchDoc with CR2512-J/-1R0ELF from RMOV_chopper.IntLib
Replace Symbol from R38 CR2512-J/-1R0ELF in C:\Users\SasaI\Desktop\RMO V biljeske\RMO-V chopper board ver1-0\00-Chopper.SchDoc with CR2512-J/-1R0ELF from RMOV_chopper.IntLib
Replace Symbol from R39 Shent_THT in C:\Users\SasaI\Desktop\RMO V biljeske\RMO-V chopper board ver1-0\00-Chopper.SchDoc with Shent_THT from My Library.IntLib
Replace Symbol from R45 CRCW08050000Z0EA in C:\Users\SasaI\Desktop\RMO V biljeske\RMO-V chopper board ver1-0\00-Chopper.SchDoc with CRCW08050000Z0EA from My Library.IntLib
Replace Symbol from R46 CRCW08050000Z0EA in C:\Users\SasaI\Desktop\RMO V biljeske\RMO-V chopper board ver1-0\00-Chopper.SchDoc with CRCW08050000Z0EA from My Library.IntLib
Replace Symbol from T1 CXS70-14-C in C:\Users\SasaI\Desktop\RMO V biljeske\RMO-V chopper board ver1-0\00-Chopper.SchDoc with CXS70-14-C from My Library.IntLib
Replace Symbol from T2 CXS70-14-C in C:\Users\SasaI\Desktop\RMO V biljeske\RMO-V chopper board ver1-0\00-Chopper.SchDoc with CXS70-14-C from My Library.IntLib
Replace Symbol from U1 MIC4102YM in C:\Users\SasaI\Desktop\RMO V biljeske\RMO-V chopper board ver1-0\00-Chopper.SchDoc with MIC4102YM from RMOV_chopper.IntLib
Replace Symbol from U2 MIC4102YM in C:\Users\SasaI\Desktop\RMO V biljeske\RMO-V chopper board ver1-0\00-Chopper.SchDoc with MIC4102YM from RMOV_chopper.IntLib
