Replace Symbol from C1 D222K25Y5PH63J5R in C:\Users\SasaI\Desktop\RMO V biljeske\RMO-V chopper board ver1-0\00-Chopper.SchDoc with D222K25Y5PH63J5R from RMOV_chopper.IntLib
Replace Symbol from C2 D222K25Y5PH63J5R in C:\Users\SasaI\Desktop\RMO V biljeske\RMO-V chopper board ver1-0\00-Chopper.SchDoc with D222K25Y5PH63J5R from RMOV_chopper.IntLib
Replace Symbol from C3 RHS1V101MCN1GS in C:\Users\SasaI\Desktop\RMO V biljeske\RMO-V chopper board ver1-0\00-Chopper.SchDoc with RHS1V101MCN1GS from RMOV_chopper.IntLib
Replace Symbol from C4 RHS1V101MCN1GS in C:\Users\SasaI\Desktop\RMO V biljeske\RMO-V chopper board ver1-0\00-Chopper.SchDoc with RHS1V101MCN1GS from RMOV_chopper.IntLib
Replace Symbol from C5 CL21B105KAFNNNG in C:\Users\SasaI\Desktop\RMO V biljeske\RMO-V chopper board ver1-0\00-Chopper.SchDoc with CL21B105KAFNNNG from RMOV_chopper.IntLib
Replace Symbol from C6 PCV1V560MCL1GS in C:\Users\SasaI\Desktop\RMO V biljeske\RMO-V chopper board ver1-0\00-Chopper.SchDoc with PCV1V560MCL1GS from RMOV_chopper.IntLib
Replace Symbol from C7 PCV1V560MCL1GS in C:\Users\SasaI\Desktop\RMO V biljeske\RMO-V chopper board ver1-0\00-Chopper.SchDoc with PCV1V560MCL1GS from RMOV_chopper.IntLib
Replace Symbol from C8 CL21B105KAFNNNG in C:\Users\SasaI\Desktop\RMO V biljeske\RMO-V chopper board ver1-0\00-Chopper.SchDoc with CL21B105KAFNNNG from RMOV_chopper.IntLib
Replace Symbol from C11 D222K25Y5PH63J5R in C:\Users\SasaI\Desktop\RMO V biljeske\RMO-V chopper board ver1-0\00-Chopper.SchDoc with D222K25Y5PH63J5R from RMOV_chopper.IntLib
Replace Symbol from C12 D222K25Y5PH63J5R in C:\Users\SasaI\Desktop\RMO V biljeske\RMO-V chopper board ver1-0\00-Chopper.SchDoc with D222K25Y5PH63J5R from RMOV_chopper.IntLib
Replace Symbol from C13 D222K25Y5PH63J5R in C:\Users\SasaI\Desktop\RMO V biljeske\RMO-V chopper board ver1-0\00-Chopper.SchDoc with D222K25Y5PH63J5R from RMOV_chopper.IntLib
Replace Symbol from C14 D222K25Y5PH63J5R in C:\Users\SasaI\Desktop\RMO V biljeske\RMO-V chopper board ver1-0\00-Chopper.SchDoc with D222K25Y5PH63J5R from RMOV_chopper.IntLib
Replace Symbol from C15 CL21B105KAFNNNG in C:\Users\SasaI\Desktop\RMO V biljeske\RMO-V chopper board ver1-0\00-Chopper.SchDoc with CL21B105KAFNNNG from RMOV_chopper.IntLib
Replace Symbol from C16 CL21B105KAFNNNG in C:\Users\SasaI\Desktop\RMO V biljeske\RMO-V chopper board ver1-0\00-Chopper.SchDoc with CL21B105KAFNNNG from RMOV_chopper.IntLib
Replace Symbol from C17 PCV1V560MCL1GS in C:\Users\SasaI\Desktop\RMO V biljeske\RMO-V chopper board ver1-0\00-Chopper.SchDoc with PCV1V560MCL1GS from RMOV_chopper.IntLib
Replace Symbol from C18 PCV1V560MCL1GS in C:\Users\SasaI\Desktop\RMO V biljeske\RMO-V chopper board ver1-0\00-Chopper.SchDoc with PCV1V560MCL1GS from RMOV_chopper.IntLib
Replace Symbol from C21 D222K25Y5PH63J5R in C:\Users\SasaI\Desktop\RMO V biljeske\RMO-V chopper board ver1-0\00-Chopper.SchDoc with D222K25Y5PH63J5R from RMOV_chopper.IntLib
Replace Symbol from C22 D222K25Y5PH63J5R in C:\Users\SasaI\Desktop\RMO V biljeske\RMO-V chopper board ver1-0\00-Chopper.SchDoc with D222K25Y5PH63J5R from RMOV_chopper.IntLib
Replace Symbol from C86 CL21B105KAFNNNG in C:\Users\SasaI\Desktop\RMO V biljeske\RMO-V chopper board ver1-0\00-Chopper.SchDoc with CL21B105KAFNNNG from RMOV_chopper.IntLib
Replace Symbol from C87 CL21B105KAFNNNG in C:\Users\SasaI\Desktop\RMO V biljeske\RMO-V chopper board ver1-0\00-Chopper.SchDoc with CL21B105KAFNNNG from RMOV_chopper.IntLib
Replace Symbol from C88 D222K25Y5PH63J5R in C:\Users\SasaI\Desktop\RMO V biljeske\RMO-V chopper board ver1-0\00-Chopper.SchDoc with D222K25Y5PH63J5R from RMOV_chopper.IntLib
Replace Symbol from C89 D222K25Y5PH63J5R in C:\Users\SasaI\Desktop\RMO V biljeske\RMO-V chopper board ver1-0\00-Chopper.SchDoc with D222K25Y5PH63J5R from RMOV_chopper.IntLib
Replace Symbol from C90 PCV1V560MCL1GS in C:\Users\SasaI\Desktop\RMO V biljeske\RMO-V chopper board ver1-0\00-Chopper.SchDoc with PCV1V560MCL1GS from RMOV_chopper.IntLib
Replace Symbol from C91 PCV1V560MCL1GS in C:\Users\SasaI\Desktop\RMO V biljeske\RMO-V chopper board ver1-0\00-Chopper.SchDoc with PCV1V560MCL1GS from RMOV_chopper.IntLib
Replace Symbol from C94 D222K25Y5PH63J5R in C:\Users\SasaI\Desktop\RMO V biljeske\RMO-V chopper board ver1-0\00-Chopper.SchDoc with D222K25Y5PH63J5R from RMOV_chopper.IntLib
Replace Symbol from C95 D222K25Y5PH63J5R in C:\Users\SasaI\Desktop\RMO V biljeske\RMO-V chopper board ver1-0\00-Chopper.SchDoc with D222K25Y5PH63J5R from RMOV_chopper.IntLib
Replace Symbol from C96 CL21B105KAFNNNG in C:\Users\SasaI\Desktop\RMO V biljeske\RMO-V chopper board ver1-0\00-Chopper.SchDoc with CL21B105KAFNNNG from RMOV_chopper.IntLib
Replace Symbol from C97 CL21B105KAFNNNG in C:\Users\SasaI\Desktop\RMO V biljeske\RMO-V chopper board ver1-0\00-Chopper.SchDoc with CL21B105KAFNNNG from RMOV_chopper.IntLib
Replace Symbol from C98 D222K25Y5PH63J5R in C:\Users\SasaI\Desktop\RMO V biljeske\RMO-V chopper board ver1-0\00-Chopper.SchDoc with D222K25Y5PH63J5R from RMOV_chopper.IntLib
Replace Symbol from C99 D222K25Y5PH63J5R in C:\Users\SasaI\Desktop\RMO V biljeske\RMO-V chopper board ver1-0\00-Chopper.SchDoc with D222K25Y5PH63J5R from RMOV_chopper.IntLib
Replace Symbol from C100 PCV1V560MCL1GS in C:\Users\SasaI\Desktop\RMO V biljeske\RMO-V chopper board ver1-0\00-Chopper.SchDoc with PCV1V560MCL1GS from RMOV_chopper.IntLib
Replace Symbol from C101 PCV1V560MCL1GS in C:\Users\SasaI\Desktop\RMO V biljeske\RMO-V chopper board ver1-0\00-Chopper.SchDoc with PCV1V560MCL1GS from RMOV_chopper.IntLib
Replace Symbol from C104 D222K25Y5PH63J5R in C:\Users\SasaI\Desktop\RMO V biljeske\RMO-V chopper board ver1-0\00-Chopper.SchDoc with D222K25Y5PH63J5R from RMOV_chopper.IntLib
Replace Symbol from C105 D222K25Y5PH63J5R in C:\Users\SasaI\Desktop\RMO V biljeske\RMO-V chopper board ver1-0\00-Chopper.SchDoc with D222K25Y5PH63J5R from RMOV_chopper.IntLib
Replace Symbol from D1 DB2441600L in C:\Users\SasaI\Desktop\RMO V biljeske\RMO-V chopper board ver1-0\00-Chopper.SchDoc with DB2441600L from RMOV_chopper.IntLib
Replace Symbol from D2 DB2441600L in C:\Users\SasaI\Desktop\RMO V biljeske\RMO-V chopper board ver1-0\00-Chopper.SchDoc with DB2441600L from RMOV_chopper.IntLib
Replace Symbol from D3 MMSZ5248B-7-F in C:\Users\SasaI\Desktop\RMO V biljeske\RMO-V chopper board ver1-0\00-Chopper.SchDoc with MMSZ5248B-7-F from RMOV_chopper.IntLib
Replace Symbol from D4 MMSZ5248B-7-F in C:\Users\SasaI\Desktop\RMO V biljeske\RMO-V chopper board ver1-0\00-Chopper.SchDoc with MMSZ5248B-7-F from RMOV_chopper.IntLib
Replace Symbol from D5 MMSZ5248B-7-F in C:\Users\SasaI\Desktop\RMO V biljeske\RMO-V chopper board ver1-0\00-Chopper.SchDoc with MMSZ5248B-7-F from RMOV_chopper.IntLib
Replace Symbol from D6 MMSZ5248B-7-F in C:\Users\SasaI\Desktop\RMO V biljeske\RMO-V chopper board ver1-0\00-Chopper.SchDoc with MMSZ5248B-7-F from RMOV_chopper.IntLib
Replace Symbol from D7 DB2441600L in C:\Users\SasaI\Desktop\RMO V biljeske\RMO-V chopper board ver1-0\00-Chopper.SchDoc with DB2441600L from RMOV_chopper.IntLib
Replace Symbol from D8 DB2441600L in C:\Users\SasaI\Desktop\RMO V biljeske\RMO-V chopper board ver1-0\00-Chopper.SchDoc with DB2441600L from RMOV_chopper.IntLib
Replace Symbol from D9 MMSZ5248B-7-F in C:\Users\SasaI\Desktop\RMO V biljeske\RMO-V chopper board ver1-0\00-Chopper.SchDoc with MMSZ5248B-7-F from RMOV_chopper.IntLib
Replace Symbol from D10 MMSZ5248B-7-F in C:\Users\SasaI\Desktop\RMO V biljeske\RMO-V chopper board ver1-0\00-Chopper.SchDoc with MMSZ5248B-7-F from RMOV_chopper.IntLib
Replace Symbol from D11 MMSZ5248B-7-F in C:\Users\SasaI\Desktop\RMO V biljeske\RMO-V chopper board ver1-0\00-Chopper.SchDoc with MMSZ5248B-7-F from RMOV_chopper.IntLib
Replace Symbol from D12 MMSZ5248B-7-F in C:\Users\SasaI\Desktop\RMO V biljeske\RMO-V chopper board ver1-0\00-Chopper.SchDoc with MMSZ5248B-7-F from RMOV_chopper.IntLib
Replace Symbol from D13 DB2441600L in C:\Users\SasaI\Desktop\RMO V biljeske\RMO-V chopper board ver1-0\00-Chopper.SchDoc with DB2441600L from RMOV_chopper.IntLib
Replace Symbol from D14 DB2441600L in C:\Users\SasaI\Desktop\RMO V biljeske\RMO-V chopper board ver1-0\00-Chopper.SchDoc with DB2441600L from RMOV_chopper.IntLib
Replace Symbol from D15 MMSZ5248B-7-F in C:\Users\SasaI\Desktop\RMO V biljeske\RMO-V chopper board ver1-0\00-Chopper.SchDoc with MMSZ5248B-7-F from RMOV_chopper.IntLib
Replace Symbol from D16 MMSZ5248B-7-F in C:\Users\SasaI\Desktop\RMO V biljeske\RMO-V chopper board ver1-0\00-Chopper.SchDoc with MMSZ5248B-7-F from RMOV_chopper.IntLib
Replace Symbol from D17 MMSZ5248B-7-F in C:\Users\SasaI\Desktop\RMO V biljeske\RMO-V chopper board ver1-0\00-Chopper.SchDoc with MMSZ5248B-7-F from RMOV_chopper.IntLib
Replace Symbol from D18 MMSZ5248B-7-F in C:\Users\SasaI\Desktop\RMO V biljeske\RMO-V chopper board ver1-0\00-Chopper.SchDoc with MMSZ5248B-7-F from RMOV_chopper.IntLib
Replace Symbol from D19 DB2441600L in C:\Users\SasaI\Desktop\RMO V biljeske\RMO-V chopper board ver1-0\00-Chopper.SchDoc with DB2441600L from RMOV_chopper.IntLib
Replace Symbol from D20 DB2441600L in C:\Users\SasaI\Desktop\RMO V biljeske\RMO-V chopper board ver1-0\00-Chopper.SchDoc with DB2441600L from RMOV_chopper.IntLib
Replace Symbol from D21 MMSZ5248B-7-F in C:\Users\SasaI\Desktop\RMO V biljeske\RMO-V chopper board ver1-0\00-Chopper.SchDoc with MMSZ5248B-7-F from RMOV_chopper.IntLib
Replace Symbol from D22 MMSZ5248B-7-F in C:\Users\SasaI\Desktop\RMO V biljeske\RMO-V chopper board ver1-0\00-Chopper.SchDoc with MMSZ5248B-7-F from RMOV_chopper.IntLib
Replace Symbol from D23 MMSZ5248B-7-F in C:\Users\SasaI\Desktop\RMO V biljeske\RMO-V chopper board ver1-0\00-Chopper.SchDoc with MMSZ5248B-7-F from RMOV_chopper.IntLib
Replace Symbol from D24 MMSZ5248B-7-F in C:\Users\SasaI\Desktop\RMO V biljeske\RMO-V chopper board ver1-0\00-Chopper.SchDoc with MMSZ5248B-7-F from RMOV_chopper.IntLib
Replace Symbol from D25 DB2441600L in C:\Users\SasaI\Desktop\RMO V biljeske\RMO-V chopper board ver1-0\00-Chopper.SchDoc with DB2441600L from RMOV_chopper.IntLib
Replace Symbol from D26 DB2441600L in C:\Users\SasaI\Desktop\RMO V biljeske\RMO-V chopper board ver1-0\00-Chopper.SchDoc with DB2441600L from RMOV_chopper.IntLib
Replace Symbol from D27 MMSZ5248B-7-F in C:\Users\SasaI\Desktop\RMO V biljeske\RMO-V chopper board ver1-0\00-Chopper.SchDoc with MMSZ5248B-7-F from RMOV_chopper.IntLib
Replace Symbol from D28 MMSZ5248B-7-F in C:\Users\SasaI\Desktop\RMO V biljeske\RMO-V chopper board ver1-0\00-Chopper.SchDoc with MMSZ5248B-7-F from RMOV_chopper.IntLib
Replace Symbol from D29 MMSZ5248B-7-F in C:\Users\SasaI\Desktop\RMO V biljeske\RMO-V chopper board ver1-0\00-Chopper.SchDoc with MMSZ5248B-7-F from RMOV_chopper.IntLib
Replace Symbol from D30 MMSZ5248B-7-F in C:\Users\SasaI\Desktop\RMO V biljeske\RMO-V chopper board ver1-0\00-Chopper.SchDoc with MMSZ5248B-7-F from RMOV_chopper.IntLib
Replace Symbol from D31 DB2441600L in C:\Users\SasaI\Desktop\RMO V biljeske\RMO-V chopper board ver1-0\00-Chopper.SchDoc with DB2441600L from RMOV_chopper.IntLib
Replace Symbol from D32 DB2441600L in C:\Users\SasaI\Desktop\RMO V biljeske\RMO-V chopper board ver1-0\00-Chopper.SchDoc with DB2441600L from RMOV_chopper.IntLib
Replace Symbol from D33 MMSZ5248B-7-F in C:\Users\SasaI\Desktop\RMO V biljeske\RMO-V chopper board ver1-0\00-Chopper.SchDoc with MMSZ5248B-7-F from RMOV_chopper.IntLib
Replace Symbol from D34 MMSZ5248B-7-F in C:\Users\SasaI\Desktop\RMO V biljeske\RMO-V chopper board ver1-0\00-Chopper.SchDoc with MMSZ5248B-7-F from RMOV_chopper.IntLib
Replace Symbol from D35 MMSZ5248B-7-F in C:\Users\SasaI\Desktop\RMO V biljeske\RMO-V chopper board ver1-0\00-Chopper.SchDoc with MMSZ5248B-7-F from RMOV_chopper.IntLib
Replace Symbol from D36 MMSZ5248B-7-F in C:\Users\SasaI\Desktop\RMO V biljeske\RMO-V chopper board ver1-0\00-Chopper.SchDoc with MMSZ5248B-7-F from RMOV_chopper.IntLib
Replace Symbol from D37 DB2441600L in C:\Users\SasaI\Desktop\RMO V biljeske\RMO-V chopper board ver1-0\00-Chopper.SchDoc with DB2441600L from RMOV_chopper.IntLib
Replace Symbol from D38 DB2441600L in C:\Users\SasaI\Desktop\RMO V biljeske\RMO-V chopper board ver1-0\00-Chopper.SchDoc with DB2441600L from RMOV_chopper.IntLib
Replace Symbol from D39 MMSZ5248B-7-F in C:\Users\SasaI\Desktop\RMO V biljeske\RMO-V chopper board ver1-0\00-Chopper.SchDoc with MMSZ5248B-7-F from RMOV_chopper.IntLib
Replace Symbol from D40 MMSZ5248B-7-F in C:\Users\SasaI\Desktop\RMO V biljeske\RMO-V chopper board ver1-0\00-Chopper.SchDoc with MMSZ5248B-7-F from RMOV_chopper.IntLib
Replace Symbol from D41 MMSZ5248B-7-F in C:\Users\SasaI\Desktop\RMO V biljeske\RMO-V chopper board ver1-0\00-Chopper.SchDoc with MMSZ5248B-7-F from RMOV_chopper.IntLib
Replace Symbol from D42 MMSZ5248B-7-F in C:\Users\SasaI\Desktop\RMO V biljeske\RMO-V chopper board ver1-0\00-Chopper.SchDoc with MMSZ5248B-7-F from RMOV_chopper.IntLib
Replace Symbol from D43 DB2441600L in C:\Users\SasaI\Desktop\RMO V biljeske\RMO-V chopper board ver1-0\00-Chopper.SchDoc with DB2441600L from RMOV_chopper.IntLib
Replace Symbol from D44 DB2441600L in C:\Users\SasaI\Desktop\RMO V biljeske\RMO-V chopper board ver1-0\00-Chopper.SchDoc with DB2441600L from RMOV_chopper.IntLib
Replace Symbol from D45 MMSZ5248B-7-F in C:\Users\SasaI\Desktop\RMO V biljeske\RMO-V chopper board ver1-0\00-Chopper.SchDoc with MMSZ5248B-7-F from RMOV_chopper.IntLib
Replace Symbol from D46 MMSZ5248B-7-F in C:\Users\SasaI\Desktop\RMO V biljeske\RMO-V chopper board ver1-0\00-Chopper.SchDoc with MMSZ5248B-7-F from RMOV_chopper.IntLib
Replace Symbol from D47 MMSZ5248B-7-F in C:\Users\SasaI\Desktop\RMO V biljeske\RMO-V chopper board ver1-0\00-Chopper.SchDoc with MMSZ5248B-7-F from RMOV_chopper.IntLib
Replace Symbol from D48 MMSZ5248B-7-F in C:\Users\SasaI\Desktop\RMO V biljeske\RMO-V chopper board ver1-0\00-Chopper.SchDoc with MMSZ5248B-7-F from RMOV_chopper.IntLib
Replace Symbol from L1 PQ2617BHA-4R7K in C:\Users\SasaI\Desktop\RMO V biljeske\RMO-V chopper board ver1-0\00-Chopper.SchDoc with PQ2617BHA-4R7K from RMOV_chopper.IntLib
Replace Symbol from L2 PQ2617BHA-4R7K in C:\Users\SasaI\Desktop\RMO V biljeske\RMO-V chopper board ver1-0\00-Chopper.SchDoc with PQ2617BHA-4R7K from RMOV_chopper.IntLib
Replace Symbol from L7 PQ2617BHA-4R7K in C:\Users\SasaI\Desktop\RMO V biljeske\RMO-V chopper board ver1-0\00-Chopper.SchDoc with PQ2617BHA-4R7K from RMOV_chopper.IntLib
Replace Symbol from L8 PQ2617BHA-4R7K in C:\Users\SasaI\Desktop\RMO V biljeske\RMO-V chopper board ver1-0\00-Chopper.SchDoc with PQ2617BHA-4R7K from RMOV_chopper.IntLib
Replace Symbol from Q1 AUIRLS3036-7TRL in C:\Users\SasaI\Desktop\RMO V biljeske\RMO-V chopper board ver1-0\00-Chopper.SchDoc with AUIRLS3036-7TRL from RMOV_chopper.IntLib
Replace Symbol from Q2 AUIRLS3036-7TRL in C:\Users\SasaI\Desktop\RMO V biljeske\RMO-V chopper board ver1-0\00-Chopper.SchDoc with AUIRLS3036-7TRL from RMOV_chopper.IntLib
Replace Symbol from Q3 AUIRLS3036-7TRL in C:\Users\SasaI\Desktop\RMO V biljeske\RMO-V chopper board ver1-0\00-Chopper.SchDoc with AUIRLS3036-7TRL from RMOV_chopper.IntLib
Replace Symbol from Q4 AUIRLS3036-7TRL in C:\Users\SasaI\Desktop\RMO V biljeske\RMO-V chopper board ver1-0\00-Chopper.SchDoc with AUIRLS3036-7TRL from RMOV_chopper.IntLib
Replace Symbol from Q5 AUIRLS3036-7TRL in C:\Users\SasaI\Desktop\RMO V biljeske\RMO-V chopper board ver1-0\00-Chopper.SchDoc with AUIRLS3036-7TRL from RMOV_chopper.IntLib
Replace Symbol from Q6 AUIRLS3036-7TRL in C:\Users\SasaI\Desktop\RMO V biljeske\RMO-V chopper board ver1-0\00-Chopper.SchDoc with AUIRLS3036-7TRL from RMOV_chopper.IntLib
Replace Symbol from Q7 AUIRLS3036-7TRL in C:\Users\SasaI\Desktop\RMO V biljeske\RMO-V chopper board ver1-0\00-Chopper.SchDoc with AUIRLS3036-7TRL from RMOV_chopper.IntLib
Replace Symbol from Q8 AUIRLS3036-7TRL in C:\Users\SasaI\Desktop\RMO V biljeske\RMO-V chopper board ver1-0\00-Chopper.SchDoc with AUIRLS3036-7TRL from RMOV_chopper.IntLib
Replace Symbol from Q9 AUIRLS3036-7TRL in C:\Users\SasaI\Desktop\RMO V biljeske\RMO-V chopper board ver1-0\00-Chopper.SchDoc with AUIRLS3036-7TRL from RMOV_chopper.IntLib
Replace Symbol from Q10 AUIRLS3036-7TRL in C:\Users\SasaI\Desktop\RMO V biljeske\RMO-V chopper board ver1-0\00-Chopper.SchDoc with AUIRLS3036-7TRL from RMOV_chopper.IntLib
Replace Symbol from Q11 AUIRLS3036-7TRL in C:\Users\SasaI\Desktop\RMO V biljeske\RMO-V chopper board ver1-0\00-Chopper.SchDoc with AUIRLS3036-7TRL from RMOV_chopper.IntLib
Replace Symbol from Q12 AUIRLS3036-7TRL in C:\Users\SasaI\Desktop\RMO V biljeske\RMO-V chopper board ver1-0\00-Chopper.SchDoc with AUIRLS3036-7TRL from RMOV_chopper.IntLib
Replace Symbol from Q13 AUIRLS3036-7TRL in C:\Users\SasaI\Desktop\RMO V biljeske\RMO-V chopper board ver1-0\00-Chopper.SchDoc with AUIRLS3036-7TRL from RMOV_chopper.IntLib
Replace Symbol from Q14 AUIRLS3036-7TRL in C:\Users\SasaI\Desktop\RMO V biljeske\RMO-V chopper board ver1-0\00-Chopper.SchDoc with AUIRLS3036-7TRL from RMOV_chopper.IntLib
Replace Symbol from Q15 AUIRLS3036-7TRL in C:\Users\SasaI\Desktop\RMO V biljeske\RMO-V chopper board ver1-0\00-Chopper.SchDoc with AUIRLS3036-7TRL from RMOV_chopper.IntLib
Replace Symbol from Q16 AUIRLS3036-7TRL in C:\Users\SasaI\Desktop\RMO V biljeske\RMO-V chopper board ver1-0\00-Chopper.SchDoc with AUIRLS3036-7TRL from RMOV_chopper.IntLib
Replace Symbol from R1 CRCW08051R00FKEA in C:\Users\SasaI\Desktop\RMO V biljeske\RMO-V chopper board ver1-0\00-Chopper.SchDoc with CRCW08051R00FKEA from RMOV_chopper.IntLib
Replace Symbol from R2 CRCW08051R00FKEA in C:\Users\SasaI\Desktop\RMO V biljeske\RMO-V chopper board ver1-0\00-Chopper.SchDoc with CRCW08051R00FKEA from RMOV_chopper.IntLib
Replace Symbol from R3 RC0805FR-0747RL in C:\Users\SasaI\Desktop\RMO V biljeske\RMO-V chopper board ver1-0\00-Chopper.SchDoc with RC0805FR-0747RL from RMOV_chopper.IntLib
Replace Symbol from R4 RC0805FR-0747RL in C:\Users\SasaI\Desktop\RMO V biljeske\RMO-V chopper board ver1-0\00-Chopper.SchDoc with RC0805FR-0747RL from RMOV_chopper.IntLib
Replace Symbol from R5 RC0805FR-072K2L in C:\Users\SasaI\Desktop\RMO V biljeske\RMO-V chopper board ver1-0\00-Chopper.SchDoc with RC0805FR-072K2L from RMOV_chopper.IntLib
Replace Symbol from R6 RC0805FR-072K2L in C:\Users\SasaI\Desktop\RMO V biljeske\RMO-V chopper board ver1-0\00-Chopper.SchDoc with RC0805FR-072K2L from RMOV_chopper.IntLib
Replace Symbol from R7 CR2512-J/-1R0ELF in C:\Users\SasaI\Desktop\RMO V biljeske\RMO-V chopper board ver1-0\00-Chopper.SchDoc with CR2512-J/-1R0ELF from RMOV_chopper.IntLib
Replace Symbol from R8 CR2512-J/-1R0ELF in C:\Users\SasaI\Desktop\RMO V biljeske\RMO-V chopper board ver1-0\00-Chopper.SchDoc with CR2512-J/-1R0ELF from RMOV_chopper.IntLib
Replace Symbol from R9 CRCW08051R00FKEA in C:\Users\SasaI\Desktop\RMO V biljeske\RMO-V chopper board ver1-0\00-Chopper.SchDoc with CRCW08051R00FKEA from RMOV_chopper.IntLib
Replace Symbol from R10 CRCW08051R00FKEA in C:\Users\SasaI\Desktop\RMO V biljeske\RMO-V chopper board ver1-0\00-Chopper.SchDoc with CRCW08051R00FKEA from RMOV_chopper.IntLib
Replace Symbol from R11 CRCW08051K50FKEA in C:\Users\SasaI\Desktop\RMO V biljeske\RMO-V chopper board ver1-0\00-Chopper.SchDoc with CRCW08051K50FKEA from RMOV_chopper.IntLib
Replace Symbol from R12 CRCW080524R0FKEA in C:\Users\SasaI\Desktop\RMO V biljeske\RMO-V chopper board ver1-0\00-Chopper.SchDoc with CRCW080524R0FKEA from RMOV_chopper.IntLib
Replace Symbol from R13 CRCW080524R0FKEA in C:\Users\SasaI\Desktop\RMO V biljeske\RMO-V chopper board ver1-0\00-Chopper.SchDoc with CRCW080524R0FKEA from RMOV_chopper.IntLib
Replace Symbol from R14 RC0805FR-072K2L in C:\Users\SasaI\Desktop\RMO V biljeske\RMO-V chopper board ver1-0\00-Chopper.SchDoc with RC0805FR-072K2L from RMOV_chopper.IntLib
Replace Symbol from R15 CR2512-J/-1R0ELF in C:\Users\SasaI\Desktop\RMO V biljeske\RMO-V chopper board ver1-0\00-Chopper.SchDoc with CR2512-J/-1R0ELF from RMOV_chopper.IntLib
Replace Symbol from R16 RC0805FR-072K2L in C:\Users\SasaI\Desktop\RMO V biljeske\RMO-V chopper board ver1-0\00-Chopper.SchDoc with RC0805FR-072K2L from RMOV_chopper.IntLib
Replace Symbol from R17 CR2512-J/-1R0ELF in C:\Users\SasaI\Desktop\RMO V biljeske\RMO-V chopper board ver1-0\00-Chopper.SchDoc with CR2512-J/-1R0ELF from RMOV_chopper.IntLib
Replace Symbol from R18 RC0805FR-072K2L in C:\Users\SasaI\Desktop\RMO V biljeske\RMO-V chopper board ver1-0\00-Chopper.SchDoc with RC0805FR-072K2L from RMOV_chopper.IntLib
Replace Symbol from R19 RC0805FR-070RL in C:\Users\SasaI\Desktop\RMO V biljeske\RMO-V chopper board ver1-0\00-Chopper.SchDoc with RC0805FR-070RL from RMOV_chopper.IntLib
Replace Symbol from R20 CRCW08051R00FKEA in C:\Users\SasaI\Desktop\RMO V biljeske\RMO-V chopper board ver1-0\00-Chopper.SchDoc with CRCW08051R00FKEA from RMOV_chopper.IntLib
Replace Symbol from R21 CRCW08051R00FKEA in C:\Users\SasaI\Desktop\RMO V biljeske\RMO-V chopper board ver1-0\00-Chopper.SchDoc with CRCW08051R00FKEA from RMOV_chopper.IntLib
Replace Symbol from R22 RC0805FR-0747RL in C:\Users\SasaI\Desktop\RMO V biljeske\RMO-V chopper board ver1-0\00-Chopper.SchDoc with RC0805FR-0747RL from RMOV_chopper.IntLib
Replace Symbol from R23 RC0805FR-0747RL in C:\Users\SasaI\Desktop\RMO V biljeske\RMO-V chopper board ver1-0\00-Chopper.SchDoc with RC0805FR-0747RL from RMOV_chopper.IntLib
Replace Symbol from R24 RC0805FR-072K2L in C:\Users\SasaI\Desktop\RMO V biljeske\RMO-V chopper board ver1-0\00-Chopper.SchDoc with RC0805FR-072K2L from RMOV_chopper.IntLib
Replace Symbol from R25 RC0805FR-072K2L in C:\Users\SasaI\Desktop\RMO V biljeske\RMO-V chopper board ver1-0\00-Chopper.SchDoc with RC0805FR-072K2L from RMOV_chopper.IntLib
Replace Symbol from R26 CRCW08051K50FKEA in C:\Users\SasaI\Desktop\RMO V biljeske\RMO-V chopper board ver1-0\00-Chopper.SchDoc with CRCW08051K50FKEA from RMOV_chopper.IntLib
Replace Symbol from R27 CR2512-J/-1R0ELF in C:\Users\SasaI\Desktop\RMO V biljeske\RMO-V chopper board ver1-0\00-Chopper.SchDoc with CR2512-J/-1R0ELF from RMOV_chopper.IntLib
Replace Symbol from R28 CR2512-J/-1R0ELF in C:\Users\SasaI\Desktop\RMO V biljeske\RMO-V chopper board ver1-0\00-Chopper.SchDoc with CR2512-J/-1R0ELF from RMOV_chopper.IntLib
Replace Symbol from R29 RC0805FR-072K2L in C:\Users\SasaI\Desktop\RMO V biljeske\RMO-V chopper board ver1-0\00-Chopper.SchDoc with RC0805FR-072K2L from RMOV_chopper.IntLib
Replace Symbol from R30 RC0805FR-070RL in C:\Users\SasaI\Desktop\RMO V biljeske\RMO-V chopper board ver1-0\00-Chopper.SchDoc with RC0805FR-070RL from RMOV_chopper.IntLib
Replace Symbol from R31 CRCW08051R00FKEA in C:\Users\SasaI\Desktop\RMO V biljeske\RMO-V chopper board ver1-0\00-Chopper.SchDoc with CRCW08051R00FKEA from RMOV_chopper.IntLib
Replace Symbol from R32 CRCW08051R00FKEA in C:\Users\SasaI\Desktop\RMO V biljeske\RMO-V chopper board ver1-0\00-Chopper.SchDoc with CRCW08051R00FKEA from RMOV_chopper.IntLib
Replace Symbol from R33 CRCW080524R0FKEA in C:\Users\SasaI\Desktop\RMO V biljeske\RMO-V chopper board ver1-0\00-Chopper.SchDoc with CRCW080524R0FKEA from RMOV_chopper.IntLib
Replace Symbol from R34 CRCW080524R0FKEA in C:\Users\SasaI\Desktop\RMO V biljeske\RMO-V chopper board ver1-0\00-Chopper.SchDoc with CRCW080524R0FKEA from RMOV_chopper.IntLib
Replace Symbol from R35 RC0805FR-072K2L in C:\Users\SasaI\Desktop\RMO V biljeske\RMO-V chopper board ver1-0\00-Chopper.SchDoc with RC0805FR-072K2L from RMOV_chopper.IntLib
Replace Symbol from R36 RC0805FR-072K2L in C:\Users\SasaI\Desktop\RMO V biljeske\RMO-V chopper board ver1-0\00-Chopper.SchDoc with RC0805FR-072K2L from RMOV_chopper.IntLib
Replace Symbol from R37 CR2512-J/-1R0ELF in C:\Users\SasaI\Desktop\RMO V biljeske\RMO-V chopper board ver1-0\00-Chopper.SchDoc with CR2512-J/-1R0ELF from RMOV_chopper.IntLib
Replace Symbol from R38 CR2512-J/-1R0ELF in C:\Users\SasaI\Desktop\RMO V biljeske\RMO-V chopper board ver1-0\00-Chopper.SchDoc with CR2512-J/-1R0ELF from RMOV_chopper.IntLib
Replace Symbol from R39 Shent_THT in C:\Users\SasaI\Desktop\RMO V biljeske\RMO-V chopper board ver1-0\00-Chopper.SchDoc with Shent_THT from My Library.IntLib
Replace Symbol from R45 CRCW08050000Z0EA in C:\Users\SasaI\Desktop\RMO V biljeske\RMO-V chopper board ver1-0\00-Chopper.SchDoc with CRCW08050000Z0EA from My Library.IntLib
Replace Symbol from R46 CRCW08050000Z0EA in C:\Users\SasaI\Desktop\RMO V biljeske\RMO-V chopper board ver1-0\00-Chopper.SchDoc with CRCW08050000Z0EA from My Library.IntLib
Replace Symbol from R96 CRCW08051K50FKEA in C:\Users\SasaI\Desktop\RMO V biljeske\RMO-V chopper board ver1-0\00-Chopper.SchDoc with CRCW08051K50FKEA from RMOV_chopper.IntLib
Replace Symbol from R97 CRCW08051R00FKEA in C:\Users\SasaI\Desktop\RMO V biljeske\RMO-V chopper board ver1-0\00-Chopper.SchDoc with CRCW08051R00FKEA from RMOV_chopper.IntLib
Replace Symbol from R98 CRCW08051R00FKEA in C:\Users\SasaI\Desktop\RMO V biljeske\RMO-V chopper board ver1-0\00-Chopper.SchDoc with CRCW08051R00FKEA from RMOV_chopper.IntLib
Replace Symbol from R99 RC0805FR-0747RL in C:\Users\SasaI\Desktop\RMO V biljeske\RMO-V chopper board ver1-0\00-Chopper.SchDoc with RC0805FR-0747RL from RMOV_chopper.IntLib
Replace Symbol from R100 RC0805FR-0747RL in C:\Users\SasaI\Desktop\RMO V biljeske\RMO-V chopper board ver1-0\00-Chopper.SchDoc with RC0805FR-0747RL from RMOV_chopper.IntLib
Replace Symbol from R101 RC0805FR-072K2L in C:\Users\SasaI\Desktop\RMO V biljeske\RMO-V chopper board ver1-0\00-Chopper.SchDoc with RC0805FR-072K2L from RMOV_chopper.IntLib
Replace Symbol from R102 RC0805FR-070RL in C:\Users\SasaI\Desktop\RMO V biljeske\RMO-V chopper board ver1-0\00-Chopper.SchDoc with RC0805FR-070RL from RMOV_chopper.IntLib
Replace Symbol from R103 RC0805FR-072K2L in C:\Users\SasaI\Desktop\RMO V biljeske\RMO-V chopper board ver1-0\00-Chopper.SchDoc with RC0805FR-072K2L from RMOV_chopper.IntLib
Replace Symbol from R104 RC0805FR-072K2L in C:\Users\SasaI\Desktop\RMO V biljeske\RMO-V chopper board ver1-0\00-Chopper.SchDoc with RC0805FR-072K2L from RMOV_chopper.IntLib
Replace Symbol from R105 CR2512-J/-1R0ELF in C:\Users\SasaI\Desktop\RMO V biljeske\RMO-V chopper board ver1-0\00-Chopper.SchDoc with CR2512-J/-1R0ELF from RMOV_chopper.IntLib
Replace Symbol from R106 CR2512-J/-1R0ELF in C:\Users\SasaI\Desktop\RMO V biljeske\RMO-V chopper board ver1-0\00-Chopper.SchDoc with CR2512-J/-1R0ELF from RMOV_chopper.IntLib
Replace Symbol from R107 CRCW08051R00FKEA in C:\Users\SasaI\Desktop\RMO V biljeske\RMO-V chopper board ver1-0\00-Chopper.SchDoc with CRCW08051R00FKEA from RMOV_chopper.IntLib
Replace Symbol from R108 CRCW08051R00FKEA in C:\Users\SasaI\Desktop\RMO V biljeske\RMO-V chopper board ver1-0\00-Chopper.SchDoc with CRCW08051R00FKEA from RMOV_chopper.IntLib
Replace Symbol from R109 CRCW080524R0FKEA in C:\Users\SasaI\Desktop\RMO V biljeske\RMO-V chopper board ver1-0\00-Chopper.SchDoc with CRCW080524R0FKEA from RMOV_chopper.IntLib
Replace Symbol from R110 CRCW080524R0FKEA in C:\Users\SasaI\Desktop\RMO V biljeske\RMO-V chopper board ver1-0\00-Chopper.SchDoc with CRCW080524R0FKEA from RMOV_chopper.IntLib
Replace Symbol from R111 RC0805FR-072K2L in C:\Users\SasaI\Desktop\RMO V biljeske\RMO-V chopper board ver1-0\00-Chopper.SchDoc with RC0805FR-072K2L from RMOV_chopper.IntLib
Replace Symbol from R112 RC0805FR-072K2L in C:\Users\SasaI\Desktop\RMO V biljeske\RMO-V chopper board ver1-0\00-Chopper.SchDoc with RC0805FR-072K2L from RMOV_chopper.IntLib
Replace Symbol from R113 CR2512-J/-1R0ELF in C:\Users\SasaI\Desktop\RMO V biljeske\RMO-V chopper board ver1-0\00-Chopper.SchDoc with CR2512-J/-1R0ELF from RMOV_chopper.IntLib
Replace Symbol from R114 CR2512-J/-1R0ELF in C:\Users\SasaI\Desktop\RMO V biljeske\RMO-V chopper board ver1-0\00-Chopper.SchDoc with CR2512-J/-1R0ELF from RMOV_chopper.IntLib
Replace Symbol from R115 CRCW08051K50FKEA in C:\Users\SasaI\Desktop\RMO V biljeske\RMO-V chopper board ver1-0\00-Chopper.SchDoc with CRCW08051K50FKEA from RMOV_chopper.IntLib
Replace Symbol from R116 CRCW08051R00FKEA in C:\Users\SasaI\Desktop\RMO V biljeske\RMO-V chopper board ver1-0\00-Chopper.SchDoc with CRCW08051R00FKEA from RMOV_chopper.IntLib
Replace Symbol from R117 CRCW08051R00FKEA in C:\Users\SasaI\Desktop\RMO V biljeske\RMO-V chopper board ver1-0\00-Chopper.SchDoc with CRCW08051R00FKEA from RMOV_chopper.IntLib
Replace Symbol from R118 RC0805FR-0747RL in C:\Users\SasaI\Desktop\RMO V biljeske\RMO-V chopper board ver1-0\00-Chopper.SchDoc with RC0805FR-0747RL from RMOV_chopper.IntLib
Replace Symbol from R119 RC0805FR-0747RL in C:\Users\SasaI\Desktop\RMO V biljeske\RMO-V chopper board ver1-0\00-Chopper.SchDoc with RC0805FR-0747RL from RMOV_chopper.IntLib
Replace Symbol from R120 RC0805FR-072K2L in C:\Users\SasaI\Desktop\RMO V biljeske\RMO-V chopper board ver1-0\00-Chopper.SchDoc with RC0805FR-072K2L from RMOV_chopper.IntLib
Replace Symbol from R121 RC0805FR-070RL in C:\Users\SasaI\Desktop\RMO V biljeske\RMO-V chopper board ver1-0\00-Chopper.SchDoc with RC0805FR-070RL from RMOV_chopper.IntLib
Replace Symbol from R122 RC0805FR-072K2L in C:\Users\SasaI\Desktop\RMO V biljeske\RMO-V chopper board ver1-0\00-Chopper.SchDoc with RC0805FR-072K2L from RMOV_chopper.IntLib
Replace Symbol from R123 RC0805FR-072K2L in C:\Users\SasaI\Desktop\RMO V biljeske\RMO-V chopper board ver1-0\00-Chopper.SchDoc with RC0805FR-072K2L from RMOV_chopper.IntLib
Replace Symbol from R124 CR2512-J/-1R0ELF in C:\Users\SasaI\Desktop\RMO V biljeske\RMO-V chopper board ver1-0\00-Chopper.SchDoc with CR2512-J/-1R0ELF from RMOV_chopper.IntLib
Replace Symbol from R125 CR2512-J/-1R0ELF in C:\Users\SasaI\Desktop\RMO V biljeske\RMO-V chopper board ver1-0\00-Chopper.SchDoc with CR2512-J/-1R0ELF from RMOV_chopper.IntLib
Replace Symbol from R126 CRCW08051R00FKEA in C:\Users\SasaI\Desktop\RMO V biljeske\RMO-V chopper board ver1-0\00-Chopper.SchDoc with CRCW08051R00FKEA from RMOV_chopper.IntLib
Replace Symbol from R127 CRCW08051R00FKEA in C:\Users\SasaI\Desktop\RMO V biljeske\RMO-V chopper board ver1-0\00-Chopper.SchDoc with CRCW08051R00FKEA from RMOV_chopper.IntLib
Replace Symbol from R128 CRCW080524R0FKEA in C:\Users\SasaI\Desktop\RMO V biljeske\RMO-V chopper board ver1-0\00-Chopper.SchDoc with CRCW080524R0FKEA from RMOV_chopper.IntLib
Replace Symbol from R129 CRCW080524R0FKEA in C:\Users\SasaI\Desktop\RMO V biljeske\RMO-V chopper board ver1-0\00-Chopper.SchDoc with CRCW080524R0FKEA from RMOV_chopper.IntLib
Replace Symbol from R130 RC0805FR-072K2L in C:\Users\SasaI\Desktop\RMO V biljeske\RMO-V chopper board ver1-0\00-Chopper.SchDoc with RC0805FR-072K2L from RMOV_chopper.IntLib
Replace Symbol from R131 RC0805FR-072K2L in C:\Users\SasaI\Desktop\RMO V biljeske\RMO-V chopper board ver1-0\00-Chopper.SchDoc with RC0805FR-072K2L from RMOV_chopper.IntLib
Replace Symbol from R132 CR2512-J/-1R0ELF in C:\Users\SasaI\Desktop\RMO V biljeske\RMO-V chopper board ver1-0\00-Chopper.SchDoc with CR2512-J/-1R0ELF from RMOV_chopper.IntLib
Replace Symbol from R133 CR2512-J/-1R0ELF in C:\Users\SasaI\Desktop\RMO V biljeske\RMO-V chopper board ver1-0\00-Chopper.SchDoc with CR2512-J/-1R0ELF from RMOV_chopper.IntLib
Replace Symbol from R134 CRCW08050000Z0EA in C:\Users\SasaI\Desktop\RMO V biljeske\RMO-V chopper board ver1-0\00-Chopper.SchDoc with CRCW08050000Z0EA from My Library.IntLib
Replace Symbol from R135 CRCW08050000Z0EA in C:\Users\SasaI\Desktop\RMO V biljeske\RMO-V chopper board ver1-0\00-Chopper.SchDoc with CRCW08050000Z0EA from My Library.IntLib
Replace Symbol from T1 CXS70-14-C in C:\Users\SasaI\Desktop\RMO V biljeske\RMO-V chopper board ver1-0\00-Chopper.SchDoc with CXS70-14-C from My Library.IntLib
Replace Symbol from T2 CXS70-14-C in C:\Users\SasaI\Desktop\RMO V biljeske\RMO-V chopper board ver1-0\00-Chopper.SchDoc with CXS70-14-C from My Library.IntLib
Replace Symbol from U1 MIC4102YM in C:\Users\SasaI\Desktop\RMO V biljeske\RMO-V chopper board ver1-0\00-Chopper.SchDoc with MIC4102YM from RMOV_chopper.IntLib
Replace Symbol from U2 MIC4102YM in C:\Users\SasaI\Desktop\RMO V biljeske\RMO-V chopper board ver1-0\00-Chopper.SchDoc with MIC4102YM from RMOV_chopper.IntLib
Replace Symbol from U15 MIC4102YM in C:\Users\SasaI\Desktop\RMO V biljeske\RMO-V chopper board ver1-0\00-Chopper.SchDoc with MIC4102YM from RMOV_chopper.IntLib
Replace Symbol from U16 MIC4102YM in C:\Users\SasaI\Desktop\RMO V biljeske\RMO-V chopper board ver1-0\00-Chopper.SchDoc with MIC4102YM from RMOV_chopper.IntLib
