Replace Symbol from C23 EEE-1EA100SR in C:\Users\SasaI\Desktop\RMO V biljeske\RMO-V chopper board ver1-0\01-PowerSupply.SchDoc with EEE-1EA100SR from My Library.IntLib
Replace Symbol from C24 08055C104KAT2A in C:\Users\SasaI\Desktop\RMO V biljeske\RMO-V chopper board ver1-0\01-PowerSupply.SchDoc with 08055C104KAT2A from My Library.IntLib
Replace Symbol from C25 EEE-1EA100SR in C:\Users\SasaI\Desktop\RMO V biljeske\RMO-V chopper board ver1-0\01-PowerSupply.SchDoc with EEE-1EA100SR from My Library.IntLib
Replace Symbol from C26 08055C104KAT2A in C:\Users\SasaI\Desktop\RMO V biljeske\RMO-V chopper board ver1-0\01-PowerSupply.SchDoc with 08055C104KAT2A from My Library.IntLib
Replace Symbol from C27 08055C104KAT2A in C:\Users\SasaI\Desktop\RMO V biljeske\RMO-V chopper board ver1-0\01-PowerSupply.SchDoc with 08055C104KAT2A from My Library.IntLib
Replace Symbol from C28 UMK325C7106MM-T_1 in C:\Users\SasaI\Desktop\RMO V biljeske\RMO-V chopper board ver1-0\01-PowerSupply.SchDoc with UMK325C7106MM-T_1 from RMOV_chopper.IntLib
Replace Symbol from C29 08055C104KAT2A in C:\Users\SasaI\Desktop\RMO V biljeske\RMO-V chopper board ver1-0\01-PowerSupply.SchDoc with 08055C104KAT2A from My Library.IntLib
Replace Symbol from C30 GRM32NC81C226KE15L in C:\Users\SasaI\Desktop\RMO V biljeske\RMO-V chopper board ver1-0\01-PowerSupply.SchDoc with GRM32NC81C226KE15L from RMOV_chopper.IntLib
Replace Symbol from C31 GRM32NC81C226KE15L in C:\Users\SasaI\Desktop\RMO V biljeske\RMO-V chopper board ver1-0\01-PowerSupply.SchDoc with GRM32NC81C226KE15L from RMOV_chopper.IntLib
Replace Symbol from C32 CC0805JRNPO9BN750 in C:\Users\SasaI\Desktop\RMO V biljeske\RMO-V chopper board ver1-0\01-PowerSupply.SchDoc with CC0805JRNPO9BN750 from My Library.IntLib
Replace Symbol from C33 CL21A475KAQNNNE in C:\Users\SasaI\Desktop\RMO V biljeske\RMO-V chopper board ver1-0\01-PowerSupply.SchDoc with CL21A475KAQNNNE from My Library.IntLib
Replace Symbol from C34 JMK212BJ106KD-T in C:\Users\SasaI\Desktop\RMO V biljeske\RMO-V chopper board ver1-0\01-PowerSupply.SchDoc with JMK212BJ106KD-T from My Library.IntLib
Replace Symbol from L3 BRL3225T101K in C:\Users\SasaI\Desktop\RMO V biljeske\RMO-V chopper board ver1-0\01-PowerSupply.SchDoc with BRL3225T101K from My Library.IntLib
Replace Symbol from L4 BRL3225T101K in C:\Users\SasaI\Desktop\RMO V biljeske\RMO-V chopper board ver1-0\01-PowerSupply.SchDoc with BRL3225T101K from My Library.IntLib
Replace Symbol from L5 IHLP1212BZER1R0M11 in C:\Users\SasaI\Desktop\RMO V biljeske\RMO-V chopper board ver1-0\01-PowerSupply.SchDoc with IHLP1212BZER1R0M11 from My Library.IntLib
Replace Symbol from L6 NR10050T220M in C:\Users\SasaI\Desktop\RMO V biljeske\RMO-V chopper board ver1-0\01-PowerSupply.SchDoc with NR10050T220M from RMOV_chopper.IntLib
Replace Symbol from R40 TNPW080513K3BEEN in C:\Users\SasaI\Desktop\RMO V biljeske\RMO-V chopper board ver1-0\01-PowerSupply.SchDoc with TNPW080513K3BEEN from My Library.IntLib
Replace Symbol from R41 CRCW0805100KFKEA in C:\Users\SasaI\Desktop\RMO V biljeske\RMO-V chopper board ver1-0\01-PowerSupply.SchDoc with CRCW0805100KFKEA from My Library.IntLib
Replace Symbol from R43 CRCW08051K00FKEA in C:\Users\SasaI\Desktop\RMO V biljeske\RMO-V chopper board ver1-0\01-PowerSupply.SchDoc with CRCW08051K00FKEA from My Library.IntLib
Replace Symbol from R44 CRCW08054K53FKEA in C:\Users\SasaI\Desktop\RMO V biljeske\RMO-V chopper board ver1-0\01-PowerSupply.SchDoc with CRCW08054K53FKEA from My Library.IntLib
Replace Symbol from U3 IA0512S in C:\Users\SasaI\Desktop\RMO V biljeske\RMO-V chopper board ver1-0\01-PowerSupply.SchDoc with IA0512S from My Library.IntLib
Replace Symbol from U4 TPS54202DDCR in C:\Users\SasaI\Desktop\RMO V biljeske\RMO-V chopper board ver1-0\01-PowerSupply.SchDoc with TPS54202DDCR from My Library.IntLib
Replace Symbol from U5 TLV62569DBVR in C:\Users\SasaI\Desktop\RMO V biljeske\RMO-V chopper board ver1-0\01-PowerSupply.SchDoc with TLV62569DBVR from My Library.IntLib
Replace Symbol from ZD1 BZX85-C3V6 in C:\Users\SasaI\Desktop\RMO V biljeske\RMO-V chopper board ver1-0\01-PowerSupply.SchDoc with BZX85-C3V6 from My Library.IntLib
