Replace Symbol from C35 08055C104KAT2A in C:\Users\SasaI\Desktop\RMO V biljeske\RMO-V chopper board ver1-0\02-MeasurementChannels.SchDoc with 08055C104KAT2A from My Library.IntLib
Replace Symbol from C36 GA355QR7GF222KW01L in C:\Users\SasaI\Desktop\RMO V biljeske\RMO-V chopper board ver1-0\02-MeasurementChannels.SchDoc with GA355QR7GF222KW01L from RMOV_chopper.IntLib
Replace Symbol from C37 C0805C105K3RACTU in C:\Users\SasaI\Desktop\RMO V biljeske\RMO-V chopper board ver1-0\02-MeasurementChannels.SchDoc with C0805C105K3RACTU from My Library.IntLib
Replace Symbol from C38 C0805C105K3RACTU in C:\Users\SasaI\Desktop\RMO V biljeske\RMO-V chopper board ver1-0\02-MeasurementChannels.SchDoc with C0805C105K3RACTU from My Library.IntLib
Replace Symbol from C39 08055C104KAT2A in C:\Users\SasaI\Desktop\RMO V biljeske\RMO-V chopper board ver1-0\02-MeasurementChannels.SchDoc with 08055C104KAT2A from My Library.IntLib
Replace Symbol from C40 GA355QR7GF222KW01L in C:\Users\SasaI\Desktop\RMO V biljeske\RMO-V chopper board ver1-0\02-MeasurementChannels.SchDoc with GA355QR7GF222KW01L from RMOV_chopper.IntLib
Replace Symbol from C41 08055C104KAT2A in C:\Users\SasaI\Desktop\RMO V biljeske\RMO-V chopper board ver1-0\02-MeasurementChannels.SchDoc with 08055C104KAT2A from My Library.IntLib
Replace Symbol from C42 08055C104KAT2A in C:\Users\SasaI\Desktop\RMO V biljeske\RMO-V chopper board ver1-0\02-MeasurementChannels.SchDoc with 08055C104KAT2A from My Library.IntLib
Replace Symbol from C43 08055C104KAT2A in C:\Users\SasaI\Desktop\RMO V biljeske\RMO-V chopper board ver1-0\02-MeasurementChannels.SchDoc with 08055C104KAT2A from My Library.IntLib
Replace Symbol from C44 GA355QR7GF222KW01L in C:\Users\SasaI\Desktop\RMO V biljeske\RMO-V chopper board ver1-0\02-MeasurementChannels.SchDoc with GA355QR7GF222KW01L from RMOV_chopper.IntLib
Replace Symbol from C45 C0805C105K3RACTU in C:\Users\SasaI\Desktop\RMO V biljeske\RMO-V chopper board ver1-0\02-MeasurementChannels.SchDoc with C0805C105K3RACTU from My Library.IntLib
Replace Symbol from C46 C0805C105K3RACTU in C:\Users\SasaI\Desktop\RMO V biljeske\RMO-V chopper board ver1-0\02-MeasurementChannels.SchDoc with C0805C105K3RACTU from My Library.IntLib
Replace Symbol from C47 08055C104KAT2A in C:\Users\SasaI\Desktop\RMO V biljeske\RMO-V chopper board ver1-0\02-MeasurementChannels.SchDoc with 08055C104KAT2A from My Library.IntLib
Replace Symbol from C48 GA355QR7GF222KW01L in C:\Users\SasaI\Desktop\RMO V biljeske\RMO-V chopper board ver1-0\02-MeasurementChannels.SchDoc with GA355QR7GF222KW01L from RMOV_chopper.IntLib
Replace Symbol from C49 08055C104KAT2A in C:\Users\SasaI\Desktop\RMO V biljeske\RMO-V chopper board ver1-0\02-MeasurementChannels.SchDoc with 08055C104KAT2A from My Library.IntLib
Replace Symbol from C50 08055C104KAT2A in C:\Users\SasaI\Desktop\RMO V biljeske\RMO-V chopper board ver1-0\02-MeasurementChannels.SchDoc with 08055C104KAT2A from My Library.IntLib
Replace Symbol from C? 08055C104KAT2A in C:\Users\SasaI\Desktop\RMO V biljeske\RMO-V chopper board ver1-0\02-MeasurementChannels.SchDoc with 08055C104KAT2A from My Library.IntLib
Replace Symbol from C? 08055C104KAT2A in C:\Users\SasaI\Desktop\RMO V biljeske\RMO-V chopper board ver1-0\02-MeasurementChannels.SchDoc with 08055C104KAT2A from My Library.IntLib
Replace Symbol from C? 08055C104KAT2A in C:\Users\SasaI\Desktop\RMO V biljeske\RMO-V chopper board ver1-0\02-MeasurementChannels.SchDoc with 08055C104KAT2A from My Library.IntLib
Replace Symbol from C? 08055C104KAT2A in C:\Users\SasaI\Desktop\RMO V biljeske\RMO-V chopper board ver1-0\02-MeasurementChannels.SchDoc with 08055C104KAT2A from My Library.IntLib
Replace Symbol from C? C0805C224K5RAC7800 in C:\Users\SasaI\Desktop\RMO V biljeske\RMO-V chopper board ver1-0\02-MeasurementChannels.SchDoc with C0805C224K5RAC7800 from RMOV_chopper.IntLib
Replace Symbol from C? C0805C224K5RAC7800 in C:\Users\SasaI\Desktop\RMO V biljeske\RMO-V chopper board ver1-0\02-MeasurementChannels.SchDoc with C0805C224K5RAC7800 from RMOV_chopper.IntLib
Replace Symbol from C? C0805C224K5RAC7800 in C:\Users\SasaI\Desktop\RMO V biljeske\RMO-V chopper board ver1-0\02-MeasurementChannels.SchDoc with C0805C224K5RAC7800 from RMOV_chopper.IntLib
Replace Symbol from C? C0805C224K5RAC7800 in C:\Users\SasaI\Desktop\RMO V biljeske\RMO-V chopper board ver1-0\02-MeasurementChannels.SchDoc with C0805C224K5RAC7800 from RMOV_chopper.IntLib
Replace Symbol from C? C0805C224K5RAC7800 in C:\Users\SasaI\Desktop\RMO V biljeske\RMO-V chopper board ver1-0\02-MeasurementChannels.SchDoc with C0805C224K5RAC7800 from RMOV_chopper.IntLib
Replace Symbol from C? C0805C224K5RAC7800 in C:\Users\SasaI\Desktop\RMO V biljeske\RMO-V chopper board ver1-0\02-MeasurementChannels.SchDoc with C0805C224K5RAC7800 from RMOV_chopper.IntLib
Replace Symbol from C? C0805C224K5RAC7800 in C:\Users\SasaI\Desktop\RMO V biljeske\RMO-V chopper board ver1-0\02-MeasurementChannels.SchDoc with C0805C224K5RAC7800 from RMOV_chopper.IntLib
Replace Symbol from C? C0805C224K5RAC7800 in C:\Users\SasaI\Desktop\RMO V biljeske\RMO-V chopper board ver1-0\02-MeasurementChannels.SchDoc with C0805C224K5RAC7800 from RMOV_chopper.IntLib
Replace Symbol from LF1 WE-SL2 in C:\Users\SasaI\Desktop\RMO V biljeske\RMO-V chopper board ver1-0\02-MeasurementChannels.SchDoc with WE-SL2 from RMOV_chopper.IntLib
Replace Symbol from LF2 WE-SL2 in C:\Users\SasaI\Desktop\RMO V biljeske\RMO-V chopper board ver1-0\02-MeasurementChannels.SchDoc with WE-SL2 from RMOV_chopper.IntLib
Replace Symbol from R47 CRCW080510K0FKEA in C:\Users\SasaI\Desktop\RMO V biljeske\RMO-V chopper board ver1-0\02-MeasurementChannels.SchDoc with CRCW080510K0FKEA from My Library.IntLib
Replace Symbol from R48 CRCW080510K0FKEA in C:\Users\SasaI\Desktop\RMO V biljeske\RMO-V chopper board ver1-0\02-MeasurementChannels.SchDoc with CRCW080510K0FKEA from My Library.IntLib
Replace Symbol from R? RC0805FR-073K3L in C:\Users\SasaI\Desktop\RMO V biljeske\RMO-V chopper board ver1-0\02-MeasurementChannels.SchDoc with RC0805FR-073K3L from My Library.IntLib
Replace Symbol from R? RC0805FR-073K3L in C:\Users\SasaI\Desktop\RMO V biljeske\RMO-V chopper board ver1-0\02-MeasurementChannels.SchDoc with RC0805FR-073K3L from My Library.IntLib
Replace Symbol from R? RC0805FR-070RL in C:\Users\SasaI\Desktop\RMO V biljeske\RMO-V chopper board ver1-0\02-MeasurementChannels.SchDoc with RC0805FR-070RL from RMOV_chopper.IntLib
Replace Symbol from R? RC0805FR-070RL in C:\Users\SasaI\Desktop\RMO V biljeske\RMO-V chopper board ver1-0\02-MeasurementChannels.SchDoc with RC0805FR-070RL from RMOV_chopper.IntLib
Replace Symbol from R? RC0805FR-0747RL in C:\Users\SasaI\Desktop\RMO V biljeske\RMO-V chopper board ver1-0\02-MeasurementChannels.SchDoc with RC0805FR-0747RL from RMOV_chopper.IntLib
Replace Symbol from R? RC0805FR-0747RL in C:\Users\SasaI\Desktop\RMO V biljeske\RMO-V chopper board ver1-0\02-MeasurementChannels.SchDoc with RC0805FR-0747RL from RMOV_chopper.IntLib
Replace Symbol from R? RC0805FR-0747RL in C:\Users\SasaI\Desktop\RMO V biljeske\RMO-V chopper board ver1-0\02-MeasurementChannels.SchDoc with RC0805FR-0747RL from RMOV_chopper.IntLib
Replace Symbol from R? RC0805FR-0747RL in C:\Users\SasaI\Desktop\RMO V biljeske\RMO-V chopper board ver1-0\02-MeasurementChannels.SchDoc with RC0805FR-0747RL from RMOV_chopper.IntLib
Replace Symbol from R? RC0805FR-073K3L in C:\Users\SasaI\Desktop\RMO V biljeske\RMO-V chopper board ver1-0\02-MeasurementChannels.SchDoc with RC0805FR-073K3L from My Library.IntLib
Replace Symbol from R? RC0805FR-073K3L in C:\Users\SasaI\Desktop\RMO V biljeske\RMO-V chopper board ver1-0\02-MeasurementChannels.SchDoc with RC0805FR-073K3L from My Library.IntLib
Replace Symbol from R? RC0805FR-073K3L in C:\Users\SasaI\Desktop\RMO V biljeske\RMO-V chopper board ver1-0\02-MeasurementChannels.SchDoc with RC0805FR-073K3L from My Library.IntLib
Replace Symbol from R? RC0805FR-073K3L in C:\Users\SasaI\Desktop\RMO V biljeske\RMO-V chopper board ver1-0\02-MeasurementChannels.SchDoc with RC0805FR-073K3L from My Library.IntLib
Replace Symbol from R? RC0805FR-073K3L in C:\Users\SasaI\Desktop\RMO V biljeske\RMO-V chopper board ver1-0\02-MeasurementChannels.SchDoc with RC0805FR-073K3L from My Library.IntLib
Replace Symbol from R? RC0805FR-073K3L in C:\Users\SasaI\Desktop\RMO V biljeske\RMO-V chopper board ver1-0\02-MeasurementChannels.SchDoc with RC0805FR-073K3L from My Library.IntLib
Replace Symbol from R? RC0805FR-073K3L in C:\Users\SasaI\Desktop\RMO V biljeske\RMO-V chopper board ver1-0\02-MeasurementChannels.SchDoc with RC0805FR-073K3L from My Library.IntLib
Replace Symbol from R? RC0805FR-073K3L in C:\Users\SasaI\Desktop\RMO V biljeske\RMO-V chopper board ver1-0\02-MeasurementChannels.SchDoc with RC0805FR-073K3L from My Library.IntLib
Replace Symbol from RV1 B72207S0110K101 in C:\Users\SasaI\Desktop\RMO V biljeske\RMO-V chopper board ver1-0\02-MeasurementChannels.SchDoc with B72207S0110K101 from My Library.IntLib
Replace Symbol from U6 INA128UA/2K5 in C:\Users\SasaI\Desktop\RMO V biljeske\RMO-V chopper board ver1-0\02-MeasurementChannels.SchDoc with INA128UA/2K5 from My Library.IntLib
Replace Symbol from U7 INA128UA/2K5 in C:\Users\SasaI\Desktop\RMO V biljeske\RMO-V chopper board ver1-0\02-MeasurementChannels.SchDoc with INA128UA/2K5 from My Library.IntLib
Replace Symbol from U8 INA128UA/2K5 in C:\Users\SasaI\Desktop\RMO V biljeske\RMO-V chopper board ver1-0\02-MeasurementChannels.SchDoc with INA128UA/2K5 from My Library.IntLib
Replace Symbol from U9 INA128UA/2K5 in C:\Users\SasaI\Desktop\RMO V biljeske\RMO-V chopper board ver1-0\02-MeasurementChannels.SchDoc with INA128UA/2K5 from My Library.IntLib
Replace Symbol from U10 AD7732BRUZ in C:\Users\SasaI\Desktop\RMO V biljeske\RMO-V chopper board ver1-0\02-MeasurementChannels.SchDoc with AD7732BRUZ from RMOV_chopper.IntLib
Replace Symbol from U11 AD7732BRUZ in C:\Users\SasaI\Desktop\RMO V biljeske\RMO-V chopper board ver1-0\02-MeasurementChannels.SchDoc with AD7732BRUZ from RMOV_chopper.IntLib
Replace Symbol from U12 AD7732BRUZ in C:\Users\SasaI\Desktop\RMO V biljeske\RMO-V chopper board ver1-0\02-MeasurementChannels.SchDoc with AD7732BRUZ from RMOV_chopper.IntLib
