Replace Symbol from C35 08055C104KAT2A in C:\Users\SasaI\Desktop\RMO V biljeske\RMO-V chopper board ver1-0\02-MeasurementChannels.SchDoc with 08055C104KAT2A from My Library.IntLib
Replace Symbol from C36 GA355QR7GF222KW01L in C:\Users\SasaI\Desktop\RMO V biljeske\RMO-V chopper board ver1-0\02-MeasurementChannels.SchDoc with GA355QR7GF222KW01L from RMOV_chopper.IntLib
Replace Symbol from C37 C0805C105K3RACTU in C:\Users\SasaI\Desktop\RMO V biljeske\RMO-V chopper board ver1-0\02-MeasurementChannels.SchDoc with C0805C105K3RACTU from My Library.IntLib
Replace Symbol from C38 C0805C105K3RACTU in C:\Users\SasaI\Desktop\RMO V biljeske\RMO-V chopper board ver1-0\02-MeasurementChannels.SchDoc with C0805C105K3RACTU from My Library.IntLib
Replace Symbol from C39 08055C104KAT2A in C:\Users\SasaI\Desktop\RMO V biljeske\RMO-V chopper board ver1-0\02-MeasurementChannels.SchDoc with 08055C104KAT2A from My Library.IntLib
Replace Symbol from C40 GA355QR7GF222KW01L in C:\Users\SasaI\Desktop\RMO V biljeske\RMO-V chopper board ver1-0\02-MeasurementChannels.SchDoc with GA355QR7GF222KW01L from RMOV_chopper.IntLib
Replace Symbol from C41 08055C104KAT2A in C:\Users\SasaI\Desktop\RMO V biljeske\RMO-V chopper board ver1-0\02-MeasurementChannels.SchDoc with 08055C104KAT2A from My Library.IntLib
Replace Symbol from C42 08055C104KAT2A in C:\Users\SasaI\Desktop\RMO V biljeske\RMO-V chopper board ver1-0\02-MeasurementChannels.SchDoc with 08055C104KAT2A from My Library.IntLib
Replace Symbol from C43 08055C104KAT2A in C:\Users\SasaI\Desktop\RMO V biljeske\RMO-V chopper board ver1-0\02-MeasurementChannels.SchDoc with 08055C104KAT2A from My Library.IntLib
Replace Symbol from C44 GA355QR7GF222KW01L in C:\Users\SasaI\Desktop\RMO V biljeske\RMO-V chopper board ver1-0\02-MeasurementChannels.SchDoc with GA355QR7GF222KW01L from RMOV_chopper.IntLib
Replace Symbol from C45 C0805C105K3RACTU in C:\Users\SasaI\Desktop\RMO V biljeske\RMO-V chopper board ver1-0\02-MeasurementChannels.SchDoc with C0805C105K3RACTU from My Library.IntLib
Replace Symbol from C46 C0805C105K3RACTU in C:\Users\SasaI\Desktop\RMO V biljeske\RMO-V chopper board ver1-0\02-MeasurementChannels.SchDoc with C0805C105K3RACTU from My Library.IntLib
Replace Symbol from C47 08055C104KAT2A in C:\Users\SasaI\Desktop\RMO V biljeske\RMO-V chopper board ver1-0\02-MeasurementChannels.SchDoc with 08055C104KAT2A from My Library.IntLib
Replace Symbol from C48 GA355QR7GF222KW01L in C:\Users\SasaI\Desktop\RMO V biljeske\RMO-V chopper board ver1-0\02-MeasurementChannels.SchDoc with GA355QR7GF222KW01L from RMOV_chopper.IntLib
Replace Symbol from C49 08055C104KAT2A in C:\Users\SasaI\Desktop\RMO V biljeske\RMO-V chopper board ver1-0\02-MeasurementChannels.SchDoc with 08055C104KAT2A from My Library.IntLib
Replace Symbol from C50 08055C104KAT2A in C:\Users\SasaI\Desktop\RMO V biljeske\RMO-V chopper board ver1-0\02-MeasurementChannels.SchDoc with 08055C104KAT2A from My Library.IntLib
Replace Symbol from C51 C0805C224K5RAC7800 in C:\Users\SasaI\Desktop\RMO V biljeske\RMO-V chopper board ver1-0\02-MeasurementChannels.SchDoc with C0805C224K5RAC7800 from RMOV_chopper.IntLib
Replace Symbol from C52 08055C104KAT2A in C:\Users\SasaI\Desktop\RMO V biljeske\RMO-V chopper board ver1-0\02-MeasurementChannels.SchDoc with 08055C104KAT2A from My Library.IntLib
Replace Symbol from C53 C0805C224K5RAC7800 in C:\Users\SasaI\Desktop\RMO V biljeske\RMO-V chopper board ver1-0\02-MeasurementChannels.SchDoc with C0805C224K5RAC7800 from RMOV_chopper.IntLib
Replace Symbol from C54 C0805C224K5RAC7800 in C:\Users\SasaI\Desktop\RMO V biljeske\RMO-V chopper board ver1-0\02-MeasurementChannels.SchDoc with C0805C224K5RAC7800 from RMOV_chopper.IntLib
Replace Symbol from C55 C0805C224K5RAC7800 in C:\Users\SasaI\Desktop\RMO V biljeske\RMO-V chopper board ver1-0\02-MeasurementChannels.SchDoc with C0805C224K5RAC7800 from RMOV_chopper.IntLib
Replace Symbol from C56 08055C104KAT2A in C:\Users\SasaI\Desktop\RMO V biljeske\RMO-V chopper board ver1-0\02-MeasurementChannels.SchDoc with 08055C104KAT2A from My Library.IntLib
Replace Symbol from C57 C0805C224K5RAC7800 in C:\Users\SasaI\Desktop\RMO V biljeske\RMO-V chopper board ver1-0\02-MeasurementChannels.SchDoc with C0805C224K5RAC7800 from RMOV_chopper.IntLib
Replace Symbol from C58 08055C104KAT2A in C:\Users\SasaI\Desktop\RMO V biljeske\RMO-V chopper board ver1-0\02-MeasurementChannels.SchDoc with 08055C104KAT2A from My Library.IntLib
Replace Symbol from C59 C0805C224K5RAC7800 in C:\Users\SasaI\Desktop\RMO V biljeske\RMO-V chopper board ver1-0\02-MeasurementChannels.SchDoc with C0805C224K5RAC7800 from RMOV_chopper.IntLib
Replace Symbol from C60 C0805C224K5RAC7800 in C:\Users\SasaI\Desktop\RMO V biljeske\RMO-V chopper board ver1-0\02-MeasurementChannels.SchDoc with C0805C224K5RAC7800 from RMOV_chopper.IntLib
Replace Symbol from C61 08055C104KAT2A in C:\Users\SasaI\Desktop\RMO V biljeske\RMO-V chopper board ver1-0\02-MeasurementChannels.SchDoc with 08055C104KAT2A from My Library.IntLib
Replace Symbol from C62 C0805C224K5RAC7800 in C:\Users\SasaI\Desktop\RMO V biljeske\RMO-V chopper board ver1-0\02-MeasurementChannels.SchDoc with C0805C224K5RAC7800 from RMOV_chopper.IntLib
Replace Symbol from C63 08055C104KAT2A in C:\Users\SasaI\Desktop\RMO V biljeske\RMO-V chopper board ver1-0\02-MeasurementChannels.SchDoc with 08055C104KAT2A from My Library.IntLib
Replace Symbol from C64 08055C104KAT2A in C:\Users\SasaI\Desktop\RMO V biljeske\RMO-V chopper board ver1-0\02-MeasurementChannels.SchDoc with 08055C104KAT2A from My Library.IntLib
Replace Symbol from C65 08055C104KAT2A in C:\Users\SasaI\Desktop\RMO V biljeske\RMO-V chopper board ver1-0\02-MeasurementChannels.SchDoc with 08055C104KAT2A from My Library.IntLib
Replace Symbol from C66 08055C104KAT2A in C:\Users\SasaI\Desktop\RMO V biljeske\RMO-V chopper board ver1-0\02-MeasurementChannels.SchDoc with 08055C104KAT2A from My Library.IntLib
Replace Symbol from C67 C0805C474K5RACTU in C:\Users\SasaI\Desktop\RMO V biljeske\RMO-V chopper board ver1-0\02-MeasurementChannels.SchDoc with C0805C474K5RACTU from My Library.IntLib
Replace Symbol from C68 C0805C474K5RACTU in C:\Users\SasaI\Desktop\RMO V biljeske\RMO-V chopper board ver1-0\02-MeasurementChannels.SchDoc with C0805C474K5RACTU from My Library.IntLib
Replace Symbol from C69 08055C104KAT2A in C:\Users\SasaI\Desktop\RMO V biljeske\RMO-V chopper board ver1-0\02-MeasurementChannels.SchDoc with 08055C104KAT2A from My Library.IntLib
Replace Symbol from C70 08055C104KAT2A in C:\Users\SasaI\Desktop\RMO V biljeske\RMO-V chopper board ver1-0\02-MeasurementChannels.SchDoc with 08055C104KAT2A from My Library.IntLib
Replace Symbol from C71 C0805C221J5GAC-TU in C:\Users\SasaI\Desktop\RMO V biljeske\RMO-V chopper board ver1-0\02-MeasurementChannels.SchDoc with C0805C221J5GAC-TU from My Library.IntLib
Replace Symbol from C72 C0805C105K3RACTU in C:\Users\SasaI\Desktop\RMO V biljeske\RMO-V chopper board ver1-0\02-MeasurementChannels.SchDoc with C0805C105K3RACTU from My Library.IntLib
Replace Symbol from C73 C0805C105K3RACTU in C:\Users\SasaI\Desktop\RMO V biljeske\RMO-V chopper board ver1-0\02-MeasurementChannels.SchDoc with C0805C105K3RACTU from My Library.IntLib
Replace Symbol from C74 C0805C221J5GAC-TU in C:\Users\SasaI\Desktop\RMO V biljeske\RMO-V chopper board ver1-0\02-MeasurementChannels.SchDoc with C0805C221J5GAC-TU from My Library.IntLib
Replace Symbol from C75 08055C104KAT2A in C:\Users\SasaI\Desktop\RMO V biljeske\RMO-V chopper board ver1-0\02-MeasurementChannels.SchDoc with 08055C104KAT2A from My Library.IntLib
Replace Symbol from C76 08055C104KAT2A in C:\Users\SasaI\Desktop\RMO V biljeske\RMO-V chopper board ver1-0\02-MeasurementChannels.SchDoc with 08055C104KAT2A from My Library.IntLib
Replace Symbol from C77 08055C104KAT2A in C:\Users\SasaI\Desktop\RMO V biljeske\RMO-V chopper board ver1-0\02-MeasurementChannels.SchDoc with 08055C104KAT2A from My Library.IntLib
Replace Symbol from C78 C0805C221J5GAC-TU in C:\Users\SasaI\Desktop\RMO V biljeske\RMO-V chopper board ver1-0\02-MeasurementChannels.SchDoc with C0805C221J5GAC-TU from My Library.IntLib
Replace Symbol from C79 08055C104KAT2A in C:\Users\SasaI\Desktop\RMO V biljeske\RMO-V chopper board ver1-0\02-MeasurementChannels.SchDoc with 08055C104KAT2A from My Library.IntLib
Replace Symbol from C80 C0805C221J5GAC-TU in C:\Users\SasaI\Desktop\RMO V biljeske\RMO-V chopper board ver1-0\02-MeasurementChannels.SchDoc with C0805C221J5GAC-TU from My Library.IntLib
Replace Symbol from C81 08055C104KAT2A in C:\Users\SasaI\Desktop\RMO V biljeske\RMO-V chopper board ver1-0\02-MeasurementChannels.SchDoc with 08055C104KAT2A from My Library.IntLib
Replace Symbol from C82 C0805C221J5GAC-TU in C:\Users\SasaI\Desktop\RMO V biljeske\RMO-V chopper board ver1-0\02-MeasurementChannels.SchDoc with C0805C221J5GAC-TU from My Library.IntLib
Replace Symbol from C83 08055C104KAT2A in C:\Users\SasaI\Desktop\RMO V biljeske\RMO-V chopper board ver1-0\02-MeasurementChannels.SchDoc with 08055C104KAT2A from My Library.IntLib
Replace Symbol from C84 C0805C221J5GAC-TU in C:\Users\SasaI\Desktop\RMO V biljeske\RMO-V chopper board ver1-0\02-MeasurementChannels.SchDoc with C0805C221J5GAC-TU from My Library.IntLib
Replace Symbol from C85 08055C104KAT2A in C:\Users\SasaI\Desktop\RMO V biljeske\RMO-V chopper board ver1-0\02-MeasurementChannels.SchDoc with 08055C104KAT2A from My Library.IntLib
Replace Symbol from FB1 2508056017Y0 in C:\Users\SasaI\Desktop\RMO V biljeske\RMO-V chopper board ver1-0\02-MeasurementChannels.SchDoc with 2508056017Y0 from My Library.IntLib
Replace Symbol from FB2 2508056017Y0 in C:\Users\SasaI\Desktop\RMO V biljeske\RMO-V chopper board ver1-0\02-MeasurementChannels.SchDoc with 2508056017Y0 from My Library.IntLib
Replace Symbol from FB3 2508056017Y0 in C:\Users\SasaI\Desktop\RMO V biljeske\RMO-V chopper board ver1-0\02-MeasurementChannels.SchDoc with 2508056017Y0 from My Library.IntLib
Replace Symbol from FB4 2508056017Y0 in C:\Users\SasaI\Desktop\RMO V biljeske\RMO-V chopper board ver1-0\02-MeasurementChannels.SchDoc with 2508056017Y0 from My Library.IntLib
Replace Symbol from J1 66.9040-21 in C:\Users\SasaI\Desktop\RMO V biljeske\RMO-V chopper board ver1-0\02-MeasurementChannels.SchDoc with 66.9040-21 from My Library.IntLib
Replace Symbol from J2 66.9040-22 in C:\Users\SasaI\Desktop\RMO V biljeske\RMO-V chopper board ver1-0\02-MeasurementChannels.SchDoc with 66.9040-22 from My Library.IntLib
Replace Symbol from J3 66.9040-21 in C:\Users\SasaI\Desktop\RMO V biljeske\RMO-V chopper board ver1-0\02-MeasurementChannels.SchDoc with 66.9040-21 from My Library.IntLib
Replace Symbol from J4 66.9040-22 in C:\Users\SasaI\Desktop\RMO V biljeske\RMO-V chopper board ver1-0\02-MeasurementChannels.SchDoc with 66.9040-22 from My Library.IntLib
Replace Symbol from LF1 WE-SL2 in C:\Users\SasaI\Desktop\RMO V biljeske\RMO-V chopper board ver1-0\02-MeasurementChannels.SchDoc with WE-SL2 from RMOV_chopper.IntLib
Replace Symbol from LF2 WE-SL2 in C:\Users\SasaI\Desktop\RMO V biljeske\RMO-V chopper board ver1-0\02-MeasurementChannels.SchDoc with WE-SL2 from RMOV_chopper.IntLib
Replace Symbol from LF3 WE-SL2 in C:\Users\SasaI\Desktop\RMO V biljeske\RMO-V chopper board ver1-0\02-MeasurementChannels.SchDoc with WE-SL2 from RMOV_chopper.IntLib
Replace Symbol from R47 CRCW080510K0FKEA in C:\Users\SasaI\Desktop\RMO V biljeske\RMO-V chopper board ver1-0\02-MeasurementChannels.SchDoc with CRCW080510K0FKEA from My Library.IntLib
Replace Symbol from R48 CRCW080510K0FKEA in C:\Users\SasaI\Desktop\RMO V biljeske\RMO-V chopper board ver1-0\02-MeasurementChannels.SchDoc with CRCW080510K0FKEA from My Library.IntLib
Replace Symbol from R49 RC0805FR-073K3L in C:\Users\SasaI\Desktop\RMO V biljeske\RMO-V chopper board ver1-0\02-MeasurementChannels.SchDoc with RC0805FR-073K3L from My Library.IntLib
Replace Symbol from R50 RC0805FR-0747RL in C:\Users\SasaI\Desktop\RMO V biljeske\RMO-V chopper board ver1-0\02-MeasurementChannels.SchDoc with RC0805FR-0747RL from RMOV_chopper.IntLib
Replace Symbol from R51 RC0805FR-073K3L in C:\Users\SasaI\Desktop\RMO V biljeske\RMO-V chopper board ver1-0\02-MeasurementChannels.SchDoc with RC0805FR-073K3L from My Library.IntLib
Replace Symbol from R52 RC0805FR-073K3L in C:\Users\SasaI\Desktop\RMO V biljeske\RMO-V chopper board ver1-0\02-MeasurementChannels.SchDoc with RC0805FR-073K3L from My Library.IntLib
Replace Symbol from R53 RC0805FR-0747RL in C:\Users\SasaI\Desktop\RMO V biljeske\RMO-V chopper board ver1-0\02-MeasurementChannels.SchDoc with RC0805FR-0747RL from RMOV_chopper.IntLib
Replace Symbol from R54 RC0805FR-073K3L in C:\Users\SasaI\Desktop\RMO V biljeske\RMO-V chopper board ver1-0\02-MeasurementChannels.SchDoc with RC0805FR-073K3L from My Library.IntLib
Replace Symbol from R55 RC0805FR-073K3L in C:\Users\SasaI\Desktop\RMO V biljeske\RMO-V chopper board ver1-0\02-MeasurementChannels.SchDoc with RC0805FR-073K3L from My Library.IntLib
Replace Symbol from R56 RC0805FR-0747RL in C:\Users\SasaI\Desktop\RMO V biljeske\RMO-V chopper board ver1-0\02-MeasurementChannels.SchDoc with RC0805FR-0747RL from RMOV_chopper.IntLib
Replace Symbol from R57 RC0805FR-073K3L in C:\Users\SasaI\Desktop\RMO V biljeske\RMO-V chopper board ver1-0\02-MeasurementChannels.SchDoc with RC0805FR-073K3L from My Library.IntLib
Replace Symbol from R58 RC0805FR-073K3L in C:\Users\SasaI\Desktop\RMO V biljeske\RMO-V chopper board ver1-0\02-MeasurementChannels.SchDoc with RC0805FR-073K3L from My Library.IntLib
Replace Symbol from R59 RC0805FR-070RL in C:\Users\SasaI\Desktop\RMO V biljeske\RMO-V chopper board ver1-0\02-MeasurementChannels.SchDoc with RC0805FR-070RL from RMOV_chopper.IntLib
Replace Symbol from R60 RC0805FR-070RL in C:\Users\SasaI\Desktop\RMO V biljeske\RMO-V chopper board ver1-0\02-MeasurementChannels.SchDoc with RC0805FR-070RL from RMOV_chopper.IntLib
Replace Symbol from R61 RC0805FR-073K3L in C:\Users\SasaI\Desktop\RMO V biljeske\RMO-V chopper board ver1-0\02-MeasurementChannels.SchDoc with RC0805FR-073K3L from My Library.IntLib
Replace Symbol from R62 RC0805FR-0747RL in C:\Users\SasaI\Desktop\RMO V biljeske\RMO-V chopper board ver1-0\02-MeasurementChannels.SchDoc with RC0805FR-0747RL from RMOV_chopper.IntLib
Replace Symbol from R63 RC0805FR-073K3L in C:\Users\SasaI\Desktop\RMO V biljeske\RMO-V chopper board ver1-0\02-MeasurementChannels.SchDoc with RC0805FR-073K3L from My Library.IntLib
Replace Symbol from R64 RC0805FR-073K3L in C:\Users\SasaI\Desktop\RMO V biljeske\RMO-V chopper board ver1-0\02-MeasurementChannels.SchDoc with RC0805FR-073K3L from My Library.IntLib
Replace Symbol from R65 RC0805FR-070RL in C:\Users\SasaI\Desktop\RMO V biljeske\RMO-V chopper board ver1-0\02-MeasurementChannels.SchDoc with RC0805FR-070RL from RMOV_chopper.IntLib
Replace Symbol from R66 RP73D2A158RBTG in C:\Users\SasaI\Desktop\RMO V biljeske\RMO-V chopper board ver1-0\02-MeasurementChannels.SchDoc with RP73D2A158RBTG from RMOV_chopper.IntLib
Replace Symbol from R67 RN73C2A536RBTDF in C:\Users\SasaI\Desktop\RMO V biljeske\RMO-V chopper board ver1-0\02-MeasurementChannels.SchDoc with RN73C2A536RBTDF from RMOV_chopper.IntLib
Replace Symbol from R68 ERA6AEB3321V in C:\Users\SasaI\Desktop\RMO V biljeske\RMO-V chopper board ver1-0\02-MeasurementChannels.SchDoc with ERA6AEB3321V from RMOV_chopper.IntLib
Replace Symbol from R70 CRCW08055K10FKEA in C:\Users\SasaI\Desktop\RMO V biljeske\RMO-V chopper board ver1-0\02-MeasurementChannels.SchDoc with CRCW08055K10FKEA from My Library.IntLib
Replace Symbol from R71 CRCW08055K10FKEA in C:\Users\SasaI\Desktop\RMO V biljeske\RMO-V chopper board ver1-0\02-MeasurementChannels.SchDoc with CRCW08055K10FKEA from My Library.IntLib
Replace Symbol from R72 CRCW080510K0FKEA in C:\Users\SasaI\Desktop\RMO V biljeske\RMO-V chopper board ver1-0\02-MeasurementChannels.SchDoc with CRCW080510K0FKEA from My Library.IntLib
Replace Symbol from R73 CRCW080510K0FKEA in C:\Users\SasaI\Desktop\RMO V biljeske\RMO-V chopper board ver1-0\02-MeasurementChannels.SchDoc with CRCW080510K0FKEA from My Library.IntLib
Replace Symbol from R74 CRCW08051K00FKEA in C:\Users\SasaI\Desktop\RMO V biljeske\RMO-V chopper board ver1-0\02-MeasurementChannels.SchDoc with CRCW08051K00FKEA from My Library.IntLib
Replace Symbol from R75 CRCW08055K10FKEA in C:\Users\SasaI\Desktop\RMO V biljeske\RMO-V chopper board ver1-0\02-MeasurementChannels.SchDoc with CRCW08055K10FKEA from My Library.IntLib
Replace Symbol from R76 CRCW08055K10FKEA in C:\Users\SasaI\Desktop\RMO V biljeske\RMO-V chopper board ver1-0\02-MeasurementChannels.SchDoc with CRCW08055K10FKEA from My Library.IntLib
Replace Symbol from R77 CRCW080510K0FKEA in C:\Users\SasaI\Desktop\RMO V biljeske\RMO-V chopper board ver1-0\02-MeasurementChannels.SchDoc with CRCW080510K0FKEA from My Library.IntLib
Replace Symbol from R78 CRCW080510K0FKEA in C:\Users\SasaI\Desktop\RMO V biljeske\RMO-V chopper board ver1-0\02-MeasurementChannels.SchDoc with CRCW080510K0FKEA from My Library.IntLib
Replace Symbol from R79 CRCW08051K00FKEA in C:\Users\SasaI\Desktop\RMO V biljeske\RMO-V chopper board ver1-0\02-MeasurementChannels.SchDoc with CRCW08051K00FKEA from My Library.IntLib
Replace Symbol from R80 RC0805FR-073K3L in C:\Users\SasaI\Desktop\RMO V biljeske\RMO-V chopper board ver1-0\02-MeasurementChannels.SchDoc with RC0805FR-073K3L from My Library.IntLib
Replace Symbol from R81 CRCW08055K10FKEA in C:\Users\SasaI\Desktop\RMO V biljeske\RMO-V chopper board ver1-0\02-MeasurementChannels.SchDoc with CRCW08055K10FKEA from My Library.IntLib
Replace Symbol from R82 CRCW080547R0FKEA in C:\Users\SasaI\Desktop\RMO V biljeske\RMO-V chopper board ver1-0\02-MeasurementChannels.SchDoc with CRCW080547R0FKEA from My Library.IntLib
Replace Symbol from R83 CRCW08055K10FKEA in C:\Users\SasaI\Desktop\RMO V biljeske\RMO-V chopper board ver1-0\02-MeasurementChannels.SchDoc with CRCW08055K10FKEA from My Library.IntLib
Replace Symbol from R84 CRCW080510K0FKEA in C:\Users\SasaI\Desktop\RMO V biljeske\RMO-V chopper board ver1-0\02-MeasurementChannels.SchDoc with CRCW080510K0FKEA from My Library.IntLib
Replace Symbol from R85 RC0805FR-073K3L in C:\Users\SasaI\Desktop\RMO V biljeske\RMO-V chopper board ver1-0\02-MeasurementChannels.SchDoc with RC0805FR-073K3L from My Library.IntLib
Replace Symbol from R86 CRCW080510K0FKEA in C:\Users\SasaI\Desktop\RMO V biljeske\RMO-V chopper board ver1-0\02-MeasurementChannels.SchDoc with CRCW080510K0FKEA from My Library.IntLib
Replace Symbol from R87 CRCW080510K0FKEA in C:\Users\SasaI\Desktop\RMO V biljeske\RMO-V chopper board ver1-0\02-MeasurementChannels.SchDoc with CRCW080510K0FKEA from My Library.IntLib
Replace Symbol from R88 CRCW08051K00FKEA in C:\Users\SasaI\Desktop\RMO V biljeske\RMO-V chopper board ver1-0\02-MeasurementChannels.SchDoc with CRCW08051K00FKEA from My Library.IntLib
Replace Symbol from R89 RC0805FR-070RL in C:\Users\SasaI\Desktop\RMO V biljeske\RMO-V chopper board ver1-0\02-MeasurementChannels.SchDoc with RC0805FR-070RL from RMOV_chopper.IntLib
Replace Symbol from R90 RC0805FR-070RL in C:\Users\SasaI\Desktop\RMO V biljeske\RMO-V chopper board ver1-0\02-MeasurementChannels.SchDoc with RC0805FR-070RL from RMOV_chopper.IntLib
Replace Symbol from R91 RC0805FR-073K3L in C:\Users\SasaI\Desktop\RMO V biljeske\RMO-V chopper board ver1-0\02-MeasurementChannels.SchDoc with RC0805FR-073K3L from My Library.IntLib
Replace Symbol from R92 CRCW080547R0FKEA in C:\Users\SasaI\Desktop\RMO V biljeske\RMO-V chopper board ver1-0\02-MeasurementChannels.SchDoc with CRCW080547R0FKEA from My Library.IntLib
Replace Symbol from R93 RC0805FR-073K3L in C:\Users\SasaI\Desktop\RMO V biljeske\RMO-V chopper board ver1-0\02-MeasurementChannels.SchDoc with RC0805FR-073K3L from My Library.IntLib
Replace Symbol from R94 ERA6AEB1071V in C:\Users\SasaI\Desktop\RMO V biljeske\RMO-V chopper board ver1-0\02-MeasurementChannels.SchDoc with ERA6AEB1071V from RMOV_chopper.IntLib
Replace Symbol from R95 ERA6AEB362V in C:\Users\SasaI\Desktop\RMO V biljeske\RMO-V chopper board ver1-0\02-MeasurementChannels.SchDoc with ERA6AEB362V from RMOV_chopper.IntLib
Replace Symbol from RV1 B72207S0110K101 in C:\Users\SasaI\Desktop\RMO V biljeske\RMO-V chopper board ver1-0\02-MeasurementChannels.SchDoc with B72207S0110K101 from My Library.IntLib
Replace Symbol from U6 INA128UA/2K5 in C:\Users\SasaI\Desktop\RMO V biljeske\RMO-V chopper board ver1-0\02-MeasurementChannels.SchDoc with INA128UA/2K5 from My Library.IntLib
Replace Symbol from U7 INA128UA/2K5 in C:\Users\SasaI\Desktop\RMO V biljeske\RMO-V chopper board ver1-0\02-MeasurementChannels.SchDoc with INA128UA/2K5 from My Library.IntLib
Replace Symbol from U8 INA128UA/2K5 in C:\Users\SasaI\Desktop\RMO V biljeske\RMO-V chopper board ver1-0\02-MeasurementChannels.SchDoc with INA128UA/2K5 from My Library.IntLib
Replace Symbol from U9 INA128UA/2K5 in C:\Users\SasaI\Desktop\RMO V biljeske\RMO-V chopper board ver1-0\02-MeasurementChannels.SchDoc with INA128UA/2K5 from My Library.IntLib
Replace Symbol from U10 AD7732BRUZ in C:\Users\SasaI\Desktop\RMO V biljeske\RMO-V chopper board ver1-0\02-MeasurementChannels.SchDoc with AD7732BRUZ from RMOV_chopper.IntLib
Replace Symbol from U11 AD7732BRUZ in C:\Users\SasaI\Desktop\RMO V biljeske\RMO-V chopper board ver1-0\02-MeasurementChannels.SchDoc with AD7732BRUZ from RMOV_chopper.IntLib
Replace Symbol from U12 AD7732BRUZ in C:\Users\SasaI\Desktop\RMO V biljeske\RMO-V chopper board ver1-0\02-MeasurementChannels.SchDoc with AD7732BRUZ from RMOV_chopper.IntLib
Replace Symbol from U13 INA128UA/2K5 in C:\Users\SasaI\Desktop\RMO V biljeske\RMO-V chopper board ver1-0\02-MeasurementChannels.SchDoc with INA128UA/2K5 from My Library.IntLib
Replace Symbol from U14 INA128UA/2K5 in C:\Users\SasaI\Desktop\RMO V biljeske\RMO-V chopper board ver1-0\02-MeasurementChannels.SchDoc with INA128UA/2K5 from My Library.IntLib
Replace Symbol from UX1 7W-32.000MBB-T in C:\Users\SasaI\Desktop\RMO V biljeske\RMO-V chopper board ver1-0\02-MeasurementChannels.SchDoc with 7W-32.000MBB-T from My Library.IntLib
Replace Symbol from VR1 REF3125AIDBZT in C:\Users\SasaI\Desktop\RMO V biljeske\RMO-V chopper board ver1-0\02-MeasurementChannels.SchDoc with REF3125AIDBZT from My Library.IntLib
