Removed Pin From Net: NetName=Vbat Pin=Q1-2
Removed Pin From Net: NetName=HSa Pin=Q1-3
Removed Pin From Net: NetName=HSa Pin=Q1-3
Removed Pin From Net: NetName=HSa Pin=Q1-3
Removed Pin From Net: NetName=HSa Pin=Q1-3
Removed Pin From Net: NetName=HSa Pin=Q1-3
Removed Pin From Net: NetName=NetD2_1 Pin=Q2-1
Removed Pin From Net: NetName=Vbat Pin=Q2-2
Removed Pin From Net: NetName=HSa Pin=Q2-3
Removed Pin From Net: NetName=HSa Pin=Q2-3
Removed Pin From Net: NetName=HSa Pin=Q2-3
Removed Pin From Net: NetName=HSa Pin=Q2-3
Removed Pin From Net: NetName=HSa Pin=Q2-3
Removed Pin From Net: NetName=HSa Pin=Q3-2
Removed Pin From Net: NetName=P_GND Pin=Q3-3
Removed Pin From Net: NetName=P_GND Pin=Q3-3
Removed Pin From Net: NetName=P_GND Pin=Q3-3
Removed Pin From Net: NetName=P_GND Pin=Q3-3
Removed Pin From Net: NetName=P_GND Pin=Q3-3
Removed Pin From Net: NetName=NetD8_1 Pin=Q4-1
Removed Pin From Net: NetName=HSa Pin=Q4-2
Removed Pin From Net: NetName=P_GND Pin=Q4-3
Removed Pin From Net: NetName=P_GND Pin=Q4-3
Removed Pin From Net: NetName=P_GND Pin=Q4-3
Removed Pin From Net: NetName=P_GND Pin=Q4-3
Removed Pin From Net: NetName=P_GND Pin=Q4-3
Removed Pin From Net: NetName=NetD13_1 Pin=Q5-1
Removed Pin From Net: NetName=Vbat Pin=Q5-2
Removed Pin From Net: NetName=HSb Pin=Q5-3
Removed Pin From Net: NetName=HSb Pin=Q5-3
Removed Pin From Net: NetName=HSb Pin=Q5-3
Removed Pin From Net: NetName=HSb Pin=Q5-3
Removed Pin From Net: NetName=HSb Pin=Q5-3
Removed Pin From Net: NetName=Vbat Pin=Q6-2
Removed Pin From Net: NetName=HSb Pin=Q6-3
Removed Pin From Net: NetName=HSb Pin=Q6-3
Removed Pin From Net: NetName=HSb Pin=Q6-3
Removed Pin From Net: NetName=HSb Pin=Q6-3
Removed Pin From Net: NetName=HSb Pin=Q6-3
Removed Pin From Net: NetName=HSb Pin=Q7-2
Removed Pin From Net: NetName=P_GND Pin=Q7-3
Removed Pin From Net: NetName=P_GND Pin=Q7-3
Removed Pin From Net: NetName=P_GND Pin=Q7-3
Removed Pin From Net: NetName=P_GND Pin=Q7-3
Removed Pin From Net: NetName=P_GND Pin=Q7-3
Added Pin To Net: NetName=NetR3_2 Pin=R3-2
Added Pin To Net: NetName=NetR3_2 Pin=R5-2
Added Net: Name=NetR3_2
Added Pin To Net: NetName=NetR12_2 Pin=R12-2
Added Pin To Net: NetName=NetR12_2 Pin=R16-2
Added Net: Name=NetR12_2
Added Pin To Net: NetName=NetR23_2 Pin=R23-2
Added Pin To Net: NetName=NetR23_2 Pin=R25-2
Added Net: Name=NetR23_2
Added Pin To Net: NetName=NetR33_2 Pin=R33-2
Added Pin To Net: NetName=NetR33_2 Pin=R35-2
Added Net: Name=NetR33_2
