Added Net: Name=+12V
Added Net: Name=G1
Added Net: Name=G2
Added Net: Name=G3
Added Net: Name=G4
Added Net: Name=GND
Added Net: Name=HSa
Added Net: Name=LSa
Added Net: Name=LSb
Added Net: Name=NetC1_1
Added Net: Name=NetC2_1
Added Net: Name=NetC8_2
Added Net: Name=NetC11_1
Added Net: Name=NetC12_1
Added Net: Name=NetC13_1
Added Net: Name=NetC14_1
Added Net: Name=NetC16_1
Added Net: Name=NetC16_2
Added Net: Name=NetC21_1
Added Net: Name=NetC21_2
Added Net: Name=NetC22_1
Added Net: Name=NetD1_1
Added Net: Name=NetD1_2
Added Net: Name=NetD2_1
Added Net: Name=NetD2_2
Added Net: Name=NetD3_1
Added Net: Name=NetD4_1
Added Net: Name=NetD7_1
Added Net: Name=NetD7_2
Added Net: Name=NetD8_1
Added Net: Name=NetD8_2
Added Net: Name=NetD9_1
Added Net: Name=NetD10_1
Added Net: Name=NetD13_1
Added Net: Name=NetD13_2
Added Net: Name=NetD14_1
Added Net: Name=NetD14_2
Added Net: Name=NetD15_1
Added Net: Name=NetD16_1
Added Net: Name=NetD19_1
Added Net: Name=NetD19_2
Added Net: Name=NetD20_1
Added Net: Name=NetD20_2
Added Net: Name=NetD21_1
Added Net: Name=NetD22_1
Added Net: Name=P_GND
Added Net: Name=PWMa
Added Net: Name=PWMb
Added Net: Name=Vbat
Added Net: Name=Vouta
Added Net: Name=Voutb
