Removed Pin From Net: NetName=GND Pin=C86-1
Removed Pin From Net: NetName=+12V Pin=C86-2
Removed Pin From Net: NetName=Vbat Pin=C88-2
Removed Pin From Net: NetName=Vbat Pin=C89-2
Removed Pin From Net: NetName=Vout+ Pin=C90-1
Removed Pin From Net: NetName=P_GND Pin=C90-2
Removed Pin From Net: NetName=Vout+ Pin=C91-1
Removed Pin From Net: NetName=P_GND Pin=C91-2
Removed Pin From Net: NetName=P_GND Pin=C92-1
Removed Pin From Net: NetName=Vout+ Pin=C92-2
Removed Pin From Net: NetName=P_GND Pin=C93-1
Removed Pin From Net: NetName=Vout+ Pin=C93-2
Removed Pin From Net: NetName=GND Pin=C96-1
Removed Pin From Net: NetName=+12V Pin=C96-2
Removed Pin From Net: NetName=Vbat Pin=C98-2
Removed Pin From Net: NetName=Vbat Pin=C99-2
Removed Pin From Net: NetName=Vout+ Pin=C100-1
Removed Pin From Net: NetName=P_GND Pin=C100-2
Removed Pin From Net: NetName=Vout+ Pin=C101-1
Removed Pin From Net: NetName=P_GND Pin=C101-2
Removed Pin From Net: NetName=P_GND Pin=C102-1
Removed Pin From Net: NetName=Vout+ Pin=C102-2
Removed Pin From Net: NetName=P_GND Pin=C103-1
Removed Pin From Net: NetName=Vout+ Pin=C103-2
Removed Pin From Net: NetName=Vbat Pin=C106-1
Removed Pin From Net: NetName=P_GND Pin=C106-2
Removed Pin From Net: NetName=Vbat Pin=C107-1
Removed Pin From Net: NetName=P_GND Pin=C107-2
Removed Pin From Net: NetName=P_GND Pin=D35-2
Removed Pin From Net: NetName=P_GND Pin=D36-2
Removed Pin From Net: NetName=P_GND Pin=D47-2
Removed Pin From Net: NetName=P_GND Pin=D48-2
Removed Pin From Net: NetName=Vout+ Pin=L7-2
Removed Pin From Net: NetName=Vout+ Pin=L8-2
Removed Pin From Net: NetName=Vbat Pin=Q9-2
Removed Pin From Net: NetName=Vbat Pin=Q10-2
Removed Pin From Net: NetName=P_GND Pin=Q11-3
Removed Pin From Net: NetName=P_GND Pin=Q11-3
Removed Pin From Net: NetName=P_GND Pin=Q11-3
Removed Pin From Net: NetName=P_GND Pin=Q11-3
Removed Pin From Net: NetName=P_GND Pin=Q11-3
Removed Pin From Net: NetName=P_GND Pin=Q12-3
Removed Pin From Net: NetName=P_GND Pin=Q12-3
Removed Pin From Net: NetName=P_GND Pin=Q12-3
Removed Pin From Net: NetName=P_GND Pin=Q12-3
Removed Pin From Net: NetName=P_GND Pin=Q12-3
Removed Pin From Net: NetName=Vbat Pin=Q13-2
Removed Pin From Net: NetName=Vbat Pin=Q14-2
Removed Pin From Net: NetName=P_GND Pin=Q15-3
Removed Pin From Net: NetName=P_GND Pin=Q15-3
Removed Pin From Net: NetName=P_GND Pin=Q15-3
Removed Pin From Net: NetName=P_GND Pin=Q15-3
Removed Pin From Net: NetName=P_GND Pin=Q15-3
Removed Pin From Net: NetName=P_GND Pin=Q16-3
Removed Pin From Net: NetName=P_GND Pin=Q16-3
Removed Pin From Net: NetName=P_GND Pin=Q16-3
Removed Pin From Net: NetName=P_GND Pin=Q16-3
Removed Pin From Net: NetName=P_GND Pin=Q16-3
Removed Pin From Net: NetName=+12V Pin=R96-2
Removed Pin From Net: NetName=GND Pin=R101-1
Removed Pin From Net: NetName=GND Pin=R102-1
Removed Pin From Net: NetName=P_GND Pin=R102-2
Removed Pin From Net: NetName=P_GND Pin=R111-1
Removed Pin From Net: NetName=P_GND Pin=R112-1
Removed Pin From Net: NetName=P_GND Pin=R113-1
Removed Pin From Net: NetName=P_GND Pin=R114-1
Removed Pin From Net: NetName=+12V Pin=R115-2
Removed Pin From Net: NetName=GND Pin=R120-1
Removed Pin From Net: NetName=GND Pin=R121-1
Removed Pin From Net: NetName=P_GND Pin=R121-2
Removed Pin From Net: NetName=P_GND Pin=R130-1
Removed Pin From Net: NetName=P_GND Pin=R131-1
Removed Pin From Net: NetName=P_GND Pin=R132-1
Removed Pin From Net: NetName=P_GND Pin=R133-1
Removed Pin From Net: NetName=+12V Pin=U15-1
Removed Pin From Net: NetName=GND Pin=U15-7
Removed Pin From Net: NetName=+12V Pin=U16-1
Removed Pin From Net: NetName=GND Pin=U16-7
Added Pin To Net: NetName=EnableSW Pin=U4-5
Added Net: Name=EnableSW
