Added Component: Designator=U3(SIP5)
Add component. Clean all parameters for all variants
Add component (AddParameter): Name = "Approvals & Standards"; Value = "-"; VariantName = "[No Variations]"
Add component (AddParameter): Name = "Case"; Value = "SIP5"; VariantName = "[No Variations]"
Add component (AddParameter): Name = "ComponentLink1Description"; Value = "Datasheet"; VariantName = "[No Variations]"
Add component (AddParameter): Name = "ComponentLink1URL"; Value = "https://datasheet.ciiva.com/29378/sf-ia-29378232.pdf"; VariantName = "[No Variations]"
Add component (AddParameter): Name = "DC / DC Converter Mounting"; Value = "Through Hole"; VariantName = "[No Variations]"
Add component (AddParameter): Name = "DC / DC Converter Output Type"; Value = "Fixed"; VariantName = "[No Variations]"
Add component (AddParameter): Name = "DC / DC Converter Type"; Value = "SIP"; VariantName = "[No Variations]"
Add component (AddParameter): Name = "Depth"; Value = "19.3mm"; VariantName = "[No Variations]"
Add component (AddParameter): Name = "Height"; Value = "10.16mm"; VariantName = "[No Variations]"
Add component (AddParameter): Name = "Input Voltage DC Max"; Value = "5.5V"; VariantName = "[No Variations]"
Add component (AddParameter): Name = "Input Voltage DC Min"; Value = "4.5V"; VariantName = "[No Variations]"
Add component (AddParameter): Name = "Manufacturer"; Value = "XP Power"; VariantName = "[No Variations]"
Add component (AddParameter): Name = "Manufacturer Part Number"; Value = "IA0512S"; VariantName = "[No Variations]"
Add component (AddParameter): Name = "No. of Outputs"; Value = "2 Output"; VariantName = "[No Variations]"
Add component (AddParameter): Name = "Output Current - Output 1"; Value = "42mA"; VariantName = "[No Variations]"
Add component (AddParameter): Name = "Output Current - Output 2"; Value = "42mA"; VariantName = "[No Variations]"
Add component (AddParameter): Name = "Output Current - Output 3"; Value = "-"; VariantName = "[No Variations]"
Add component (AddParameter): Name = "Output Power Max"; Value = "1W"; VariantName = "[No Variations]"
Add component (AddParameter): Name = "Output Voltage - Output 1"; Value = "12V"; VariantName = "[No Variations]"
Add component (AddParameter): Name = "Output Voltage - Output 2"; Value = "-12V"; VariantName = "[No Variations]"
Add component (AddParameter): Name = "Output Voltage - Output 3"; Value = "-"; VariantName = "[No Variations]"
Add component (AddParameter): Name = "Pricing 1"; Value = "1=4.24, 5=4.11, 10=3.99 (EUR)"; VariantName = "[No Variations]"
Add component (AddParameter): Name = "Product Range"; Value = "IA Series"; VariantName = "[No Variations]"
Add component (AddParameter): Name = "Stock 1"; Value = "341"; VariantName = "[No Variations]"
Add component (AddParameter): Name = "Supplier 1"; Value = "Farnell"; VariantName = "[No Variations]"
Add component (AddParameter): Name = "Supplier Part Number 1"; Value = "8727503"; VariantName = "[No Variations]"
Add component (AddParameter): Name = "SVHC"; Value = "To Be Advised"; VariantName = "[No Variations]"
Add component (AddParameter): Name = "Type"; Value = "THT"; VariantName = "[No Variations]"
Add component (AddParameter): Name = "Width"; Value = "6.09mm"; VariantName = "[No Variations]"
