Change Component Footprint: Designator=R1 Old Footprint=RESC6432X08N New Footprint=RESC2914X05N
Change Component Footprint: Designator=R2 Old Footprint=RESC6432X08N New Footprint=RESC2914X05N
Change Component Footprint: Designator=R9 Old Footprint=RESC6432X08N New Footprint=RESC2914X05N
Change Component Footprint: Designator=R10 Old Footprint=RESC6432X08N New Footprint=RESC2914X05N
Change Component Footprint: Designator=R20 Old Footprint=RESC6432X08N New Footprint=RESC2914X05N
Change Component Footprint: Designator=R21 Old Footprint=RESC6432X08N New Footprint=RESC2914X05N
Change Component Footprint: Designator=R31 Old Footprint=RESC6432X08N New Footprint=RESC2914X05N
Change Component Footprint: Designator=R32 Old Footprint=RESC6432X08N New Footprint=RESC2914X05N
Change component parameters: Designator = "R1"; Footprint = "RESC2914X05N"; UniqueID = "\EFCXABJW"
Change component parameters. Clean all parameters for all variants
Change component parameters (AddParameter): Name = "Category"; Value = "Resistor"; VariantName = "[No Variations]"
Change component parameters (AddParameter): Name = "ComponentLink1Description"; Value = "Datasheet"; VariantName = "[No Variations]"
Change component parameters (AddParameter): Name = "ComponentLink1URL"; Value = "http://www.vishay.com/docs/20035/dcrcwe3.pdf"; VariantName = "[No Variations]"
Change component parameters (AddParameter): Name = "Manufacturer"; Value = "Vishay"; VariantName = "[No Variations]"
Change component parameters (AddParameter): Name = "Manufacturer Part Number"; Value = "CRCW08051R00FKEA"; VariantName = "[No Variations]"
Change component parameters (AddParameter): Name = "Package"; Value = "RESC1608X50N"; VariantName = "[No Variations]"
Change component parameters (AddParameter): Name = "Power rating"; Value = "0.125W"; VariantName = "[No Variations]"
Change component parameters (AddParameter): Name = "Resistance"; Value = "1R"; VariantName = "[No Variations]"
Change component parameters (AddParameter): Name = "Supplier1"; Value = "Avnet Abacus"; VariantName = "[No Variations]"
Change component parameters (AddParameter): Name = "Supplier part number"; Value = "CRCW08051R00FKEA"; VariantName = "[No Variations]"
Change component parameters (AddParameter): Name = "Tolerance"; Value = "1%"; VariantName = "[No Variations]"
Change component parameters (AddParameter): Name = "Type"; Value = "SMD"; VariantName = "[No Variations]"
Change component parameters (AddParameter): Name = "Voltage rating"; Value = ""; VariantName = "[No Variations]"
Change component parameters: Designator = "R2"; Footprint = "RESC2914X05N"; UniqueID = "\BFWWJIEK"
Change component parameters. Clean all parameters for all variants
Change component parameters (AddParameter): Name = "Category"; Value = "Resistor"; VariantName = "[No Variations]"
Change component parameters (AddParameter): Name = "ComponentLink1Description"; Value = "Datasheet"; VariantName = "[No Variations]"
Change component parameters (AddParameter): Name = "ComponentLink1URL"; Value = "http://www.vishay.com/docs/20035/dcrcwe3.pdf"; VariantName = "[No Variations]"
Change component parameters (AddParameter): Name = "Manufacturer"; Value = "Vishay"; VariantName = "[No Variations]"
Change component parameters (AddParameter): Name = "Manufacturer Part Number"; Value = "CRCW08051R00FKEA"; VariantName = "[No Variations]"
Change component parameters (AddParameter): Name = "Package"; Value = "RESC1608X50N"; VariantName = "[No Variations]"
Change component parameters (AddParameter): Name = "Power rating"; Value = "0.125W"; VariantName = "[No Variations]"
Change component parameters (AddParameter): Name = "Resistance"; Value = "1R"; VariantName = "[No Variations]"
Change component parameters (AddParameter): Name = "Supplier1"; Value = "Avnet Abacus"; VariantName = "[No Variations]"
Change component parameters (AddParameter): Name = "Supplier part number"; Value = "CRCW08051R00FKEA"; VariantName = "[No Variations]"
Change component parameters (AddParameter): Name = "Tolerance"; Value = "1%"; VariantName = "[No Variations]"
Change component parameters (AddParameter): Name = "Type"; Value = "SMD"; VariantName = "[No Variations]"
Change component parameters (AddParameter): Name = "Voltage rating"; Value = ""; VariantName = "[No Variations]"
Change component parameters: Designator = "R9"; Footprint = "RESC2914X05N"; UniqueID = "\QINEUQPN"
Change component parameters. Clean all parameters for all variants
Change component parameters (AddParameter): Name = "Category"; Value = "Resistor"; VariantName = "[No Variations]"
Change component parameters (AddParameter): Name = "ComponentLink1Description"; Value = "Datasheet"; VariantName = "[No Variations]"
Change component parameters (AddParameter): Name = "ComponentLink1URL"; Value = "http://www.vishay.com/docs/20035/dcrcwe3.pdf"; VariantName = "[No Variations]"
Change component parameters (AddParameter): Name = "Manufacturer"; Value = "Vishay"; VariantName = "[No Variations]"
Change component parameters (AddParameter): Name = "Manufacturer Part Number"; Value = "CRCW08051R00FKEA"; VariantName = "[No Variations]"
Change component parameters (AddParameter): Name = "Package"; Value = "RESC1608X50N"; VariantName = "[No Variations]"
Change component parameters (AddParameter): Name = "Power rating"; Value = "0.125W"; VariantName = "[No Variations]"
Change component parameters (AddParameter): Name = "Resistance"; Value = "1R"; VariantName = "[No Variations]"
Change component parameters (AddParameter): Name = "Supplier1"; Value = "Avnet Abacus"; VariantName = "[No Variations]"
Change component parameters (AddParameter): Name = "Supplier part number"; Value = "CRCW08051R00FKEA"; VariantName = "[No Variations]"
Change component parameters (AddParameter): Name = "Tolerance"; Value = "1%"; VariantName = "[No Variations]"
Change component parameters (AddParameter): Name = "Type"; Value = "SMD"; VariantName = "[No Variations]"
Change component parameters (AddParameter): Name = "Voltage rating"; Value = ""; VariantName = "[No Variations]"
Change component parameters: Designator = "R10"; Footprint = "RESC2914X05N"; UniqueID = "\GHIKRDRM"
Change component parameters. Clean all parameters for all variants
Change component parameters (AddParameter): Name = "Category"; Value = "Resistor"; VariantName = "[No Variations]"
Change component parameters (AddParameter): Name = "ComponentLink1Description"; Value = "Datasheet"; VariantName = "[No Variations]"
Change component parameters (AddParameter): Name = "ComponentLink1URL"; Value = "http://www.vishay.com/docs/20035/dcrcwe3.pdf"; VariantName = "[No Variations]"
Change component parameters (AddParameter): Name = "Manufacturer"; Value = "Vishay"; VariantName = "[No Variations]"
Change component parameters (AddParameter): Name = "Manufacturer Part Number"; Value = "CRCW08051R00FKEA"; VariantName = "[No Variations]"
Change component parameters (AddParameter): Name = "Package"; Value = "RESC1608X50N"; VariantName = "[No Variations]"
Change component parameters (AddParameter): Name = "Power rating"; Value = "0.125W"; VariantName = "[No Variations]"
Change component parameters (AddParameter): Name = "Resistance"; Value = "1R"; VariantName = "[No Variations]"
Change component parameters (AddParameter): Name = "Supplier1"; Value = "Avnet Abacus"; VariantName = "[No Variations]"
Change component parameters (AddParameter): Name = "Supplier part number"; Value = "CRCW08051R00FKEA"; VariantName = "[No Variations]"
Change component parameters (AddParameter): Name = "Tolerance"; Value = "1%"; VariantName = "[No Variations]"
Change component parameters (AddParameter): Name = "Type"; Value = "SMD"; VariantName = "[No Variations]"
Change component parameters (AddParameter): Name = "Voltage rating"; Value = ""; VariantName = "[No Variations]"
Change component parameters: Designator = "R20"; Footprint = "RESC2914X05N"; UniqueID = "\VYVUDSKK"
Change component parameters. Clean all parameters for all variants
Change component parameters (AddParameter): Name = "Category"; Value = "Resistor"; VariantName = "[No Variations]"
Change component parameters (AddParameter): Name = "ComponentLink1Description"; Value = "Datasheet"; VariantName = "[No Variations]"
Change component parameters (AddParameter): Name = "ComponentLink1URL"; Value = "http://www.vishay.com/docs/20035/dcrcwe3.pdf"; VariantName = "[No Variations]"
Change component parameters (AddParameter): Name = "Manufacturer"; Value = "Vishay"; VariantName = "[No Variations]"
Change component parameters (AddParameter): Name = "Manufacturer Part Number"; Value = "CRCW08051R00FKEA"; VariantName = "[No Variations]"
Change component parameters (AddParameter): Name = "Package"; Value = "RESC1608X50N"; VariantName = "[No Variations]"
Change component parameters (AddParameter): Name = "Power rating"; Value = "0.125W"; VariantName = "[No Variations]"
Change component parameters (AddParameter): Name = "Resistance"; Value = "1R"; VariantName = "[No Variations]"
Change component parameters (AddParameter): Name = "Supplier1"; Value = "Avnet Abacus"; VariantName = "[No Variations]"
Change component parameters (AddParameter): Name = "Supplier part number"; Value = "CRCW08051R00FKEA"; VariantName = "[No Variations]"
Change component parameters (AddParameter): Name = "Tolerance"; Value = "1%"; VariantName = "[No Variations]"
Change component parameters (AddParameter): Name = "Type"; Value = "SMD"; VariantName = "[No Variations]"
Change component parameters (AddParameter): Name = "Voltage rating"; Value = ""; VariantName = "[No Variations]"
Change component parameters: Designator = "R21"; Footprint = "RESC2914X05N"; UniqueID = "\VHKDQCVC"
Change component parameters. Clean all parameters for all variants
Change component parameters (AddParameter): Name = "Category"; Value = "Resistor"; VariantName = "[No Variations]"
Change component parameters (AddParameter): Name = "ComponentLink1Description"; Value = "Datasheet"; VariantName = "[No Variations]"
Change component parameters (AddParameter): Name = "ComponentLink1URL"; Value = "http://www.vishay.com/docs/20035/dcrcwe3.pdf"; VariantName = "[No Variations]"
Change component parameters (AddParameter): Name = "Manufacturer"; Value = "Vishay"; VariantName = "[No Variations]"
Change component parameters (AddParameter): Name = "Manufacturer Part Number"; Value = "CRCW08051R00FKEA"; VariantName = "[No Variations]"
Change component parameters (AddParameter): Name = "Package"; Value = "RESC1608X50N"; VariantName = "[No Variations]"
Change component parameters (AddParameter): Name = "Power rating"; Value = "0.125W"; VariantName = "[No Variations]"
Change component parameters (AddParameter): Name = "Resistance"; Value = "1R"; VariantName = "[No Variations]"
Change component parameters (AddParameter): Name = "Supplier1"; Value = "Avnet Abacus"; VariantName = "[No Variations]"
Change component parameters (AddParameter): Name = "Supplier part number"; Value = "CRCW08051R00FKEA"; VariantName = "[No Variations]"
Change component parameters (AddParameter): Name = "Tolerance"; Value = "1%"; VariantName = "[No Variations]"
Change component parameters (AddParameter): Name = "Type"; Value = "SMD"; VariantName = "[No Variations]"
Change component parameters (AddParameter): Name = "Voltage rating"; Value = ""; VariantName = "[No Variations]"
Change component parameters: Designator = "R31"; Footprint = "RESC2914X05N"; UniqueID = "\FGAPKIAO"
Change component parameters. Clean all parameters for all variants
Change component parameters (AddParameter): Name = "Category"; Value = "Resistor"; VariantName = "[No Variations]"
Change component parameters (AddParameter): Name = "ComponentLink1Description"; Value = "Datasheet"; VariantName = "[No Variations]"
Change component parameters (AddParameter): Name = "ComponentLink1URL"; Value = "http://www.vishay.com/docs/20035/dcrcwe3.pdf"; VariantName = "[No Variations]"
Change component parameters (AddParameter): Name = "Manufacturer"; Value = "Vishay"; VariantName = "[No Variations]"
Change component parameters (AddParameter): Name = "Manufacturer Part Number"; Value = "CRCW08051R00FKEA"; VariantName = "[No Variations]"
Change component parameters (AddParameter): Name = "Package"; Value = "RESC1608X50N"; VariantName = "[No Variations]"
Change component parameters (AddParameter): Name = "Power rating"; Value = "0.125W"; VariantName = "[No Variations]"
Change component parameters (AddParameter): Name = "Resistance"; Value = "1R"; VariantName = "[No Variations]"
Change component parameters (AddParameter): Name = "Supplier1"; Value = "Avnet Abacus"; VariantName = "[No Variations]"
Change component parameters (AddParameter): Name = "Supplier part number"; Value = "CRCW08051R00FKEA"; VariantName = "[No Variations]"
Change component parameters (AddParameter): Name = "Tolerance"; Value = "1%"; VariantName = "[No Variations]"
Change component parameters (AddParameter): Name = "Type"; Value = "SMD"; VariantName = "[No Variations]"
Change component parameters (AddParameter): Name = "Voltage rating"; Value = ""; VariantName = "[No Variations]"
Change component parameters: Designator = "R32"; Footprint = "RESC2914X05N"; UniqueID = "\NUQMCCQW"
Change component parameters. Clean all parameters for all variants
Change component parameters (AddParameter): Name = "Category"; Value = "Resistor"; VariantName = "[No Variations]"
Change component parameters (AddParameter): Name = "ComponentLink1Description"; Value = "Datasheet"; VariantName = "[No Variations]"
Change component parameters (AddParameter): Name = "ComponentLink1URL"; Value = "http://www.vishay.com/docs/20035/dcrcwe3.pdf"; VariantName = "[No Variations]"
Change component parameters (AddParameter): Name = "Manufacturer"; Value = "Vishay"; VariantName = "[No Variations]"
Change component parameters (AddParameter): Name = "Manufacturer Part Number"; Value = "CRCW08051R00FKEA"; VariantName = "[No Variations]"
Change component parameters (AddParameter): Name = "Package"; Value = "RESC1608X50N"; VariantName = "[No Variations]"
Change component parameters (AddParameter): Name = "Power rating"; Value = "0.125W"; VariantName = "[No Variations]"
Change component parameters (AddParameter): Name = "Resistance"; Value = "1R"; VariantName = "[No Variations]"
Change component parameters (AddParameter): Name = "Supplier1"; Value = "Avnet Abacus"; VariantName = "[No Variations]"
Change component parameters (AddParameter): Name = "Supplier part number"; Value = "CRCW08051R00FKEA"; VariantName = "[No Variations]"
Change component parameters (AddParameter): Name = "Tolerance"; Value = "1%"; VariantName = "[No Variations]"
Change component parameters (AddParameter): Name = "Type"; Value = "SMD"; VariantName = "[No Variations]"
Change component parameters (AddParameter): Name = "Voltage rating"; Value = ""; VariantName = "[No Variations]"
Added Pin To Net: NetName=Vouta Pin=C17-1
Added Pin To Net: NetName=Vouta Pin=C18-1
Added Pin To Net: NetName=Vouta Pin=C19-2
Added Pin To Net: NetName=Vouta Pin=C20-2
Added Pin To Net: NetName=Vouta Pin=L2-2
Change Net Name : Old Net Name=Vouta New Net Name=Vout+
