Added Component: Designator=U10(TSOP65P640X120-28N)
Add component. Clean all parameters for all variants
Add component (AddParameter): Name = "Architecture"; Value = "Sigma-Delta"; VariantName = "[No Variations]"
Add component (AddParameter): Name = "Case"; Value = "28-TSSOP (0.173", 4.40mm Width)"; VariantName = "[No Variations]"
Add component (AddParameter): Name = "Category"; Value = "Data Acquisition - Analog to Digital Converters (ADC)"; VariantName = "[No Variations]"
Add component (AddParameter): Name = "ComponentLink1Description"; Value = "Datasheet"; VariantName = "[No Variations]"
Add component (AddParameter): Name = "ComponentLink1URL"; Value = "https://www.analog.com/media/en/technical-documentation/data-sheets/AD7732.pdf"; VariantName = "[No Variations]"
Add component (AddParameter): Name = "Data Interface"; Value = "SPI, DSP"; VariantName = "[No Variations]"
Add component (AddParameter): Name = "Input Type"; Value = "Diferential"; VariantName = "[No Variations]"
Add component (AddParameter): Name = "Manufacturer Part Number"; Value = "AD7732BRUZ"; VariantName = "[No Variations]"
Add component (AddParameter): Name = "Number of A/D Converters"; Value = "1"; VariantName = "[No Variations]"
Add component (AddParameter): Name = "Number of bits"; Value = "24"; VariantName = "[No Variations]"
Add component (AddParameter): Name = "Number of Inputs"; Value = "2"; VariantName = "[No Variations]"
Add component (AddParameter): Name = "Operating Temperature"; Value = "-40°C ~ 105°C"; VariantName = "[No Variations]"
Add component (AddParameter): Name = "Package"; Value = "SOP65P640X120-28N"; VariantName = "[No Variations]"
Add component (AddParameter): Name = "Parameter 2"; Value = ""; VariantName = "[No Variations]"
Add component (AddParameter): Name = "Sampling Rate (Per Second)"; Value = "15.4k"; VariantName = "[No Variations]"
Add component (AddParameter): Name = "Supplier"; Value = "Sangus"; VariantName = "[No Variations]"
Add component (AddParameter): Name = "Voltage - Supply, Analog"; Value = "5 V"; VariantName = "[No Variations]"
Add component (AddParameter): Name = "Voltage - Supply, Digital"; Value = "2.7V ~ 3.6V, 5V"; VariantName = "[No Variations]"
Added Component: Designator=U11(TSOP65P640X120-28N)
Add component. Clean all parameters for all variants
Add component (AddParameter): Name = "Architecture"; Value = "Sigma-Delta"; VariantName = "[No Variations]"
Add component (AddParameter): Name = "Case"; Value = "28-TSSOP (0.173", 4.40mm Width)"; VariantName = "[No Variations]"
Add component (AddParameter): Name = "Category"; Value = "Data Acquisition - Analog to Digital Converters (ADC)"; VariantName = "[No Variations]"
Add component (AddParameter): Name = "ComponentLink1Description"; Value = "Datasheet"; VariantName = "[No Variations]"
Add component (AddParameter): Name = "ComponentLink1URL"; Value = "https://www.analog.com/media/en/technical-documentation/data-sheets/AD7732.pdf"; VariantName = "[No Variations]"
Add component (AddParameter): Name = "Data Interface"; Value = "SPI, DSP"; VariantName = "[No Variations]"
Add component (AddParameter): Name = "Input Type"; Value = "Diferential"; VariantName = "[No Variations]"
Add component (AddParameter): Name = "Manufacturer Part Number"; Value = "AD7732BRUZ"; VariantName = "[No Variations]"
Add component (AddParameter): Name = "Number of A/D Converters"; Value = "1"; VariantName = "[No Variations]"
Add component (AddParameter): Name = "Number of bits"; Value = "24"; VariantName = "[No Variations]"
Add component (AddParameter): Name = "Number of Inputs"; Value = "2"; VariantName = "[No Variations]"
Add component (AddParameter): Name = "Operating Temperature"; Value = "-40°C ~ 105°C"; VariantName = "[No Variations]"
Add component (AddParameter): Name = "Package"; Value = "SOP65P640X120-28N"; VariantName = "[No Variations]"
Add component (AddParameter): Name = "Parameter 2"; Value = ""; VariantName = "[No Variations]"
Add component (AddParameter): Name = "Sampling Rate (Per Second)"; Value = "15.4k"; VariantName = "[No Variations]"
Add component (AddParameter): Name = "Supplier"; Value = "Sangus"; VariantName = "[No Variations]"
Add component (AddParameter): Name = "Voltage - Supply, Analog"; Value = "5 V"; VariantName = "[No Variations]"
Add component (AddParameter): Name = "Voltage - Supply, Digital"; Value = "2.7V ~ 3.6V, 5V"; VariantName = "[No Variations]"
Added Component: Designator=U12(TSOP65P640X120-28N)
Add component. Clean all parameters for all variants
Add component (AddParameter): Name = "Architecture"; Value = "Sigma-Delta"; VariantName = "[No Variations]"
Add component (AddParameter): Name = "Case"; Value = "28-TSSOP (0.173", 4.40mm Width)"; VariantName = "[No Variations]"
Add component (AddParameter): Name = "Category"; Value = "Data Acquisition - Analog to Digital Converters (ADC)"; VariantName = "[No Variations]"
Add component (AddParameter): Name = "ComponentLink1Description"; Value = "Datasheet"; VariantName = "[No Variations]"
Add component (AddParameter): Name = "ComponentLink1URL"; Value = "https://www.analog.com/media/en/technical-documentation/data-sheets/AD7732.pdf"; VariantName = "[No Variations]"
Add component (AddParameter): Name = "Data Interface"; Value = "SPI, DSP"; VariantName = "[No Variations]"
Add component (AddParameter): Name = "Input Type"; Value = "Diferential"; VariantName = "[No Variations]"
Add component (AddParameter): Name = "Manufacturer Part Number"; Value = "AD7732BRUZ"; VariantName = "[No Variations]"
Add component (AddParameter): Name = "Number of A/D Converters"; Value = "1"; VariantName = "[No Variations]"
Add component (AddParameter): Name = "Number of bits"; Value = "24"; VariantName = "[No Variations]"
Add component (AddParameter): Name = "Number of Inputs"; Value = "2"; VariantName = "[No Variations]"
Add component (AddParameter): Name = "Operating Temperature"; Value = "-40°C ~ 105°C"; VariantName = "[No Variations]"
Add component (AddParameter): Name = "Package"; Value = "SOP65P640X120-28N"; VariantName = "[No Variations]"
Add component (AddParameter): Name = "Parameter 2"; Value = ""; VariantName = "[No Variations]"
Add component (AddParameter): Name = "Sampling Rate (Per Second)"; Value = "15.4k"; VariantName = "[No Variations]"
Add component (AddParameter): Name = "Supplier"; Value = "Sangus"; VariantName = "[No Variations]"
Add component (AddParameter): Name = "Voltage - Supply, Analog"; Value = "5 V"; VariantName = "[No Variations]"
Add component (AddParameter): Name = "Voltage - Supply, Digital"; Value = "2.7V ~ 3.6V, 5V"; VariantName = "[No Variations]"
