Replace Part C1 D222K25Y5PH63J5R in C:\Users\SasaI\Desktop\RMO V biljeske\RMO-V chopper board ver1-0\RMO-V_chopper_board_V1.0.SchDoc with D222K25Y5PH63J5R from RMOV_chopper.IntLib
Replace Part C2 D222K25Y5PH63J5R in C:\Users\SasaI\Desktop\RMO V biljeske\RMO-V chopper board ver1-0\RMO-V_chopper_board_V1.0.SchDoc with D222K25Y5PH63J5R from RMOV_chopper.IntLib
Replace Part C3 RHS1V101MCN1GS in C:\Users\SasaI\Desktop\RMO V biljeske\RMO-V chopper board ver1-0\RMO-V_chopper_board_V1.0.SchDoc with RHS1V101MCN1GS from RMOV_chopper.IntLib
Replace Part C4 RHS1V101MCN1GS in C:\Users\SasaI\Desktop\RMO V biljeske\RMO-V chopper board ver1-0\RMO-V_chopper_board_V1.0.SchDoc with RHS1V101MCN1GS from RMOV_chopper.IntLib
Replace Part C5 CL21B105KAFNNNG in C:\Users\SasaI\Desktop\RMO V biljeske\RMO-V chopper board ver1-0\RMO-V_chopper_board_V1.0.SchDoc with CL21B105KAFNNNG from RMOV_chopper.IntLib
Replace Part C6 PCV1V560MCL1GS in C:\Users\SasaI\Desktop\RMO V biljeske\RMO-V chopper board ver1-0\RMO-V_chopper_board_V1.0.SchDoc with PCV1V560MCL1GS from RMOV_chopper.IntLib
Replace Part C7 PCV1V560MCL1GS in C:\Users\SasaI\Desktop\RMO V biljeske\RMO-V chopper board ver1-0\RMO-V_chopper_board_V1.0.SchDoc with PCV1V560MCL1GS from RMOV_chopper.IntLib
Replace Part C8 CL21B105KAFNNNG in C:\Users\SasaI\Desktop\RMO V biljeske\RMO-V chopper board ver1-0\RMO-V_chopper_board_V1.0.SchDoc with CL21B105KAFNNNG from RMOV_chopper.IntLib
Replace Part C9 UMK325C7106MM-T in C:\Users\SasaI\Desktop\RMO V biljeske\RMO-V chopper board ver1-0\RMO-V_chopper_board_V1.0.SchDoc with UMK325C7106MM-T from RMOV_chopper.IntLib
Replace Part C10 UMK325C7106MM-T in C:\Users\SasaI\Desktop\RMO V biljeske\RMO-V chopper board ver1-0\RMO-V_chopper_board_V1.0.SchDoc with UMK325C7106MM-T from RMOV_chopper.IntLib
Replace Part C11 D222K25Y5PH63J5R in C:\Users\SasaI\Desktop\RMO V biljeske\RMO-V chopper board ver1-0\RMO-V_chopper_board_V1.0.SchDoc with D222K25Y5PH63J5R from RMOV_chopper.IntLib
Replace Part C12 D222K25Y5PH63J5R in C:\Users\SasaI\Desktop\RMO V biljeske\RMO-V chopper board ver1-0\RMO-V_chopper_board_V1.0.SchDoc with D222K25Y5PH63J5R from RMOV_chopper.IntLib
Replace Part C13 D222K25Y5PH63J5R in C:\Users\SasaI\Desktop\RMO V biljeske\RMO-V chopper board ver1-0\RMO-V_chopper_board_V1.0.SchDoc with D222K25Y5PH63J5R from RMOV_chopper.IntLib
Replace Part C14 D222K25Y5PH63J5R in C:\Users\SasaI\Desktop\RMO V biljeske\RMO-V chopper board ver1-0\RMO-V_chopper_board_V1.0.SchDoc with D222K25Y5PH63J5R from RMOV_chopper.IntLib
Replace Part C15 CL21B105KAFNNNG in C:\Users\SasaI\Desktop\RMO V biljeske\RMO-V chopper board ver1-0\RMO-V_chopper_board_V1.0.SchDoc with CL21B105KAFNNNG from RMOV_chopper.IntLib
Replace Part C16 CL21B105KAFNNNG in C:\Users\SasaI\Desktop\RMO V biljeske\RMO-V chopper board ver1-0\RMO-V_chopper_board_V1.0.SchDoc with CL21B105KAFNNNG from RMOV_chopper.IntLib
Replace Part C17 PCV1V560MCL1GS in C:\Users\SasaI\Desktop\RMO V biljeske\RMO-V chopper board ver1-0\RMO-V_chopper_board_V1.0.SchDoc with PCV1V560MCL1GS from RMOV_chopper.IntLib
Replace Part C18 PCV1V560MCL1GS in C:\Users\SasaI\Desktop\RMO V biljeske\RMO-V chopper board ver1-0\RMO-V_chopper_board_V1.0.SchDoc with PCV1V560MCL1GS from RMOV_chopper.IntLib
Replace Part C19 UMK325C7106MM-T in C:\Users\SasaI\Desktop\RMO V biljeske\RMO-V chopper board ver1-0\RMO-V_chopper_board_V1.0.SchDoc with UMK325C7106MM-T from RMOV_chopper.IntLib
Replace Part C20 UMK325C7106MM-T in C:\Users\SasaI\Desktop\RMO V biljeske\RMO-V chopper board ver1-0\RMO-V_chopper_board_V1.0.SchDoc with UMK325C7106MM-T from RMOV_chopper.IntLib
Replace Part C21 D222K25Y5PH63J5R in C:\Users\SasaI\Desktop\RMO V biljeske\RMO-V chopper board ver1-0\RMO-V_chopper_board_V1.0.SchDoc with D222K25Y5PH63J5R from RMOV_chopper.IntLib
Replace Part C22 D222K25Y5PH63J5R in C:\Users\SasaI\Desktop\RMO V biljeske\RMO-V chopper board ver1-0\RMO-V_chopper_board_V1.0.SchDoc with D222K25Y5PH63J5R from RMOV_chopper.IntLib
Replace Part D1 DB2441600L in C:\Users\SasaI\Desktop\RMO V biljeske\RMO-V chopper board ver1-0\RMO-V_chopper_board_V1.0.SchDoc with DB2441600L from RMOV_chopper.IntLib
Replace Part D2 DB2441600L in C:\Users\SasaI\Desktop\RMO V biljeske\RMO-V chopper board ver1-0\RMO-V_chopper_board_V1.0.SchDoc with DB2441600L from RMOV_chopper.IntLib
Replace Part D3 MMSZ5248B-7-F in C:\Users\SasaI\Desktop\RMO V biljeske\RMO-V chopper board ver1-0\RMO-V_chopper_board_V1.0.SchDoc with MMSZ5248B-7-F from RMOV_chopper.IntLib
Replace Part D4 MMSZ5248B-7-F in C:\Users\SasaI\Desktop\RMO V biljeske\RMO-V chopper board ver1-0\RMO-V_chopper_board_V1.0.SchDoc with MMSZ5248B-7-F from RMOV_chopper.IntLib
Replace Part D5 MMSZ5248B-7-F in C:\Users\SasaI\Desktop\RMO V biljeske\RMO-V chopper board ver1-0\RMO-V_chopper_board_V1.0.SchDoc with MMSZ5248B-7-F from RMOV_chopper.IntLib
Replace Part D6 MMSZ5248B-7-F in C:\Users\SasaI\Desktop\RMO V biljeske\RMO-V chopper board ver1-0\RMO-V_chopper_board_V1.0.SchDoc with MMSZ5248B-7-F from RMOV_chopper.IntLib
Replace Part D7 DB2441600L in C:\Users\SasaI\Desktop\RMO V biljeske\RMO-V chopper board ver1-0\RMO-V_chopper_board_V1.0.SchDoc with DB2441600L from RMOV_chopper.IntLib
Replace Part D8 DB2441600L in C:\Users\SasaI\Desktop\RMO V biljeske\RMO-V chopper board ver1-0\RMO-V_chopper_board_V1.0.SchDoc with DB2441600L from RMOV_chopper.IntLib
Replace Part D9 MMSZ5248B-7-F in C:\Users\SasaI\Desktop\RMO V biljeske\RMO-V chopper board ver1-0\RMO-V_chopper_board_V1.0.SchDoc with MMSZ5248B-7-F from RMOV_chopper.IntLib
Replace Part D10 MMSZ5248B-7-F in C:\Users\SasaI\Desktop\RMO V biljeske\RMO-V chopper board ver1-0\RMO-V_chopper_board_V1.0.SchDoc with MMSZ5248B-7-F from RMOV_chopper.IntLib
Replace Part D11 MMSZ5248B-7-F in C:\Users\SasaI\Desktop\RMO V biljeske\RMO-V chopper board ver1-0\RMO-V_chopper_board_V1.0.SchDoc with MMSZ5248B-7-F from RMOV_chopper.IntLib
Replace Part D12 MMSZ5248B-7-F in C:\Users\SasaI\Desktop\RMO V biljeske\RMO-V chopper board ver1-0\RMO-V_chopper_board_V1.0.SchDoc with MMSZ5248B-7-F from RMOV_chopper.IntLib
Replace Part D13 DB2441600L in C:\Users\SasaI\Desktop\RMO V biljeske\RMO-V chopper board ver1-0\RMO-V_chopper_board_V1.0.SchDoc with DB2441600L from RMOV_chopper.IntLib
Replace Part D14 DB2441600L in C:\Users\SasaI\Desktop\RMO V biljeske\RMO-V chopper board ver1-0\RMO-V_chopper_board_V1.0.SchDoc with DB2441600L from RMOV_chopper.IntLib
Replace Part D15 MMSZ5248B-7-F in C:\Users\SasaI\Desktop\RMO V biljeske\RMO-V chopper board ver1-0\RMO-V_chopper_board_V1.0.SchDoc with MMSZ5248B-7-F from RMOV_chopper.IntLib
Replace Part D16 MMSZ5248B-7-F in C:\Users\SasaI\Desktop\RMO V biljeske\RMO-V chopper board ver1-0\RMO-V_chopper_board_V1.0.SchDoc with MMSZ5248B-7-F from RMOV_chopper.IntLib
Replace Part D17 MMSZ5248B-7-F in C:\Users\SasaI\Desktop\RMO V biljeske\RMO-V chopper board ver1-0\RMO-V_chopper_board_V1.0.SchDoc with MMSZ5248B-7-F from RMOV_chopper.IntLib
Replace Part D18 MMSZ5248B-7-F in C:\Users\SasaI\Desktop\RMO V biljeske\RMO-V chopper board ver1-0\RMO-V_chopper_board_V1.0.SchDoc with MMSZ5248B-7-F from RMOV_chopper.IntLib
Replace Part D19 DB2441600L in C:\Users\SasaI\Desktop\RMO V biljeske\RMO-V chopper board ver1-0\RMO-V_chopper_board_V1.0.SchDoc with DB2441600L from RMOV_chopper.IntLib
Replace Part D20 DB2441600L in C:\Users\SasaI\Desktop\RMO V biljeske\RMO-V chopper board ver1-0\RMO-V_chopper_board_V1.0.SchDoc with DB2441600L from RMOV_chopper.IntLib
Replace Part D21 MMSZ5248B-7-F in C:\Users\SasaI\Desktop\RMO V biljeske\RMO-V chopper board ver1-0\RMO-V_chopper_board_V1.0.SchDoc with MMSZ5248B-7-F from RMOV_chopper.IntLib
Replace Part D22 MMSZ5248B-7-F in C:\Users\SasaI\Desktop\RMO V biljeske\RMO-V chopper board ver1-0\RMO-V_chopper_board_V1.0.SchDoc with MMSZ5248B-7-F from RMOV_chopper.IntLib
Replace Part D23 MMSZ5248B-7-F in C:\Users\SasaI\Desktop\RMO V biljeske\RMO-V chopper board ver1-0\RMO-V_chopper_board_V1.0.SchDoc with MMSZ5248B-7-F from RMOV_chopper.IntLib
Replace Part D24 MMSZ5248B-7-F in C:\Users\SasaI\Desktop\RMO V biljeske\RMO-V chopper board ver1-0\RMO-V_chopper_board_V1.0.SchDoc with MMSZ5248B-7-F from RMOV_chopper.IntLib
Replace Part L1 PQ2617BHA-4R7K in C:\Users\SasaI\Desktop\RMO V biljeske\RMO-V chopper board ver1-0\RMO-V_chopper_board_V1.0.SchDoc with PQ2617BHA-4R7K from RMOV_chopper.IntLib
Replace Part L2 PQ2617BHA-4R7K in C:\Users\SasaI\Desktop\RMO V biljeske\RMO-V chopper board ver1-0\RMO-V_chopper_board_V1.0.SchDoc with PQ2617BHA-4R7K from RMOV_chopper.IntLib
Replace Part Q1 AUIRLS3036-7TRL in C:\Users\SasaI\Desktop\RMO V biljeske\RMO-V chopper board ver1-0\RMO-V_chopper_board_V1.0.SchDoc with AUIRLS3036-7TRL from RMOV_chopper.IntLib
Replace Part Q2 AUIRLS3036-7TRL in C:\Users\SasaI\Desktop\RMO V biljeske\RMO-V chopper board ver1-0\RMO-V_chopper_board_V1.0.SchDoc with AUIRLS3036-7TRL from RMOV_chopper.IntLib
Replace Part Q3 AUIRLS3036-7TRL in C:\Users\SasaI\Desktop\RMO V biljeske\RMO-V chopper board ver1-0\RMO-V_chopper_board_V1.0.SchDoc with AUIRLS3036-7TRL from RMOV_chopper.IntLib
Replace Part Q4 AUIRLS3036-7TRL in C:\Users\SasaI\Desktop\RMO V biljeske\RMO-V chopper board ver1-0\RMO-V_chopper_board_V1.0.SchDoc with AUIRLS3036-7TRL from RMOV_chopper.IntLib
Replace Part Q5 AUIRLS3036-7TRL in C:\Users\SasaI\Desktop\RMO V biljeske\RMO-V chopper board ver1-0\RMO-V_chopper_board_V1.0.SchDoc with AUIRLS3036-7TRL from RMOV_chopper.IntLib
Replace Part Q6 AUIRLS3036-7TRL in C:\Users\SasaI\Desktop\RMO V biljeske\RMO-V chopper board ver1-0\RMO-V_chopper_board_V1.0.SchDoc with AUIRLS3036-7TRL from RMOV_chopper.IntLib
Replace Part Q7 AUIRLS3036-7TRL in C:\Users\SasaI\Desktop\RMO V biljeske\RMO-V chopper board ver1-0\RMO-V_chopper_board_V1.0.SchDoc with AUIRLS3036-7TRL from RMOV_chopper.IntLib
Replace Part Q8 AUIRLS3036-7TRL in C:\Users\SasaI\Desktop\RMO V biljeske\RMO-V chopper board ver1-0\RMO-V_chopper_board_V1.0.SchDoc with AUIRLS3036-7TRL from RMOV_chopper.IntLib
Replace Part R1 CR2512-J/-1R0ELF in C:\Users\SasaI\Desktop\RMO V biljeske\RMO-V chopper board ver1-0\RMO-V_chopper_board_V1.0.SchDoc with CR2512-J/-1R0ELF from RMOV_chopper.IntLib
Replace Part R2 CR2512-J/-1R0ELF in C:\Users\SasaI\Desktop\RMO V biljeske\RMO-V chopper board ver1-0\RMO-V_chopper_board_V1.0.SchDoc with CR2512-J/-1R0ELF from RMOV_chopper.IntLib
Replace Part R3 RC0805FR-0747RL in C:\Users\SasaI\Desktop\RMO V biljeske\RMO-V chopper board ver1-0\RMO-V_chopper_board_V1.0.SchDoc with RC0805FR-0747RL from RMOV_chopper.IntLib
Replace Part R4 RC0805FR-0747RL in C:\Users\SasaI\Desktop\RMO V biljeske\RMO-V chopper board ver1-0\RMO-V_chopper_board_V1.0.SchDoc with RC0805FR-0747RL from RMOV_chopper.IntLib
Replace Part R5 RC0805FR-072K2L in C:\Users\SasaI\Desktop\RMO V biljeske\RMO-V chopper board ver1-0\RMO-V_chopper_board_V1.0.SchDoc with RC0805FR-072K2L from RMOV_chopper.IntLib
Replace Part R6 RC0805FR-072K2L in C:\Users\SasaI\Desktop\RMO V biljeske\RMO-V chopper board ver1-0\RMO-V_chopper_board_V1.0.SchDoc with RC0805FR-072K2L from RMOV_chopper.IntLib
Replace Part R7 CR2512-J/-1R0ELF in C:\Users\SasaI\Desktop\RMO V biljeske\RMO-V chopper board ver1-0\RMO-V_chopper_board_V1.0.SchDoc with CR2512-J/-1R0ELF from RMOV_chopper.IntLib
Replace Part R8 CR2512-J/-1R0ELF in C:\Users\SasaI\Desktop\RMO V biljeske\RMO-V chopper board ver1-0\RMO-V_chopper_board_V1.0.SchDoc with CR2512-J/-1R0ELF from RMOV_chopper.IntLib
Replace Part R9 CR2512-J/-1R0ELF in C:\Users\SasaI\Desktop\RMO V biljeske\RMO-V chopper board ver1-0\RMO-V_chopper_board_V1.0.SchDoc with CR2512-J/-1R0ELF from RMOV_chopper.IntLib
Replace Part R10 CR2512-J/-1R0ELF in C:\Users\SasaI\Desktop\RMO V biljeske\RMO-V chopper board ver1-0\RMO-V_chopper_board_V1.0.SchDoc with CR2512-J/-1R0ELF from RMOV_chopper.IntLib
Replace Part R11 CRCW08051K50FKEA in C:\Users\SasaI\Desktop\RMO V biljeske\RMO-V chopper board ver1-0\RMO-V_chopper_board_V1.0.SchDoc with CRCW08051K50FKEA from RMOV_chopper.IntLib
Replace Part R12 CRCW080524R0FKEA in C:\Users\SasaI\Desktop\RMO V biljeske\RMO-V chopper board ver1-0\RMO-V_chopper_board_V1.0.SchDoc with CRCW080524R0FKEA from RMOV_chopper.IntLib
Replace Part R13 CRCW080524R0FKEA in C:\Users\SasaI\Desktop\RMO V biljeske\RMO-V chopper board ver1-0\RMO-V_chopper_board_V1.0.SchDoc with CRCW080524R0FKEA from RMOV_chopper.IntLib
Replace Part R14 RC0805FR-072K2L in C:\Users\SasaI\Desktop\RMO V biljeske\RMO-V chopper board ver1-0\RMO-V_chopper_board_V1.0.SchDoc with RC0805FR-072K2L from RMOV_chopper.IntLib
Replace Part R15 CR2512-J/-1R0ELF in C:\Users\SasaI\Desktop\RMO V biljeske\RMO-V chopper board ver1-0\RMO-V_chopper_board_V1.0.SchDoc with CR2512-J/-1R0ELF from RMOV_chopper.IntLib
Replace Part R16 RC0805FR-072K2L in C:\Users\SasaI\Desktop\RMO V biljeske\RMO-V chopper board ver1-0\RMO-V_chopper_board_V1.0.SchDoc with RC0805FR-072K2L from RMOV_chopper.IntLib
Replace Part R17 CR2512-J/-1R0ELF in C:\Users\SasaI\Desktop\RMO V biljeske\RMO-V chopper board ver1-0\RMO-V_chopper_board_V1.0.SchDoc with CR2512-J/-1R0ELF from RMOV_chopper.IntLib
Replace Part R18 RC0805FR-072K2L in C:\Users\SasaI\Desktop\RMO V biljeske\RMO-V chopper board ver1-0\RMO-V_chopper_board_V1.0.SchDoc with RC0805FR-072K2L from RMOV_chopper.IntLib
Replace Part R19 RC0805FR-070RL in C:\Users\SasaI\Desktop\RMO V biljeske\RMO-V chopper board ver1-0\RMO-V_chopper_board_V1.0.SchDoc with RC0805FR-070RL from RMOV_chopper.IntLib
Replace Part R20 CR2512-J/-1R0ELF in C:\Users\SasaI\Desktop\RMO V biljeske\RMO-V chopper board ver1-0\RMO-V_chopper_board_V1.0.SchDoc with CR2512-J/-1R0ELF from RMOV_chopper.IntLib
Replace Part R21 CR2512-J/-1R0ELF in C:\Users\SasaI\Desktop\RMO V biljeske\RMO-V chopper board ver1-0\RMO-V_chopper_board_V1.0.SchDoc with CR2512-J/-1R0ELF from RMOV_chopper.IntLib
Replace Part R22 RC0805FR-0747RL in C:\Users\SasaI\Desktop\RMO V biljeske\RMO-V chopper board ver1-0\RMO-V_chopper_board_V1.0.SchDoc with RC0805FR-0747RL from RMOV_chopper.IntLib
Replace Part R23 RC0805FR-0747RL in C:\Users\SasaI\Desktop\RMO V biljeske\RMO-V chopper board ver1-0\RMO-V_chopper_board_V1.0.SchDoc with RC0805FR-0747RL from RMOV_chopper.IntLib
Replace Part R24 RC0805FR-072K2L in C:\Users\SasaI\Desktop\RMO V biljeske\RMO-V chopper board ver1-0\RMO-V_chopper_board_V1.0.SchDoc with RC0805FR-072K2L from RMOV_chopper.IntLib
Replace Part R25 RC0805FR-072K2L in C:\Users\SasaI\Desktop\RMO V biljeske\RMO-V chopper board ver1-0\RMO-V_chopper_board_V1.0.SchDoc with RC0805FR-072K2L from RMOV_chopper.IntLib
Replace Part R26 CRCW08051K50FKEA in C:\Users\SasaI\Desktop\RMO V biljeske\RMO-V chopper board ver1-0\RMO-V_chopper_board_V1.0.SchDoc with CRCW08051K50FKEA from RMOV_chopper.IntLib
Replace Part R27 CR2512-J/-1R0ELF in C:\Users\SasaI\Desktop\RMO V biljeske\RMO-V chopper board ver1-0\RMO-V_chopper_board_V1.0.SchDoc with CR2512-J/-1R0ELF from RMOV_chopper.IntLib
Replace Part R28 CR2512-J/-1R0ELF in C:\Users\SasaI\Desktop\RMO V biljeske\RMO-V chopper board ver1-0\RMO-V_chopper_board_V1.0.SchDoc with CR2512-J/-1R0ELF from RMOV_chopper.IntLib
Replace Part R29 RC0805FR-072K2L in C:\Users\SasaI\Desktop\RMO V biljeske\RMO-V chopper board ver1-0\RMO-V_chopper_board_V1.0.SchDoc with RC0805FR-072K2L from RMOV_chopper.IntLib
Replace Part R30 RC0805FR-070RL in C:\Users\SasaI\Desktop\RMO V biljeske\RMO-V chopper board ver1-0\RMO-V_chopper_board_V1.0.SchDoc with RC0805FR-070RL from RMOV_chopper.IntLib
Replace Part R31 CR2512-J/-1R0ELF in C:\Users\SasaI\Desktop\RMO V biljeske\RMO-V chopper board ver1-0\RMO-V_chopper_board_V1.0.SchDoc with CR2512-J/-1R0ELF from RMOV_chopper.IntLib
Replace Part R32 CR2512-J/-1R0ELF in C:\Users\SasaI\Desktop\RMO V biljeske\RMO-V chopper board ver1-0\RMO-V_chopper_board_V1.0.SchDoc with CR2512-J/-1R0ELF from RMOV_chopper.IntLib
Replace Part R33 CRCW080524R0FKEA in C:\Users\SasaI\Desktop\RMO V biljeske\RMO-V chopper board ver1-0\RMO-V_chopper_board_V1.0.SchDoc with CRCW080524R0FKEA from RMOV_chopper.IntLib
Replace Part R34 CRCW080524R0FKEA in C:\Users\SasaI\Desktop\RMO V biljeske\RMO-V chopper board ver1-0\RMO-V_chopper_board_V1.0.SchDoc with CRCW080524R0FKEA from RMOV_chopper.IntLib
Replace Part R35 RC0805FR-072K2L in C:\Users\SasaI\Desktop\RMO V biljeske\RMO-V chopper board ver1-0\RMO-V_chopper_board_V1.0.SchDoc with RC0805FR-072K2L from RMOV_chopper.IntLib
Replace Part R36 RC0805FR-072K2L in C:\Users\SasaI\Desktop\RMO V biljeske\RMO-V chopper board ver1-0\RMO-V_chopper_board_V1.0.SchDoc with RC0805FR-072K2L from RMOV_chopper.IntLib
Replace Part R37 CR2512-J/-1R0ELF in C:\Users\SasaI\Desktop\RMO V biljeske\RMO-V chopper board ver1-0\RMO-V_chopper_board_V1.0.SchDoc with CR2512-J/-1R0ELF from RMOV_chopper.IntLib
Replace Part R38 CR2512-J/-1R0ELF in C:\Users\SasaI\Desktop\RMO V biljeske\RMO-V chopper board ver1-0\RMO-V_chopper_board_V1.0.SchDoc with CR2512-J/-1R0ELF from RMOV_chopper.IntLib
Replace Part U1 MIC4102YM in C:\Users\SasaI\Desktop\RMO V biljeske\RMO-V chopper board ver1-0\RMO-V_chopper_board_V1.0.SchDoc with MIC4102YM from RMOV_chopper.IntLib
Replace Part U2 MIC4102YM in C:\Users\SasaI\Desktop\RMO V biljeske\RMO-V chopper board ver1-0\RMO-V_chopper_board_V1.0.SchDoc with MIC4102YM from RMOV_chopper.IntLib
