Removed Pin From Net: NetName=5V Pin=J5-1
Removed Pin From Net: NetName=5V Pin=J5-2
Removed Pin From Net: NetName=+12V Pin=J5-3
Removed Pin From Net: NetName=+12V Pin=J5-4
Removed Pin From Net: NetName=-12V Pin=J5-5
Removed Pin From Net: NetName=-12V Pin=J5-6
Removed Pin From Net: NetName=3V3 Pin=J5-7
Removed Pin From Net: NetName=3V3 Pin=J5-8
Removed Pin From Net: NetName=P_GND Pin=J5-9
Removed Pin From Net: NetName=P_GND Pin=J5-10
Removed Pin From Net: NetName=SCLK Pin=J5-11
Removed Pin From Net: NetName=KONVa Pin=J5-12
Removed Pin From Net: NetName=R_ADC Pin=J5-13
Removed Pin From Net: NetName=KONVb Pin=J5-14
Removed Pin From Net: NetName=Sync Pin=J5-15
Removed Pin From Net: NetName=KONVc Pin=J5-16
Removed Pin From Net: NetName=DIN Pin=J5-17
Removed Pin From Net: NetName=CSa Pin=J5-18
Removed Pin From Net: NetName=DOUT Pin=J5-19
Removed Pin From Net: NetName=CSb Pin=J5-20
Removed Pin From Net: NetName=PWM_a Pin=J5-21
Removed Pin From Net: NetName=CSc Pin=J5-22
Removed Pin From Net: NetName=PWM_b Pin=J5-23
Added Component: Designator=J?(CONN2X20_MOLEX)
Add component. Clean all parameters for all variants
Add component (AddParameter): Name = "ComponentLink1Description"; Value = "Datasheet"; VariantName = "[No Variations]"
Add component (AddParameter): Name = "ComponentLink1URL"; Value = "https://datasheet.ciiva.com/14156/04315503-14156870.pdf?src-supplier=Distrelec"; VariantName = "[No Variations]"
Add component (AddParameter): Name = "Contact Gender"; Value = "Male"; VariantName = "[No Variations]"
Add component (AddParameter): Name = "Contact Material"; Value = "Gold"; VariantName = "[No Variations]"
Add component (AddParameter): Name = "Current Rating"; Value = "3A"; VariantName = "[No Variations]"
Add component (AddParameter): Name = "Housing Material"; Value = "Thermoplastic"; VariantName = "[No Variations]"
Add component (AddParameter): Name = "Manufacturer"; Value = "Hsuan Mao Technology"; VariantName = "[No Variations]"
Add component (AddParameter): Name = "Manufacturer Part Number"; Value = "C3510-40SPGB00R"; VariantName = "[No Variations]"
Add component (AddParameter): Name = "Pitch"; Value = "2.54mm"; VariantName = "[No Variations]"
Add component (AddParameter): Name = "Pricing 1"; Value = "1 = 1.11000, 50 = 0.87000, 100 = 0.64000 (EUR)"; VariantName = "[No Variations]"
Add component (AddParameter): Name = "Stock 1"; Value = "2061"; VariantName = "[No Variations]"
Add component (AddParameter): Name = "Supplier 1"; Value = "Elfa"; VariantName = "[No Variations]"
Add component (AddParameter): Name = "Supplier Part Number 1"; Value = "14315560"; VariantName = "[No Variations]"
Add component (AddParameter): Name = "Type"; Value = "THT"; VariantName = "[No Variations]"
Added Pin To Net: NetName=PWM_a Pin=J?-1
Added Pin To Net: NetName=PWM_b Pin=J?-3
Added Pin To Net: NetName=5V Pin=J?-5
Added Pin To Net: NetName=5V Pin=J?-6
Added Pin To Net: NetName=+12V Pin=J?-7
Added Pin To Net: NetName=+12V Pin=J?-8
Added Pin To Net: NetName=-12V Pin=J?-9
Added Pin To Net: NetName=-12V Pin=J?-10
Added Pin To Net: NetName=3V3 Pin=J?-11
Added Pin To Net: NetName=3V3 Pin=J?-12
Added Pin To Net: NetName=P_GND Pin=J?-13
Added Pin To Net: NetName=P_GND Pin=J?-14
Added Pin To Net: NetName=SCLK Pin=J?-15
Added Pin To Net: NetName=KONVa Pin=J?-16
Added Pin To Net: NetName=R_ADC Pin=J?-17
Added Pin To Net: NetName=KONVb Pin=J?-18
Added Pin To Net: NetName=Sync Pin=J?-19
Added Pin To Net: NetName=KONVc Pin=J?-20
Added Pin To Net: NetName=DIN Pin=J?-21
Added Pin To Net: NetName=CSa Pin=J?-22
Added Pin To Net: NetName=DOUT Pin=J?-23
Added Pin To Net: NetName=CSb Pin=J?-24
Added Pin To Net: NetName=CSc Pin=J?-26
