Change Component Designator: OldDesignator=FB? NewDesignator=FB1
Change Component Designator: OldDesignator=FB? NewDesignator=FB2
Added Component: Designator=R66(RESC2914X05N)
Add component. Clean all parameters for all variants
Add component (AddParameter): Name = "Category"; Value = "Resistor"; VariantName = "[No Variations]"
Add component (AddParameter): Name = "ComponentLink1Description"; Value = "Datasheet"; VariantName = "[No Variations]"
Add component (AddParameter): Name = "ComponentLink1URL"; Value = "http://www.farnell.com/datasheets/1635325.pdf?_ga=2.186296809.1345311335.1582205552-437978810.1505463394"; VariantName = "[No Variations]"
Add component (AddParameter): Name = "Manufacturer"; Value = "TE CONNECTIVITY"; VariantName = "[No Variations]"
Add component (AddParameter): Name = "Manufacturer Part Number"; Value = "RP73D2A158RBTG"; VariantName = "[No Variations]"
Add component (AddParameter): Name = "Number of pins"; Value = "2"; VariantName = "[No Variations]"
Add component (AddParameter): Name = "Package"; Value = "RESC2012X60N"; VariantName = "[No Variations]"
Add component (AddParameter): Name = "Power rating"; Value = "0.125 W"; VariantName = "[No Variations]"
Add component (AddParameter): Name = "Resistance"; Value = "158R"; VariantName = "[No Variations]"
Add component (AddParameter): Name = "Supplier1"; Value = "Farnell"; VariantName = "[No Variations]"
Add component (AddParameter): Name = "Supplier part number"; Value = "1502085"; VariantName = "[No Variations]"
Add component (AddParameter): Name = "Tolerance"; Value = "0.1%"; VariantName = "[No Variations]"
Add component (AddParameter): Name = "Type"; Value = "SMD"; VariantName = "[No Variations]"
Added Component: Designator=R67(RESC2914X05N)
Add component. Clean all parameters for all variants
Add component (AddParameter): Name = "Category"; Value = "Resistor"; VariantName = "[No Variations]"
Add component (AddParameter): Name = "ComponentLink1Description"; Value = "Datasheet"; VariantName = "[No Variations]"
Add component (AddParameter): Name = "ComponentLink1URL"; Value = "http://www.farnell.com/datasheets/2095297.pdf?_ga=2.177867877.1345311335.1582205552-437978810.1505463394"; VariantName = "[No Variations]"
Add component (AddParameter): Name = "Manufacturer"; Value = "TE CONNECTIVITY"; VariantName = "[No Variations]"
Add component (AddParameter): Name = "Manufacturer Part Number"; Value = "RN73C2A536RBTDF"; VariantName = "[No Variations]"
Add component (AddParameter): Name = "Number of pins"; Value = "2"; VariantName = "[No Variations]"
Add component (AddParameter): Name = "Package"; Value = "RESC2012X60N"; VariantName = "[No Variations]"
Add component (AddParameter): Name = "Power rating"; Value = "0.1 W"; VariantName = "[No Variations]"
Add component (AddParameter): Name = "Resistance"; Value = "536R"; VariantName = "[No Variations]"
Add component (AddParameter): Name = "Supplier1"; Value = "Farnell"; VariantName = "[No Variations]"
Add component (AddParameter): Name = "Supplier part number"; Value = "2613710"; VariantName = "[No Variations]"
Add component (AddParameter): Name = "Tolerance"; Value = "0.1%"; VariantName = "[No Variations]"
Add component (AddParameter): Name = "Type"; Value = "SMD"; VariantName = "[No Variations]"
Added Component: Designator=R68(RESC2914X05N)
Add component. Clean all parameters for all variants
Add component (AddParameter): Name = "Category"; Value = "Resistor"; VariantName = "[No Variations]"
Add component (AddParameter): Name = "ComponentLink1Description"; Value = "Datasheet"; VariantName = "[No Variations]"
Add component (AddParameter): Name = "ComponentLink1URL"; Value = "https://www.elfa.se/Web/Downloads/_t/ds/ERA-series_eng_tds.pdf?pid=30037513"; VariantName = "[No Variations]"
Add component (AddParameter): Name = "Manufacturer"; Value = "Panasonic"; VariantName = "[No Variations]"
Add component (AddParameter): Name = "Manufacturer Part Number"; Value = "ERA6AEB3321V"; VariantName = "[No Variations]"
Add component (AddParameter): Name = "Number of pins"; Value = "2"; VariantName = "[No Variations]"
Add component (AddParameter): Name = "Package"; Value = "RESC2012X60N"; VariantName = "[No Variations]"
Add component (AddParameter): Name = "Power rating"; Value = "0.125 W"; VariantName = "[No Variations]"
Add component (AddParameter): Name = "Resistance"; Value = "3k32"; VariantName = "[No Variations]"
Add component (AddParameter): Name = "Supplier1"; Value = "Elfa"; VariantName = "[No Variations]"
Add component (AddParameter): Name = "Supplier part number"; Value = "300-37-513"; VariantName = "[No Variations]"
Add component (AddParameter): Name = "Tolerance"; Value = "0.1%"; VariantName = "[No Variations]"
Add component (AddParameter): Name = "Type"; Value = "SMD"; VariantName = "[No Variations]"
Added Pin To Net: NetName=+12V Pin=C5-1
Added Pin To Net: NetName=+12V Pin=C15-2
Added Pin To Net: NetName=+12V Pin=C23-1
Added Pin To Net: NetName=+12V Pin=C24-2
Added Pin To Net: NetName=+12V Pin=C39-2
Added Pin To Net: NetName=+12V Pin=C42-2
Added Pin To Net: NetName=+12V Pin=C47-2
Added Pin To Net: NetName=+12V Pin=C50-2
Added Pin To Net: NetName=+12V Pin=L3-2
Added Pin To Net: NetName=+12V Pin=R11-2
Added Pin To Net: NetName=+12V Pin=R26-2
Added Pin To Net: NetName=+12V Pin=U1-1
Added Pin To Net: NetName=+12V Pin=U2-1
Added Pin To Net: NetName=+12V Pin=U6-7
Added Pin To Net: NetName=+12V Pin=U7-7
Added Pin To Net: NetName=+12V Pin=U8-7
Added Pin To Net: NetName=+12V Pin=U9-7
Added Net: Name=+12V
Added Pin To Net: NetName=-12V Pin=C25-1
Added Pin To Net: NetName=-12V Pin=C26-2
Added Pin To Net: NetName=-12V Pin=C35-2
Added Pin To Net: NetName=-12V Pin=C41-2
Added Pin To Net: NetName=-12V Pin=C43-2
Added Pin To Net: NetName=-12V Pin=C49-2
Added Pin To Net: NetName=-12V Pin=L4-2
Added Pin To Net: NetName=-12V Pin=U6-4
Added Pin To Net: NetName=-12V Pin=U7-4
Added Pin To Net: NetName=-12V Pin=U8-4
Added Pin To Net: NetName=-12V Pin=U9-4
Added Net: Name=-12V
Added Pin To Net: NetName=3.3Vm Pin=FB1-1
Added Net: Name=3.3Vm
Added Pin To Net: NetName=3V3 Pin=C34-2
Added Pin To Net: NetName=3V3 Pin=FB1-2
Added Pin To Net: NetName=3V3 Pin=L5-2
Added Pin To Net: NetName=3V3 Pin=R44-2
Added Pin To Net: NetName=3V3 Pin=ZD1-C
Added Net: Name=3V3
Added Pin To Net: NetName=5Vm Pin=FB2-1
Added Net: Name=5Vm
Added Pin To Net: NetName=5V Pin=*-2
Added Pin To Net: NetName=5V Pin=C30-2
Added Pin To Net: NetName=5V Pin=C31-2
Added Pin To Net: NetName=5V Pin=C33-2
Added Pin To Net: NetName=5V Pin=FB2-2
Added Pin To Net: NetName=5V Pin=R42-2
Added Pin To Net: NetName=5V Pin=U3-+Vin
Added Pin To Net: NetName=5V Pin=U5-1
Added Pin To Net: NetName=5V Pin=U5-4
Added Net: Name=5V
Added Pin To Net: NetName=A_GND Pin=C35-1
Added Pin To Net: NetName=A_GND Pin=C39-1
Added Pin To Net: NetName=A_GND Pin=C41-1
Added Pin To Net: NetName=A_GND Pin=C42-1
Added Pin To Net: NetName=A_GND Pin=C43-1
Added Pin To Net: NetName=A_GND Pin=C47-1
Added Pin To Net: NetName=A_GND Pin=C49-1
Added Pin To Net: NetName=A_GND Pin=C50-1
Added Pin To Net: NetName=A_GND Pin=C51-1
Added Pin To Net: NetName=A_GND Pin=C52-1
Added Pin To Net: NetName=A_GND Pin=C53-1
Added Pin To Net: NetName=A_GND Pin=C54-1
Added Pin To Net: NetName=A_GND Pin=C55-1
Added Pin To Net: NetName=A_GND Pin=C56-1
Added Pin To Net: NetName=A_GND Pin=C57-1
Added Pin To Net: NetName=A_GND Pin=C58-1
Added Pin To Net: NetName=A_GND Pin=C59-1
Added Pin To Net: NetName=A_GND Pin=C60-1
Added Pin To Net: NetName=A_GND Pin=C61-1
Added Pin To Net: NetName=A_GND Pin=C62-1
Added Pin To Net: NetName=A_GND Pin=R58-2
Added Pin To Net: NetName=A_GND Pin=R64-2
Added Pin To Net: NetName=A_GND Pin=U6-5
Added Pin To Net: NetName=A_GND Pin=U7-5
Added Pin To Net: NetName=A_GND Pin=U8-5
Added Pin To Net: NetName=A_GND Pin=U9-5
Added Pin To Net: NetName=A_GND Pin=U10-16
Added Pin To Net: NetName=A_GND Pin=U10-17
Added Pin To Net: NetName=A_GND Pin=U10-22
Added Pin To Net: NetName=A_GND Pin=U11-16
Added Pin To Net: NetName=A_GND Pin=U11-17
Added Pin To Net: NetName=A_GND Pin=U11-22
Added Net: Name=A_GND
Added Pin To Net: NetName=D_GND Pin=R65-1
Added Net: Name=D_GND
Added Pin To Net: NetName=EARTH Pin=C36-2
Added Pin To Net: NetName=EARTH Pin=C40-2
Added Pin To Net: NetName=EARTH Pin=C44-2
Added Pin To Net: NetName=EARTH Pin=C48-1
Added Net: Name=EARTH
Added Pin To Net: NetName=G1 Pin=R1-1
Added Pin To Net: NetName=G1 Pin=R2-1
Added Pin To Net: NetName=G1 Pin=R3-1
Added Pin To Net: NetName=G1 Pin=R4-1
Added Pin To Net: NetName=G1 Pin=U1-3
Added Net: Name=G1
Added Pin To Net: NetName=G2 Pin=R9-1
Added Pin To Net: NetName=G2 Pin=R10-1
Added Pin To Net: NetName=G2 Pin=R12-1
Added Pin To Net: NetName=G2 Pin=R13-1
Added Pin To Net: NetName=G2 Pin=U1-8
Added Net: Name=G2
Added Pin To Net: NetName=G3 Pin=R20-1
Added Pin To Net: NetName=G3 Pin=R21-1
Added Pin To Net: NetName=G3 Pin=R22-1
Added Pin To Net: NetName=G3 Pin=R23-1
Added Pin To Net: NetName=G3 Pin=U2-3
Added Net: Name=G3
Added Pin To Net: NetName=G4 Pin=R31-1
Added Pin To Net: NetName=G4 Pin=R32-1
Added Pin To Net: NetName=G4 Pin=R33-1
Added Pin To Net: NetName=G4 Pin=R34-1
Added Pin To Net: NetName=G4 Pin=U2-8
Added Net: Name=G4
Added Pin To Net: NetName=GND Pin=C5-2
Added Pin To Net: NetName=GND Pin=C15-1
Added Pin To Net: NetName=GND Pin=C23-2
Added Pin To Net: NetName=GND Pin=C24-1
Added Pin To Net: NetName=GND Pin=C25-2
Added Pin To Net: NetName=GND Pin=C26-1
Added Pin To Net: NetName=GND Pin=R14-1
Added Pin To Net: NetName=GND Pin=R19-1
Added Pin To Net: NetName=GND Pin=R29-1
Added Pin To Net: NetName=GND Pin=R30-1
Added Pin To Net: NetName=GND Pin=U1-7
Added Pin To Net: NetName=GND Pin=U2-7
Added Pin To Net: NetName=GND Pin=U3-0
Added Net: Name=GND
Added Pin To Net: NetName=HSa Pin=C8-1
Added Pin To Net: NetName=HSa Pin=C11-2
Added Pin To Net: NetName=HSa Pin=C12-2
Added Pin To Net: NetName=HSa Pin=D5-2
Added Pin To Net: NetName=HSa Pin=D6-2
Added Pin To Net: NetName=HSa Pin=L1-1
Added Pin To Net: NetName=HSa Pin=Q1-3
Added Pin To Net: NetName=HSa Pin=Q1-3
Added Pin To Net: NetName=HSa Pin=Q1-3
Added Pin To Net: NetName=HSa Pin=Q1-3
Added Pin To Net: NetName=HSa Pin=Q1-3
Added Pin To Net: NetName=HSa Pin=Q2-3
Added Pin To Net: NetName=HSa Pin=Q2-3
Added Pin To Net: NetName=HSa Pin=Q2-3
Added Pin To Net: NetName=HSa Pin=Q2-3
Added Pin To Net: NetName=HSa Pin=Q2-3
Added Pin To Net: NetName=HSa Pin=Q3-2
Added Pin To Net: NetName=HSa Pin=Q4-2
Added Pin To Net: NetName=HSa Pin=R5-1
Added Pin To Net: NetName=HSa Pin=R6-1
Added Pin To Net: NetName=HSa Pin=R7-1
Added Pin To Net: NetName=HSa Pin=R8-1
Added Pin To Net: NetName=HSa Pin=U1-4
Added Net: Name=HSa
Added Pin To Net: NetName=LSa Pin=R11-1
Added Pin To Net: NetName=LSa Pin=U1-6
Added Net: Name=LSa
Added Pin To Net: NetName=LSb Pin=R26-1
Added Pin To Net: NetName=LSb Pin=U2-6
Added Net: Name=LSb
Added Pin To Net: NetName=Net*_1 Pin=*-1
Added Pin To Net: NetName=Net*_1 Pin=C27-1
Added Pin To Net: NetName=Net*_1 Pin=U4-2
Added Net: Name=Net*_1
Added Pin To Net: NetName=NetC1_1 Pin=C1-1
Added Pin To Net: NetName=NetC1_1 Pin=R8-2
Added Net: Name=NetC1_1
Added Pin To Net: NetName=NetC2_1 Pin=C2-1
Added Pin To Net: NetName=NetC2_1 Pin=R7-2
Added Net: Name=NetC2_1
Added Pin To Net: NetName=NetC8_2 Pin=C8-2
Added Pin To Net: NetName=NetC8_2 Pin=U1-2
Added Net: Name=NetC8_2
Added Pin To Net: NetName=NetC11_1 Pin=C11-1
Added Pin To Net: NetName=NetC11_1 Pin=R15-2
Added Net: Name=NetC11_1
Added Pin To Net: NetName=NetC12_1 Pin=C12-1
Added Pin To Net: NetName=NetC12_1 Pin=R17-2
Added Net: Name=NetC12_1
Added Pin To Net: NetName=NetC13_1 Pin=C13-1
Added Pin To Net: NetName=NetC13_1 Pin=R27-2
Added Net: Name=NetC13_1
Added Pin To Net: NetName=NetC14_1 Pin=C14-1
Added Pin To Net: NetName=NetC14_1 Pin=R28-2
Added Net: Name=NetC14_1
Added Pin To Net: NetName=NetC16_1 Pin=C16-1
Added Pin To Net: NetName=NetC16_1 Pin=U2-4
Added Net: Name=NetC16_1
Added Pin To Net: NetName=NetC16_2 Pin=C16-2
Added Pin To Net: NetName=NetC16_2 Pin=U2-2
Added Net: Name=NetC16_2
Added Pin To Net: NetName=NetC21_1 Pin=C21-1
Added Pin To Net: NetName=NetC21_1 Pin=R37-2
Added Net: Name=NetC21_1
Added Pin To Net: NetName=NetC21_2 Pin=C21-2
Added Pin To Net: NetName=NetC21_2 Pin=C22-2
Added Pin To Net: NetName=NetC21_2 Pin=D17-2
Added Pin To Net: NetName=NetC21_2 Pin=D18-2
Added Pin To Net: NetName=NetC21_2 Pin=L2-1
Added Pin To Net: NetName=NetC21_2 Pin=Q5-3
Added Pin To Net: NetName=NetC21_2 Pin=Q5-3
Added Pin To Net: NetName=NetC21_2 Pin=Q5-3
Added Pin To Net: NetName=NetC21_2 Pin=Q5-3
Added Pin To Net: NetName=NetC21_2 Pin=Q5-3
Added Pin To Net: NetName=NetC21_2 Pin=Q6-3
Added Pin To Net: NetName=NetC21_2 Pin=Q6-3
Added Pin To Net: NetName=NetC21_2 Pin=Q6-3
Added Pin To Net: NetName=NetC21_2 Pin=Q6-3
Added Pin To Net: NetName=NetC21_2 Pin=Q6-3
Added Pin To Net: NetName=NetC21_2 Pin=Q7-2
Added Pin To Net: NetName=NetC21_2 Pin=Q8-2
Added Pin To Net: NetName=NetC21_2 Pin=R24-1
Added Pin To Net: NetName=NetC21_2 Pin=R25-1
Added Pin To Net: NetName=NetC21_2 Pin=R27-1
Added Pin To Net: NetName=NetC21_2 Pin=R28-1
Added Net: Name=NetC21_2
Added Pin To Net: NetName=NetC22_1 Pin=C22-1
Added Pin To Net: NetName=NetC22_1 Pin=R38-2
Added Net: Name=NetC22_1
Added Pin To Net: NetName=NetC27_2 Pin=C27-2
Added Pin To Net: NetName=NetC27_2 Pin=U4-6
Added Net: Name=NetC27_2
Added Pin To Net: NetName=NetC32_1 Pin=C32-1
Added Pin To Net: NetName=NetC32_1 Pin=R40-2
Added Pin To Net: NetName=NetC32_1 Pin=R41-1
Added Pin To Net: NetName=NetC32_1 Pin=U4-4
Added Net: Name=NetC32_1
Added Pin To Net: NetName=NetC32_2 Pin=C32-2
Added Pin To Net: NetName=NetC32_2 Pin=R41-2
Added Pin To Net: NetName=NetC32_2 Pin=R42-1
Added Net: Name=NetC32_2
Added Pin To Net: NetName=NetC36_1 Pin=C36-1
Added Pin To Net: NetName=NetC36_1 Pin=C37-2
Added Pin To Net: NetName=NetC36_1 Pin=LF1-1
Added Net: Name=NetC36_1
Added Pin To Net: NetName=NetC37_1 Pin=C37-1
Added Pin To Net: NetName=NetC37_1 Pin=C40-1
Added Pin To Net: NetName=NetC37_1 Pin=LF1-2
Added Net: Name=NetC37_1
Added Pin To Net: NetName=NetC38_1 Pin=C38-1
Added Pin To Net: NetName=NetC38_1 Pin=LF1-3
Added Pin To Net: NetName=NetC38_1 Pin=R47-1
Added Pin To Net: NetName=NetC38_1 Pin=R51-1
Added Pin To Net: NetName=NetC38_1 Pin=R54-1
Added Net: Name=NetC38_1
Added Pin To Net: NetName=NetC38_2 Pin=C38-2
Added Pin To Net: NetName=NetC38_2 Pin=LF1-4
Added Pin To Net: NetName=NetC38_2 Pin=R47-2
Added Pin To Net: NetName=NetC38_2 Pin=R49-1
Added Pin To Net: NetName=NetC38_2 Pin=R52-1
Added Net: Name=NetC38_2
Added Pin To Net: NetName=NetC44_1 Pin=C44-1
Added Pin To Net: NetName=NetC44_1 Pin=C45-2
Added Pin To Net: NetName=NetC44_1 Pin=LF2-1
Added Pin To Net: NetName=NetC44_1 Pin=RV1-2
Added Net: Name=NetC44_1
Added Pin To Net: NetName=NetC45_1 Pin=C45-1
Added Pin To Net: NetName=NetC45_1 Pin=C48-2
Added Pin To Net: NetName=NetC45_1 Pin=LF2-2
Added Pin To Net: NetName=NetC45_1 Pin=RV1-1
Added Net: Name=NetC45_1
Added Pin To Net: NetName=NetC46_1 Pin=C46-1
Added Pin To Net: NetName=NetC46_1 Pin=LF2-3
Added Pin To Net: NetName=NetC46_1 Pin=R48-1
Added Pin To Net: NetName=NetC46_1 Pin=R57-1
Added Pin To Net: NetName=NetC46_1 Pin=R59-2
Added Net: Name=NetC46_1
Added Pin To Net: NetName=NetC46_2 Pin=C46-2
Added Pin To Net: NetName=NetC46_2 Pin=LF2-4
Added Pin To Net: NetName=NetC46_2 Pin=R48-2
Added Pin To Net: NetName=NetC46_2 Pin=R55-1
Added Pin To Net: NetName=NetC46_2 Pin=R60-2
Added Net: Name=NetC46_2
Added Pin To Net: NetName=NetC51_2 Pin=C51-2
Added Pin To Net: NetName=NetC51_2 Pin=R49-2
Added Pin To Net: NetName=NetC51_2 Pin=U6-2
Added Net: Name=NetC51_2
Added Pin To Net: NetName=NetC52_2 Pin=C52-2
Added Pin To Net: NetName=NetC52_2 Pin=R50-2
Added Pin To Net: NetName=NetC52_2 Pin=U10-12
Added Net: Name=NetC52_2
Added Pin To Net: NetName=NetC53_2 Pin=C53-2
Added Pin To Net: NetName=NetC53_2 Pin=R51-2
Added Pin To Net: NetName=NetC53_2 Pin=U6-3
Added Net: Name=NetC53_2
Added Pin To Net: NetName=NetC54_2 Pin=C54-2
Added Pin To Net: NetName=NetC54_2 Pin=R52-2
Added Pin To Net: NetName=NetC54_2 Pin=U7-2
Added Net: Name=NetC54_2
Added Pin To Net: NetName=NetC55_2 Pin=C55-2
Added Pin To Net: NetName=NetC55_2 Pin=R54-2
Added Pin To Net: NetName=NetC55_2 Pin=U7-3
Added Net: Name=NetC55_2
Added Pin To Net: NetName=NetC56_2 Pin=C56-2
Added Pin To Net: NetName=NetC56_2 Pin=R53-2
Added Pin To Net: NetName=NetC56_2 Pin=U10-13
Added Net: Name=NetC56_2
Added Pin To Net: NetName=NetC57_2 Pin=C57-2
Added Pin To Net: NetName=NetC57_2 Pin=R55-2
Added Pin To Net: NetName=NetC57_2 Pin=U8-2
Added Net: Name=NetC57_2
Added Pin To Net: NetName=NetC58_2 Pin=C58-2
Added Pin To Net: NetName=NetC58_2 Pin=R56-2
Added Pin To Net: NetName=NetC58_2 Pin=U11-12
Added Net: Name=NetC58_2
Added Pin To Net: NetName=NetC59_2 Pin=C59-2
Added Pin To Net: NetName=NetC59_2 Pin=R57-2
Added Pin To Net: NetName=NetC59_2 Pin=U8-3
Added Net: Name=NetC59_2
Added Pin To Net: NetName=NetC60_2 Pin=C60-2
Added Pin To Net: NetName=NetC60_2 Pin=R58-1
Added Pin To Net: NetName=NetC60_2 Pin=R61-2
Added Pin To Net: NetName=NetC60_2 Pin=U9-2
Added Net: Name=NetC60_2
Added Pin To Net: NetName=NetC61_2 Pin=C61-2
Added Pin To Net: NetName=NetC61_2 Pin=R62-2
Added Pin To Net: NetName=NetC61_2 Pin=U11-13
Added Net: Name=NetC61_2
Added Pin To Net: NetName=NetC62_2 Pin=C62-2
Added Pin To Net: NetName=NetC62_2 Pin=R63-2
Added Pin To Net: NetName=NetC62_2 Pin=R64-1
Added Pin To Net: NetName=NetC62_2 Pin=U9-3
Added Net: Name=NetC62_2
Added Pin To Net: NetName=NetD1_1 Pin=D1-1
Added Pin To Net: NetName=NetD1_1 Pin=D4-2
Added Pin To Net: NetName=NetD1_1 Pin=Q2-1
Added Pin To Net: NetName=NetD1_1 Pin=R3-2
Added Pin To Net: NetName=NetD1_1 Pin=R5-2
Added Net: Name=NetD1_1
Added Pin To Net: NetName=NetD1_2 Pin=D1-2
Added Pin To Net: NetName=NetD1_2 Pin=R1-2
Added Net: Name=NetD1_2
Added Pin To Net: NetName=NetD2_1 Pin=D2-1
Added Pin To Net: NetName=NetD2_1 Pin=D3-2
Added Pin To Net: NetName=NetD2_1 Pin=Q1-1
Added Pin To Net: NetName=NetD2_1 Pin=R4-2
Added Pin To Net: NetName=NetD2_1 Pin=R6-2
Added Net: Name=NetD2_1
Added Pin To Net: NetName=NetD2_2 Pin=D2-2
Added Pin To Net: NetName=NetD2_2 Pin=R2-2
Added Net: Name=NetD2_2
Added Pin To Net: NetName=NetD3_1 Pin=D3-1
Added Pin To Net: NetName=NetD3_1 Pin=D5-1
Added Net: Name=NetD3_1
Added Pin To Net: NetName=NetD4_1 Pin=D4-1
Added Pin To Net: NetName=NetD4_1 Pin=D6-1
Added Net: Name=NetD4_1
Added Pin To Net: NetName=NetD7_1 Pin=D7-1
Added Pin To Net: NetName=NetD7_1 Pin=D9-2
Added Pin To Net: NetName=NetD7_1 Pin=Q3-1
Added Pin To Net: NetName=NetD7_1 Pin=R12-2
Added Pin To Net: NetName=NetD7_1 Pin=R16-2
Added Net: Name=NetD7_1
Added Pin To Net: NetName=NetD7_2 Pin=D7-2
Added Pin To Net: NetName=NetD7_2 Pin=R9-2
Added Net: Name=NetD7_2
Added Pin To Net: NetName=NetD8_1 Pin=D8-1
Added Pin To Net: NetName=NetD8_1 Pin=D10-2
Added Pin To Net: NetName=NetD8_1 Pin=Q4-1
Added Pin To Net: NetName=NetD8_1 Pin=R13-2
Added Pin To Net: NetName=NetD8_1 Pin=R18-2
Added Net: Name=NetD8_1
Added Pin To Net: NetName=NetD8_2 Pin=D8-2
Added Pin To Net: NetName=NetD8_2 Pin=R10-2
Added Net: Name=NetD8_2
Added Pin To Net: NetName=NetD9_1 Pin=D9-1
Added Pin To Net: NetName=NetD9_1 Pin=D11-1
Added Net: Name=NetD9_1
Added Pin To Net: NetName=NetD10_1 Pin=D10-1
Added Pin To Net: NetName=NetD10_1 Pin=D12-1
Added Net: Name=NetD10_1
Added Pin To Net: NetName=NetD13_1 Pin=D13-1
Added Pin To Net: NetName=NetD13_1 Pin=D15-2
Added Pin To Net: NetName=NetD13_1 Pin=Q5-1
Added Pin To Net: NetName=NetD13_1 Pin=R22-2
Added Pin To Net: NetName=NetD13_1 Pin=R24-2
Added Net: Name=NetD13_1
Added Pin To Net: NetName=NetD13_2 Pin=D13-2
Added Pin To Net: NetName=NetD13_2 Pin=R20-2
Added Net: Name=NetD13_2
Added Pin To Net: NetName=NetD14_1 Pin=D14-1
Added Pin To Net: NetName=NetD14_1 Pin=D16-2
Added Pin To Net: NetName=NetD14_1 Pin=Q6-1
Added Pin To Net: NetName=NetD14_1 Pin=R23-2
Added Pin To Net: NetName=NetD14_1 Pin=R25-2
Added Net: Name=NetD14_1
Added Pin To Net: NetName=NetD14_2 Pin=D14-2
Added Pin To Net: NetName=NetD14_2 Pin=R21-2
Added Net: Name=NetD14_2
Added Pin To Net: NetName=NetD15_1 Pin=D15-1
Added Pin To Net: NetName=NetD15_1 Pin=D17-1
Added Net: Name=NetD15_1
Added Pin To Net: NetName=NetD16_1 Pin=D16-1
Added Pin To Net: NetName=NetD16_1 Pin=D18-1
Added Net: Name=NetD16_1
Added Pin To Net: NetName=NetD19_1 Pin=D19-1
Added Pin To Net: NetName=NetD19_1 Pin=D21-2
Added Pin To Net: NetName=NetD19_1 Pin=Q7-1
Added Pin To Net: NetName=NetD19_1 Pin=R33-2
Added Pin To Net: NetName=NetD19_1 Pin=R35-2
Added Net: Name=NetD19_1
Added Pin To Net: NetName=NetD19_2 Pin=D19-2
Added Pin To Net: NetName=NetD19_2 Pin=R31-2
Added Net: Name=NetD19_2
Added Pin To Net: NetName=NetD20_1 Pin=D20-1
Added Pin To Net: NetName=NetD20_1 Pin=D22-2
Added Pin To Net: NetName=NetD20_1 Pin=Q8-1
Added Pin To Net: NetName=NetD20_1 Pin=R34-2
Added Pin To Net: NetName=NetD20_1 Pin=R36-2
Added Net: Name=NetD20_1
Added Pin To Net: NetName=NetD20_2 Pin=D20-2
Added Pin To Net: NetName=NetD20_2 Pin=R32-2
Added Net: Name=NetD20_2
Added Pin To Net: NetName=NetD21_1 Pin=D21-1
Added Pin To Net: NetName=NetD21_1 Pin=D23-1
Added Net: Name=NetD21_1
Added Pin To Net: NetName=NetD22_1 Pin=D22-1
Added Pin To Net: NetName=NetD22_1 Pin=D24-1
Added Net: Name=NetD22_1
Added Pin To Net: NetName=NetL3_1 Pin=L3-1
Added Pin To Net: NetName=NetL3_1 Pin=U3-+Vout
Added Net: Name=NetL3_1
Added Pin To Net: NetName=NetL4_1 Pin=L4-1
Added Pin To Net: NetName=NetL4_1 Pin=U3--Vout
Added Net: Name=NetL4_1
Added Pin To Net: NetName=NetL5_1 Pin=L5-1
Added Pin To Net: NetName=NetL5_1 Pin=U5-3
Added Net: Name=NetL5_1
Added Pin To Net: NetName=NetR39_I2 Pin=R39-I2
Added Pin To Net: NetName=NetR39_I2 Pin=T1-1
Added Net: Name=NetR39_I2
Added Pin To Net: NetName=NetR43_2 Pin=R43-2
Added Pin To Net: NetName=NetR43_2 Pin=R44-1
Added Pin To Net: NetName=NetR43_2 Pin=U5-5
Added Net: Name=NetR43_2
Added Pin To Net: NetName=NetR50_1 Pin=R50-1
Added Pin To Net: NetName=NetR50_1 Pin=U6-6
Added Net: Name=NetR50_1
Added Pin To Net: NetName=NetR53_1 Pin=R53-1
Added Pin To Net: NetName=NetR53_1 Pin=U7-6
Added Net: Name=NetR53_1
Added Pin To Net: NetName=NetR56_1 Pin=R56-1
Added Pin To Net: NetName=NetR56_1 Pin=U8-6
Added Net: Name=NetR56_1
Added Pin To Net: NetName=NetR59_1 Pin=R59-1
Added Pin To Net: NetName=NetR59_1 Pin=R63-1
Added Net: Name=NetR59_1
Added Pin To Net: NetName=NetR60_1 Pin=R60-1
Added Pin To Net: NetName=NetR60_1 Pin=R61-1
Added Net: Name=NetR60_1
Added Pin To Net: NetName=NetR62_1 Pin=R62-1
Added Pin To Net: NetName=NetR62_1 Pin=U9-6
Added Net: Name=NetR62_1
Added Pin To Net: NetName=NetR66_1 Pin=R66-1
Added Pin To Net: NetName=NetR66_1 Pin=U6-1
Added Net: Name=NetR66_1
Added Pin To Net: NetName=NetR66_2 Pin=R66-2
Added Pin To Net: NetName=NetR66_2 Pin=U6-8
Added Net: Name=NetR66_2
Added Pin To Net: NetName=NetR67_1 Pin=R67-1
Added Pin To Net: NetName=NetR67_1 Pin=U7-1
Added Net: Name=NetR67_1
Added Pin To Net: NetName=NetR67_2 Pin=R67-2
Added Pin To Net: NetName=NetR67_2 Pin=U7-8
Added Net: Name=NetR67_2
Added Pin To Net: NetName=NetR68_1 Pin=R68-1
Added Pin To Net: NetName=NetR68_1 Pin=U8-1
Added Net: Name=NetR68_1
Added Pin To Net: NetName=NetR68_2 Pin=R68-2
Added Pin To Net: NetName=NetR68_2 Pin=U8-8
Added Net: Name=NetR68_2
Added Pin To Net: NetName=P_GND Pin=C3-2
Added Pin To Net: NetName=P_GND Pin=C4-2
Added Pin To Net: NetName=P_GND Pin=C6-2
Added Pin To Net: NetName=P_GND Pin=C7-2
Added Pin To Net: NetName=P_GND Pin=C9-1
Added Pin To Net: NetName=P_GND Pin=C10-1
Added Pin To Net: NetName=P_GND Pin=C17-2
Added Pin To Net: NetName=P_GND Pin=C18-2
Added Pin To Net: NetName=P_GND Pin=C19-1
Added Pin To Net: NetName=P_GND Pin=C20-1
Added Pin To Net: NetName=P_GND Pin=C28-1
Added Pin To Net: NetName=P_GND Pin=C29-1
Added Pin To Net: NetName=P_GND Pin=C30-1
Added Pin To Net: NetName=P_GND Pin=C31-1
Added Pin To Net: NetName=P_GND Pin=C33-1
Added Pin To Net: NetName=P_GND Pin=C34-1
Added Pin To Net: NetName=P_GND Pin=D11-2
Added Pin To Net: NetName=P_GND Pin=D12-2
Added Pin To Net: NetName=P_GND Pin=D23-2
Added Pin To Net: NetName=P_GND Pin=D24-2
Added Pin To Net: NetName=P_GND Pin=Q3-3
Added Pin To Net: NetName=P_GND Pin=Q3-3
Added Pin To Net: NetName=P_GND Pin=Q3-3
Added Pin To Net: NetName=P_GND Pin=Q3-3
Added Pin To Net: NetName=P_GND Pin=Q3-3
Added Pin To Net: NetName=P_GND Pin=Q4-3
Added Pin To Net: NetName=P_GND Pin=Q4-3
Added Pin To Net: NetName=P_GND Pin=Q4-3
Added Pin To Net: NetName=P_GND Pin=Q4-3
Added Pin To Net: NetName=P_GND Pin=Q4-3
Added Pin To Net: NetName=P_GND Pin=Q7-3
Added Pin To Net: NetName=P_GND Pin=Q7-3
Added Pin To Net: NetName=P_GND Pin=Q7-3
Added Pin To Net: NetName=P_GND Pin=Q7-3
Added Pin To Net: NetName=P_GND Pin=Q7-3
Added Pin To Net: NetName=P_GND Pin=Q8-3
Added Pin To Net: NetName=P_GND Pin=Q8-3
Added Pin To Net: NetName=P_GND Pin=Q8-3
Added Pin To Net: NetName=P_GND Pin=Q8-3
Added Pin To Net: NetName=P_GND Pin=Q8-3
Added Pin To Net: NetName=P_GND Pin=R15-1
Added Pin To Net: NetName=P_GND Pin=R16-1
Added Pin To Net: NetName=P_GND Pin=R17-1
Added Pin To Net: NetName=P_GND Pin=R18-1
Added Pin To Net: NetName=P_GND Pin=R19-2
Added Pin To Net: NetName=P_GND Pin=R30-2
Added Pin To Net: NetName=P_GND Pin=R35-1
Added Pin To Net: NetName=P_GND Pin=R36-1
Added Pin To Net: NetName=P_GND Pin=R37-1
Added Pin To Net: NetName=P_GND Pin=R38-1
Added Pin To Net: NetName=P_GND Pin=R40-1
Added Pin To Net: NetName=P_GND Pin=R43-1
Added Pin To Net: NetName=P_GND Pin=R65-2
Added Pin To Net: NetName=P_GND Pin=T2-1
Added Pin To Net: NetName=P_GND Pin=U3--Vin
Added Pin To Net: NetName=P_GND Pin=U4-1
Added Pin To Net: NetName=P_GND Pin=U5-2
Added Pin To Net: NetName=P_GND Pin=ZD1-A
Added Net: Name=P_GND
Added Pin To Net: NetName=PWMa Pin=R14-2
Added Pin To Net: NetName=PWMa Pin=R45-2
Added Pin To Net: NetName=PWMa Pin=U1-5
Added Net: Name=PWMa
Added Pin To Net: NetName=PWMb Pin=R29-2
Added Pin To Net: NetName=PWMb Pin=R45-1
Added Pin To Net: NetName=PWMb Pin=R46-2
Added Pin To Net: NetName=PWMb Pin=U2-5
Added Net: Name=PWMb
Added Pin To Net: NetName=Shunt+ Pin=R39-U1
Added Net: Name=Shunt+
Added Pin To Net: NetName=Shunt- Pin=R39-U2
Added Net: Name=Shunt-
Added Pin To Net: NetName=Vbat Pin=C1-2
Added Pin To Net: NetName=Vbat Pin=C2-2
Added Pin To Net: NetName=Vbat Pin=C3-1
Added Pin To Net: NetName=Vbat Pin=C4-1
Added Pin To Net: NetName=Vbat Pin=C13-2
Added Pin To Net: NetName=Vbat Pin=C14-2
Added Pin To Net: NetName=Vbat Pin=C28-2
Added Pin To Net: NetName=Vbat Pin=C29-2
Added Pin To Net: NetName=Vbat Pin=Q1-2
Added Pin To Net: NetName=Vbat Pin=Q2-2
Added Pin To Net: NetName=Vbat Pin=Q5-2
Added Pin To Net: NetName=Vbat Pin=Q6-2
Added Pin To Net: NetName=Vbat Pin=U4-3
Added Net: Name=Vbat
Added Pin To Net: NetName=Vout+ Pin=C6-1
Added Pin To Net: NetName=Vout+ Pin=C7-1
Added Pin To Net: NetName=Vout+ Pin=C9-2
Added Pin To Net: NetName=Vout+ Pin=C10-2
Added Pin To Net: NetName=Vout+ Pin=C17-1
Added Pin To Net: NetName=Vout+ Pin=C18-1
Added Pin To Net: NetName=Vout+ Pin=C19-2
Added Pin To Net: NetName=Vout+ Pin=C20-2
Added Pin To Net: NetName=Vout+ Pin=L1-2
Added Pin To Net: NetName=Vout+ Pin=L2-2
Added Pin To Net: NetName=Vout+ Pin=R39-I1
Added Net: Name=Vout+
